<!DOCTYPE html>
<html>
  <head>
    <meta charset="utf-8"/>
    <title>Test Report</title>
    <link href="assets/style.css" rel="stylesheet" type="text/css"/></head>
  <body onLoad="init()">
    <script>/* This Source Code Form is subject to the terms of the Mozilla Public
 * License, v. 2.0. If a copy of the MPL was not distributed with this file,
 * You can obtain one at http://mozilla.org/MPL/2.0/. */


function toArray(iter) {
    if (iter === null) {
        return null;
    }
    return Array.prototype.slice.call(iter);
}

function find(selector, elem) { // eslint-disable-line no-redeclare
    if (!elem) {
        elem = document;
    }
    return elem.querySelector(selector);
}

function findAll(selector, elem) {
    if (!elem) {
        elem = document;
    }
    return toArray(elem.querySelectorAll(selector));
}

function sortColumn(elem) {
    toggleSortStates(elem);
    const colIndex = toArray(elem.parentNode.childNodes).indexOf(elem);
    let key;
    if (elem.classList.contains('result')) {
        key = keyResult;
    } else if (elem.classList.contains('links')) {
        key = keyLink;
    } else {
        key = keyAlpha;
    }
    sortTable(elem, key(colIndex));
}

function showAllExtras() { // eslint-disable-line no-unused-vars
    findAll('.col-result').forEach(showExtras);
}

function hideAllExtras() { // eslint-disable-line no-unused-vars
    findAll('.col-result').forEach(hideExtras);
}

function showExtras(colresultElem) {
    const extras = colresultElem.parentNode.nextElementSibling;
    const expandcollapse = colresultElem.firstElementChild;
    extras.classList.remove('collapsed');
    expandcollapse.classList.remove('expander');
    expandcollapse.classList.add('collapser');
}

function hideExtras(colresultElem) {
    const extras = colresultElem.parentNode.nextElementSibling;
    const expandcollapse = colresultElem.firstElementChild;
    extras.classList.add('collapsed');
    expandcollapse.classList.remove('collapser');
    expandcollapse.classList.add('expander');
}

function showFilters() {
    const filterItems = document.getElementsByClassName('filter');
    for (let i = 0; i < filterItems.length; i++)
        filterItems[i].hidden = false;
}

function addCollapse() {
    // Add links for show/hide all
    const resulttable = find('table#results-table');
    const showhideall = document.createElement('p');
    showhideall.innerHTML = '<a href="javascript:showAllExtras()">Show all details</a> / ' +
                            '<a href="javascript:hideAllExtras()">Hide all details</a>';
    resulttable.parentElement.insertBefore(showhideall, resulttable);

    // Add show/hide link to each result
    findAll('.col-result').forEach(function(elem) {
        const collapsed = getQueryParameter('collapsed') || 'Passed';
        const extras = elem.parentNode.nextElementSibling;
        const expandcollapse = document.createElement('span');
        if (extras.classList.contains('collapsed')) {
            expandcollapse.classList.add('expander');
        } else if (collapsed.includes(elem.innerHTML)) {
            extras.classList.add('collapsed');
            expandcollapse.classList.add('expander');
        } else {
            expandcollapse.classList.add('collapser');
        }
        elem.appendChild(expandcollapse);

        elem.addEventListener('click', function(event) {
            if (event.currentTarget.parentNode.nextElementSibling.classList.contains('collapsed')) {
                showExtras(event.currentTarget);
            } else {
                hideExtras(event.currentTarget);
            }
        });
    });
}

function getQueryParameter(name) {
    const match = RegExp('[?&]' + name + '=([^&]*)').exec(window.location.search);
    return match && decodeURIComponent(match[1].replace(/\+/g, ' '));
}

function init () { // eslint-disable-line no-unused-vars
    resetSortHeaders();

    addCollapse();

    showFilters();

    sortColumn(find('.initial-sort'));

    findAll('.sortable').forEach(function(elem) {
        elem.addEventListener('click',
            function() {
                sortColumn(elem);
            }, false);
    });
}

function sortTable(clicked, keyFunc) {
    const rows = findAll('.results-table-row');
    const reversed = !clicked.classList.contains('asc');
    const sortedRows = sort(rows, keyFunc, reversed);
    /* Whole table is removed here because browsers acts much slower
     * when appending existing elements.
     */
    const thead = document.getElementById('results-table-head');
    document.getElementById('results-table').remove();
    const parent = document.createElement('table');
    parent.id = 'results-table';
    parent.appendChild(thead);
    sortedRows.forEach(function(elem) {
        parent.appendChild(elem);
    });
    document.getElementsByTagName('BODY')[0].appendChild(parent);
}

function sort(items, keyFunc, reversed) {
    const sortArray = items.map(function(item, i) {
        return [keyFunc(item), i];
    });

    sortArray.sort(function(a, b) {
        const keyA = a[0];
        const keyB = b[0];

        if (keyA == keyB) return 0;

        if (reversed) {
            return keyA < keyB ? 1 : -1;
        } else {
            return keyA > keyB ? 1 : -1;
        }
    });

    return sortArray.map(function(item) {
        const index = item[1];
        return items[index];
    });
}

function keyAlpha(colIndex) {
    return function(elem) {
        return elem.childNodes[1].childNodes[colIndex].firstChild.data.toLowerCase();
    };
}

function keyLink(colIndex) {
    return function(elem) {
        const dataCell = elem.childNodes[1].childNodes[colIndex].firstChild;
        return dataCell == null ? '' : dataCell.innerText.toLowerCase();
    };
}

function keyResult(colIndex) {
    return function(elem) {
        const strings = ['Error', 'Failed', 'Rerun', 'XFailed', 'XPassed',
            'Skipped', 'Passed'];
        return strings.indexOf(elem.childNodes[1].childNodes[colIndex].firstChild.data);
    };
}

function resetSortHeaders() {
    findAll('.sort-icon').forEach(function(elem) {
        elem.parentNode.removeChild(elem);
    });
    findAll('.sortable').forEach(function(elem) {
        const icon = document.createElement('div');
        icon.className = 'sort-icon';
        icon.textContent = 'vvv';
        elem.insertBefore(icon, elem.firstChild);
        elem.classList.remove('desc', 'active');
        elem.classList.add('asc', 'inactive');
    });
}

function toggleSortStates(elem) {
    //if active, toggle between asc and desc
    if (elem.classList.contains('active')) {
        elem.classList.toggle('asc');
        elem.classList.toggle('desc');
    }

    //if inactive, reset all other functions and add ascending active
    if (elem.classList.contains('inactive')) {
        resetSortHeaders();
        elem.classList.remove('inactive');
        elem.classList.add('active');
    }
}

function isAllRowsHidden(value) {
    return value.hidden == false;
}

function filterTable(elem) { // eslint-disable-line no-unused-vars
    const outcomeAtt = 'data-test-result';
    const outcome = elem.getAttribute(outcomeAtt);
    const classOutcome = outcome + ' results-table-row';
    const outcomeRows = document.getElementsByClassName(classOutcome);

    for(let i = 0; i < outcomeRows.length; i++){
        outcomeRows[i].hidden = !elem.checked;
    }

    const rows = findAll('.results-table-row').filter(isAllRowsHidden);
    const allRowsHidden = rows.length == 0 ? true : false;
    const notFoundMessage = document.getElementById('not-found-message');
    notFoundMessage.hidden = !allRowsHidden;
}
</script>
    <h1>report.html</h1>
    <p>Report generated on 28-Apr-2022 at 13:13:27 by <a href="https://pypi.python.org/pypi/pytest-html">pytest-html</a> v3.1.1</p>
    <h2>Environment</h2>
    <table id="environment">
      <tr>
        <td>JAVA_HOME</td>
        <td>/Library/Java/JavaVirtualMachines/adoptopenjdk-11.jdk/Contents/Home</td></tr>
      <tr>
        <td>Packages</td>
        <td>{"pluggy": "1.0.0", "py": "1.11.0", "pytest": "7.0.1"}</td></tr>
      <tr>
        <td>Platform</td>
        <td>macOS-12.3.1-x86_64-i386-64bit</td></tr>
      <tr>
        <td>Plugins</td>
        <td>{"html": "3.1.1", "metadata": "2.0.1", "order": "1.0.1"}</td></tr>
      <tr>
        <td>Python</td>
        <td>3.9.10</td></tr></table>
    <h2>Summary</h2>
    <p>89 tests ran in 146.08 seconds. </p>
    <p class="filter" hidden="true">(Un)check the boxes to filter the results.</p><input checked="true" class="filter" data-test-result="passed" hidden="true" name="filter_checkbox" onChange="filterTable(this)" type="checkbox"/><span class="passed">82 passed</span>, <input checked="true" class="filter" data-test-result="skipped" hidden="true" name="filter_checkbox" onChange="filterTable(this)" type="checkbox"/><span class="skipped">1 skipped</span>, <input checked="true" class="filter" data-test-result="failed" hidden="true" name="filter_checkbox" onChange="filterTable(this)" type="checkbox"/><span class="failed">6 failed</span>, <input checked="true" class="filter" data-test-result="error" disabled="true" hidden="true" name="filter_checkbox" onChange="filterTable(this)" type="checkbox"/><span class="error">0 errors</span>, <input checked="true" class="filter" data-test-result="xfailed" hidden="true" name="filter_checkbox" onChange="filterTable(this)" type="checkbox"/><span class="xfailed">1 expected failures</span>, <input checked="true" class="filter" data-test-result="xpassed" disabled="true" hidden="true" name="filter_checkbox" onChange="filterTable(this)" type="checkbox"/><span class="xpassed">0 unexpected passes</span>
    <h2>Results</h2>
    <table id="results-table">
      <thead id="results-table-head">
        <tr>
          <th class="sortable result initial-sort" col="result">Result</th>
          <th class="sortable" col="name">Test</th>
          <th class="sortable" col="duration">Duration</th>
          <th class="sortable links" col="links">Links</th></tr>
        <tr hidden="true" id="not-found-message">
          <th colspan="4">No results found. Try to check the filters</th></tr></thead>
      <tbody class="failed results-table-row">
        <tr>
          <td class="col-result">Failed</td>
          <td class="col-name">tests/automated/Automation/test_2signup.py::TestSignup::test_click_on_login_button_to_go_back_to_login_page</td>
          <td class="col-duration">4.11</td>
          <td class="col-links"></td></tr>
        <tr>
          <td class="extra" colspan="4">
            <div class="log">self = &lt;Automation.test_2signup.TestSignup object at 0x105a270a0&gt;<br/><br/>    def test_click_on_login_button_to_go_back_to_login_page(self):<br/>        back_to_login_text = funtion.driver.find_element(By.XPATH, &quot;//a[normalize-space()=&#x27;Login&#x27;]&quot;)<br/>        funtion.driver.execute_script(&quot;arguments[0].scrollIntoView()&quot;, back_to_login_text)<br/>        time.sleep(3)<br/>        wait = WebDriverWait(funtion.driver, 10)<br/>&gt;       wait.until(EC.element_to_be_clickable(back_to_login_text)).click()<br/><br/>tests/automated/Automation/test_2signup.py:167: <br/>_ _ _ _ _ _ _ _ _ _ _ _ _ _ _ _ _ _ _ _ _ _ _ _ _ _ _ _ _ _ _ _ _ _ _ _ _ _ _ _ <br/>/usr/local/lib/python3.9/site-packages/selenium/webdriver/remote/webelement.py:81: in click<br/>    self._execute(Command.CLICK_ELEMENT)<br/>/usr/local/lib/python3.9/site-packages/selenium/webdriver/remote/webelement.py:710: in _execute<br/>    return self._parent.execute(command, params)<br/>/usr/local/lib/python3.9/site-packages/selenium/webdriver/remote/webdriver.py:424: in execute<br/>    self.error_handler.check_response(response)<br/>_ _ _ _ _ _ _ _ _ _ _ _ _ _ _ _ _ _ _ _ _ _ _ _ _ _ _ _ _ _ _ _ _ _ _ _ _ _ _ _ <br/><br/>self = &lt;selenium.webdriver.remote.errorhandler.ErrorHandler object at 0x10596ebe0&gt;<br/>response = {&#x27;status&#x27;: 400, &#x27;value&#x27;: &#x27;{&quot;value&quot;:{&quot;error&quot;:&quot;element click intercepted&quot;,&quot;message&quot;:&quot;element click intercepted: Element ...ff8187b84e1 _pthread_start + 125\\n24  libsystem_pthread.dylib             0x00007ff8187b3f6b thread_start + 15\\n&quot;}}&#x27;}<br/><br/>    def check_response(self, response: Dict[str, Any]) -&gt; None:<br/>        &quot;&quot;&quot;<br/>        Checks that a JSON response from the WebDriver does not have an error.<br/>    <br/>        :Args:<br/>         - response - The JSON response from the WebDriver server as a dictionary<br/>           object.<br/>    <br/>        :Raises: If the response contains an error message.<br/>        &quot;&quot;&quot;<br/>        status = response.get(&#x27;status&#x27;, None)<br/>        if not status or status == ErrorCode.SUCCESS:<br/>            return<br/>        value = None<br/>        message = response.get(&quot;message&quot;, &quot;&quot;)<br/>        screen: str = response.get(&quot;screen&quot;, &quot;&quot;)<br/>        stacktrace = None<br/>        if isinstance(status, int):<br/>            value_json = response.get(&#x27;value&#x27;, None)<br/>            if value_json and isinstance(value_json, str):<br/>                import json<br/>                try:<br/>                    value = json.loads(value_json)<br/>                    if len(value.keys()) == 1:<br/>                        value = value[&#x27;value&#x27;]<br/>                    status = value.get(&#x27;error&#x27;, None)<br/>                    if not status:<br/>                        status = value.get(&quot;status&quot;, ErrorCode.UNKNOWN_ERROR)<br/>                        message = value.get(&quot;value&quot;) or value.get(&quot;message&quot;)<br/>                        if not isinstance(message, str):<br/>                            value = message<br/>                            message = message.get(&#x27;message&#x27;)<br/>                    else:<br/>                        message = value.get(&#x27;message&#x27;, None)<br/>                except ValueError:<br/>                    pass<br/>    <br/>        exception_class: Type[WebDriverException]<br/>        if status in ErrorCode.NO_SUCH_ELEMENT:<br/>            exception_class = NoSuchElementException<br/>        elif status in ErrorCode.NO_SUCH_FRAME:<br/>            exception_class = NoSuchFrameException<br/>        elif status in ErrorCode.NO_SUCH_SHADOW_ROOT:<br/>            exception_class = NoSuchShadowRootException<br/>        elif status in ErrorCode.NO_SUCH_WINDOW:<br/>            exception_class = NoSuchWindowException<br/>        elif status in ErrorCode.STALE_ELEMENT_REFERENCE:<br/>            exception_class = StaleElementReferenceException<br/>        elif status in ErrorCode.ELEMENT_NOT_VISIBLE:<br/>            exception_class = ElementNotVisibleException<br/>        elif status in ErrorCode.INVALID_ELEMENT_STATE:<br/>            exception_class = InvalidElementStateException<br/>        elif status in ErrorCode.INVALID_SELECTOR \<br/>                or status in ErrorCode.INVALID_XPATH_SELECTOR \<br/>                or status in ErrorCode.INVALID_XPATH_SELECTOR_RETURN_TYPER:<br/>            exception_class = InvalidSelectorException<br/>        elif status in ErrorCode.ELEMENT_IS_NOT_SELECTABLE:<br/>            exception_class = ElementNotSelectableException<br/>        elif status in ErrorCode.ELEMENT_NOT_INTERACTABLE:<br/>            exception_class = ElementNotInteractableException<br/>        elif status in ErrorCode.INVALID_COOKIE_DOMAIN:<br/>            exception_class = InvalidCookieDomainException<br/>        elif status in ErrorCode.UNABLE_TO_SET_COOKIE:<br/>            exception_class = UnableToSetCookieException<br/>        elif status in ErrorCode.TIMEOUT:<br/>            exception_class = TimeoutException<br/>        elif status in ErrorCode.SCRIPT_TIMEOUT:<br/>            exception_class = TimeoutException<br/>        elif status in ErrorCode.UNKNOWN_ERROR:<br/>            exception_class = WebDriverException<br/>        elif status in ErrorCode.UNEXPECTED_ALERT_OPEN:<br/>            exception_class = UnexpectedAlertPresentException<br/>        elif status in ErrorCode.NO_ALERT_OPEN:<br/>            exception_class = NoAlertPresentException<br/>        elif status in ErrorCode.IME_NOT_AVAILABLE:<br/>            exception_class = ImeNotAvailableException<br/>        elif status in ErrorCode.IME_ENGINE_ACTIVATION_FAILED:<br/>            exception_class = ImeActivationFailedException<br/>        elif status in ErrorCode.MOVE_TARGET_OUT_OF_BOUNDS:<br/>            exception_class = MoveTargetOutOfBoundsException<br/>        elif status in ErrorCode.JAVASCRIPT_ERROR:<br/>            exception_class = JavascriptException<br/>        elif status in ErrorCode.SESSION_NOT_CREATED:<br/>            exception_class = SessionNotCreatedException<br/>        elif status in ErrorCode.INVALID_ARGUMENT:<br/>            exception_class = InvalidArgumentException<br/>        elif status in ErrorCode.NO_SUCH_COOKIE:<br/>            exception_class = NoSuchCookieException<br/>        elif status in ErrorCode.UNABLE_TO_CAPTURE_SCREEN:<br/>            exception_class = ScreenshotException<br/>        elif status in ErrorCode.ELEMENT_CLICK_INTERCEPTED:<br/>            exception_class = ElementClickInterceptedException<br/>        elif status in ErrorCode.INSECURE_CERTIFICATE:<br/>            exception_class = InsecureCertificateException<br/>        elif status in ErrorCode.INVALID_COORDINATES:<br/>            exception_class = InvalidCoordinatesException<br/>        elif status in ErrorCode.INVALID_SESSION_ID:<br/>            exception_class = InvalidSessionIdException<br/>        elif status in ErrorCode.UNKNOWN_METHOD:<br/>            exception_class = UnknownMethodException<br/>        else:<br/>            exception_class = WebDriverException<br/>        if not value:<br/>            value = response[&#x27;value&#x27;]<br/>        if isinstance(value, str):<br/>            raise exception_class(value)<br/>        if message == &quot;&quot; and &#x27;message&#x27; in value:<br/>            message = value[&#x27;message&#x27;]<br/>    <br/>        screen = None  # type: ignore[assignment]<br/>        if &#x27;screen&#x27; in value:<br/>            screen = value[&#x27;screen&#x27;]<br/>    <br/>        stacktrace = None<br/>        st_value = value.get(&#x27;stackTrace&#x27;) or value.get(&#x27;stacktrace&#x27;)<br/>        if st_value:<br/>            if isinstance(st_value, str):<br/>                stacktrace = st_value.split(&#x27;\n&#x27;)<br/>            else:<br/>                stacktrace = []<br/>                try:<br/>                    for frame in st_value:<br/>                        line = self._value_or_default(frame, &#x27;lineNumber&#x27;, &#x27;&#x27;)<br/>                        file = self._value_or_default(frame, &#x27;fileName&#x27;, &#x27;&lt;anonymous&gt;&#x27;)<br/>                        if line:<br/>                            file = &quot;%s:%s&quot; % (file, line)<br/>                        meth = self._value_or_default(frame, &#x27;methodName&#x27;, &#x27;&lt;anonymous&gt;&#x27;)<br/>                        if &#x27;className&#x27; in frame:<br/>                            meth = &quot;%s.%s&quot; % (frame[&#x27;className&#x27;], meth)<br/>                        msg = &quot;    at %s (%s)&quot;<br/>                        msg = msg % (meth, file)<br/>                        stacktrace.append(msg)<br/>                except TypeError:<br/>                    pass<br/>        if exception_class == UnexpectedAlertPresentException:<br/>            alert_text = None<br/>            if &#x27;data&#x27; in value:<br/>                alert_text = value[&#x27;data&#x27;].get(&#x27;text&#x27;)<br/>            elif &#x27;alert&#x27; in value:<br/>                alert_text = value[&#x27;alert&#x27;].get(&#x27;text&#x27;)<br/>            raise exception_class(message, screen, stacktrace, alert_text)  # type: ignore[call-arg]  # mypy is not smart enough here<br/>&gt;       raise exception_class(message, screen, stacktrace)<br/><span class="error">E       selenium.common.exceptions.ElementClickInterceptedException: Message: element click intercepted: Element is not clickable at point (928, 940)</span><br/><span class="error">E         (Session info: chrome=100.0.4896.127)</span><br/><span class="error">E       Stacktrace:</span><br/><span class="error">E       0   chromedriver                        0x00000001064733d9 chromedriver + 5104601</span><br/><span class="error">E       1   chromedriver                        0x0000000106403bf3 chromedriver + 4647923</span><br/><span class="error">E       2   chromedriver                        0x0000000105ff4b48 chromedriver + 392008</span><br/><span class="error">E       3   chromedriver                        0x00000001060313c1 chromedriver + 639937</span><br/><span class="error">E       4   chromedriver                        0x000000010602efa9 chromedriver + 630697</span><br/><span class="error">E       5   chromedriver                        0x000000010602c674 chromedriver + 620148</span><br/><span class="error">E       6   chromedriver                        0x000000010602b432 chromedriver + 615474</span><br/><span class="error">E       7   chromedriver                        0x000000010601ed79 chromedriver + 564601</span><br/><span class="error">E       8   chromedriver                        0x00000001060476c2 chromedriver + 730818</span><br/><span class="error">E       9   chromedriver                        0x000000010601e635 chromedriver + 562741</span><br/><span class="error">E       10  chromedriver                        0x00000001060477ce chromedriver + 731086</span><br/><span class="error">E       11  chromedriver                        0x000000010605a091 chromedriver + 807057</span><br/><span class="error">E       12  chromedriver                        0x00000001060475b3 chromedriver + 730547</span><br/><span class="error">E       13  chromedriver                        0x000000010601d139 chromedriver + 557369</span><br/><span class="error">E       14  chromedriver                        0x000000010601e165 chromedriver + 561509</span><br/><span class="error">E       15  chromedriver                        0x000000010643239d chromedriver + 4838301</span><br/><span class="error">E       16  chromedriver                        0x000000010644acde chromedriver + 4938974</span><br/><span class="error">E       17  chromedriver                        0x000000010644fb5e chromedriver + 4959070</span><br/><span class="error">E       18  chromedriver                        0x000000010644b94a chromedriver + 4942154</span><br/><span class="error">E       19  chromedriver                        0x000000010642733c chromedriver + 4793148</span><br/><span class="error">E       20  chromedriver                        0x00000001064653b8 chromedriver + 5047224</span><br/><span class="error">E       21  chromedriver                        0x000000010646553f chromedriver + 5047615</span><br/><span class="error">E       22  chromedriver                        0x000000010647a705 chromedriver + 5134085</span><br/><span class="error">E       23  libsystem_pthread.dylib             0x00007ff8187b84e1 _pthread_start + 125</span><br/><span class="error">E       24  libsystem_pthread.dylib             0x00007ff8187b3f6b thread_start + 15</span><br/><br/>/usr/local/lib/python3.9/site-packages/selenium/webdriver/remote/errorhandler.py:247: ElementClickInterceptedException<br/></div></td></tr></tbody>
      <tbody class="failed results-table-row">
        <tr>
          <td class="col-result">Failed</td>
          <td class="col-name">tests/automated/Automation/test_3signup_with_invalid_senario.py::test_click_signup</td>
          <td class="col-duration">5.02</td>
          <td class="col-links"></td></tr>
        <tr>
          <td class="extra" colspan="4">
            <div class="log">def test_click_signup():<br/>&gt;       funtion.driver.find_element(By.XPATH, &quot;//a[normalize-space()=&#x27;Signup now&#x27;]&quot;).click()<br/><br/>tests/automated/Automation/test_3signup_with_invalid_senario.py:13: <br/>_ _ _ _ _ _ _ _ _ _ _ _ _ _ _ _ _ _ _ _ _ _ _ _ _ _ _ _ _ _ _ _ _ _ _ _ _ _ _ _ <br/>/usr/local/lib/python3.9/site-packages/selenium/webdriver/remote/webdriver.py:1244: in find_element<br/>    return self.execute(Command.FIND_ELEMENT, {<br/>/usr/local/lib/python3.9/site-packages/selenium/webdriver/remote/webdriver.py:424: in execute<br/>    self.error_handler.check_response(response)<br/>_ _ _ _ _ _ _ _ _ _ _ _ _ _ _ _ _ _ _ _ _ _ _ _ _ _ _ _ _ _ _ _ _ _ _ _ _ _ _ _ <br/><br/>self = &lt;selenium.webdriver.remote.errorhandler.ErrorHandler object at 0x10596ebe0&gt;<br/>response = {&#x27;status&#x27;: 404, &#x27;value&#x27;: &#x27;{&quot;value&quot;:{&quot;error&quot;:&quot;no such element&quot;,&quot;message&quot;:&quot;no such element: Unable to locate element: {\...ff8187b84e1 _pthread_start + 125\\n20  libsystem_pthread.dylib             0x00007ff8187b3f6b thread_start + 15\\n&quot;}}&#x27;}<br/><br/>    def check_response(self, response: Dict[str, Any]) -&gt; None:<br/>        &quot;&quot;&quot;<br/>        Checks that a JSON response from the WebDriver does not have an error.<br/>    <br/>        :Args:<br/>         - response - The JSON response from the WebDriver server as a dictionary<br/>           object.<br/>    <br/>        :Raises: If the response contains an error message.<br/>        &quot;&quot;&quot;<br/>        status = response.get(&#x27;status&#x27;, None)<br/>        if not status or status == ErrorCode.SUCCESS:<br/>            return<br/>        value = None<br/>        message = response.get(&quot;message&quot;, &quot;&quot;)<br/>        screen: str = response.get(&quot;screen&quot;, &quot;&quot;)<br/>        stacktrace = None<br/>        if isinstance(status, int):<br/>            value_json = response.get(&#x27;value&#x27;, None)<br/>            if value_json and isinstance(value_json, str):<br/>                import json<br/>                try:<br/>                    value = json.loads(value_json)<br/>                    if len(value.keys()) == 1:<br/>                        value = value[&#x27;value&#x27;]<br/>                    status = value.get(&#x27;error&#x27;, None)<br/>                    if not status:<br/>                        status = value.get(&quot;status&quot;, ErrorCode.UNKNOWN_ERROR)<br/>                        message = value.get(&quot;value&quot;) or value.get(&quot;message&quot;)<br/>                        if not isinstance(message, str):<br/>                            value = message<br/>                            message = message.get(&#x27;message&#x27;)<br/>                    else:<br/>                        message = value.get(&#x27;message&#x27;, None)<br/>                except ValueError:<br/>                    pass<br/>    <br/>        exception_class: Type[WebDriverException]<br/>        if status in ErrorCode.NO_SUCH_ELEMENT:<br/>            exception_class = NoSuchElementException<br/>        elif status in ErrorCode.NO_SUCH_FRAME:<br/>            exception_class = NoSuchFrameException<br/>        elif status in ErrorCode.NO_SUCH_SHADOW_ROOT:<br/>            exception_class = NoSuchShadowRootException<br/>        elif status in ErrorCode.NO_SUCH_WINDOW:<br/>            exception_class = NoSuchWindowException<br/>        elif status in ErrorCode.STALE_ELEMENT_REFERENCE:<br/>            exception_class = StaleElementReferenceException<br/>        elif status in ErrorCode.ELEMENT_NOT_VISIBLE:<br/>            exception_class = ElementNotVisibleException<br/>        elif status in ErrorCode.INVALID_ELEMENT_STATE:<br/>            exception_class = InvalidElementStateException<br/>        elif status in ErrorCode.INVALID_SELECTOR \<br/>                or status in ErrorCode.INVALID_XPATH_SELECTOR \<br/>                or status in ErrorCode.INVALID_XPATH_SELECTOR_RETURN_TYPER:<br/>            exception_class = InvalidSelectorException<br/>        elif status in ErrorCode.ELEMENT_IS_NOT_SELECTABLE:<br/>            exception_class = ElementNotSelectableException<br/>        elif status in ErrorCode.ELEMENT_NOT_INTERACTABLE:<br/>            exception_class = ElementNotInteractableException<br/>        elif status in ErrorCode.INVALID_COOKIE_DOMAIN:<br/>            exception_class = InvalidCookieDomainException<br/>        elif status in ErrorCode.UNABLE_TO_SET_COOKIE:<br/>            exception_class = UnableToSetCookieException<br/>        elif status in ErrorCode.TIMEOUT:<br/>            exception_class = TimeoutException<br/>        elif status in ErrorCode.SCRIPT_TIMEOUT:<br/>            exception_class = TimeoutException<br/>        elif status in ErrorCode.UNKNOWN_ERROR:<br/>            exception_class = WebDriverException<br/>        elif status in ErrorCode.UNEXPECTED_ALERT_OPEN:<br/>            exception_class = UnexpectedAlertPresentException<br/>        elif status in ErrorCode.NO_ALERT_OPEN:<br/>            exception_class = NoAlertPresentException<br/>        elif status in ErrorCode.IME_NOT_AVAILABLE:<br/>            exception_class = ImeNotAvailableException<br/>        elif status in ErrorCode.IME_ENGINE_ACTIVATION_FAILED:<br/>            exception_class = ImeActivationFailedException<br/>        elif status in ErrorCode.MOVE_TARGET_OUT_OF_BOUNDS:<br/>            exception_class = MoveTargetOutOfBoundsException<br/>        elif status in ErrorCode.JAVASCRIPT_ERROR:<br/>            exception_class = JavascriptException<br/>        elif status in ErrorCode.SESSION_NOT_CREATED:<br/>            exception_class = SessionNotCreatedException<br/>        elif status in ErrorCode.INVALID_ARGUMENT:<br/>            exception_class = InvalidArgumentException<br/>        elif status in ErrorCode.NO_SUCH_COOKIE:<br/>            exception_class = NoSuchCookieException<br/>        elif status in ErrorCode.UNABLE_TO_CAPTURE_SCREEN:<br/>            exception_class = ScreenshotException<br/>        elif status in ErrorCode.ELEMENT_CLICK_INTERCEPTED:<br/>            exception_class = ElementClickInterceptedException<br/>        elif status in ErrorCode.INSECURE_CERTIFICATE:<br/>            exception_class = InsecureCertificateException<br/>        elif status in ErrorCode.INVALID_COORDINATES:<br/>            exception_class = InvalidCoordinatesException<br/>        elif status in ErrorCode.INVALID_SESSION_ID:<br/>            exception_class = InvalidSessionIdException<br/>        elif status in ErrorCode.UNKNOWN_METHOD:<br/>            exception_class = UnknownMethodException<br/>        else:<br/>            exception_class = WebDriverException<br/>        if not value:<br/>            value = response[&#x27;value&#x27;]<br/>        if isinstance(value, str):<br/>            raise exception_class(value)<br/>        if message == &quot;&quot; and &#x27;message&#x27; in value:<br/>            message = value[&#x27;message&#x27;]<br/>    <br/>        screen = None  # type: ignore[assignment]<br/>        if &#x27;screen&#x27; in value:<br/>            screen = value[&#x27;screen&#x27;]<br/>    <br/>        stacktrace = None<br/>        st_value = value.get(&#x27;stackTrace&#x27;) or value.get(&#x27;stacktrace&#x27;)<br/>        if st_value:<br/>            if isinstance(st_value, str):<br/>                stacktrace = st_value.split(&#x27;\n&#x27;)<br/>            else:<br/>                stacktrace = []<br/>                try:<br/>                    for frame in st_value:<br/>                        line = self._value_or_default(frame, &#x27;lineNumber&#x27;, &#x27;&#x27;)<br/>                        file = self._value_or_default(frame, &#x27;fileName&#x27;, &#x27;&lt;anonymous&gt;&#x27;)<br/>                        if line:<br/>                            file = &quot;%s:%s&quot; % (file, line)<br/>                        meth = self._value_or_default(frame, &#x27;methodName&#x27;, &#x27;&lt;anonymous&gt;&#x27;)<br/>                        if &#x27;className&#x27; in frame:<br/>                            meth = &quot;%s.%s&quot; % (frame[&#x27;className&#x27;], meth)<br/>                        msg = &quot;    at %s (%s)&quot;<br/>                        msg = msg % (meth, file)<br/>                        stacktrace.append(msg)<br/>                except TypeError:<br/>                    pass<br/>        if exception_class == UnexpectedAlertPresentException:<br/>            alert_text = None<br/>            if &#x27;data&#x27; in value:<br/>                alert_text = value[&#x27;data&#x27;].get(&#x27;text&#x27;)<br/>            elif &#x27;alert&#x27; in value:<br/>                alert_text = value[&#x27;alert&#x27;].get(&#x27;text&#x27;)<br/>            raise exception_class(message, screen, stacktrace, alert_text)  # type: ignore[call-arg]  # mypy is not smart enough here<br/>&gt;       raise exception_class(message, screen, stacktrace)<br/><span class="error">E       selenium.common.exceptions.NoSuchElementException: Message: no such element: Unable to locate element: {&quot;method&quot;:&quot;xpath&quot;,&quot;selector&quot;:&quot;//a[normalize-space()=&#x27;Signup now&#x27;]&quot;}</span><br/><span class="error">E         (Session info: chrome=100.0.4896.127)</span><br/><span class="error">E       Stacktrace:</span><br/><span class="error">E       0   chromedriver                        0x00000001064733d9 chromedriver + 5104601</span><br/><span class="error">E       1   chromedriver                        0x0000000106403bf3 chromedriver + 4647923</span><br/><span class="error">E       2   chromedriver                        0x0000000105ff4b48 chromedriver + 392008</span><br/><span class="error">E       3   chromedriver                        0x0000000106029e26 chromedriver + 609830</span><br/><span class="error">E       4   chromedriver                        0x0000000106029fe1 chromedriver + 610273</span><br/><span class="error">E       5   chromedriver                        0x000000010605c374 chromedriver + 815988</span><br/><span class="error">E       6   chromedriver                        0x00000001060476ed chromedriver + 730861</span><br/><span class="error">E       7   chromedriver                        0x000000010605a091 chromedriver + 807057</span><br/><span class="error">E       8   chromedriver                        0x00000001060475b3 chromedriver + 730547</span><br/><span class="error">E       9   chromedriver                        0x000000010601d139 chromedriver + 557369</span><br/><span class="error">E       10  chromedriver                        0x000000010601e165 chromedriver + 561509</span><br/><span class="error">E       11  chromedriver                        0x000000010643239d chromedriver + 4838301</span><br/><span class="error">E       12  chromedriver                        0x000000010644acde chromedriver + 4938974</span><br/><span class="error">E       13  chromedriver                        0x000000010644fb5e chromedriver + 4959070</span><br/><span class="error">E       14  chromedriver                        0x000000010644b94a chromedriver + 4942154</span><br/><span class="error">E       15  chromedriver                        0x000000010642733c chromedriver + 4793148</span><br/><span class="error">E       16  chromedriver                        0x00000001064653b8 chromedriver + 5047224</span><br/><span class="error">E       17  chromedriver                        0x000000010646553f chromedriver + 5047615</span><br/><span class="error">E       18  chromedriver                        0x000000010647a705 chromedriver + 5134085</span><br/><span class="error">E       19  libsystem_pthread.dylib             0x00007ff8187b84e1 _pthread_start + 125</span><br/><span class="error">E       20  libsystem_pthread.dylib             0x00007ff8187b3f6b thread_start + 15</span><br/><br/>/usr/local/lib/python3.9/site-packages/selenium/webdriver/remote/errorhandler.py:247: NoSuchElementException<br/></div></td></tr></tbody>
      <tbody class="failed results-table-row">
        <tr>
          <td class="col-result">Failed</td>
          <td class="col-name">tests/automated/Automation/test_3signup_with_invalid_senario.py::test_Please_enter_your_last_name</td>
          <td class="col-duration">5.02</td>
          <td class="col-links"></td></tr>
        <tr>
          <td class="extra" colspan="4">
            <div class="log">def test_Please_enter_your_last_name():<br/>&gt;       Please_enter_your_last_name = funtion.driver.find_element(By.XPATH, &quot;//div[normalize-space()=&#x27;Please enter your last name&#x27;]&quot;).text<br/><br/>tests/automated/Automation/test_3signup_with_invalid_senario.py:22: <br/>_ _ _ _ _ _ _ _ _ _ _ _ _ _ _ _ _ _ _ _ _ _ _ _ _ _ _ _ _ _ _ _ _ _ _ _ _ _ _ _ <br/>/usr/local/lib/python3.9/site-packages/selenium/webdriver/remote/webdriver.py:1244: in find_element<br/>    return self.execute(Command.FIND_ELEMENT, {<br/>/usr/local/lib/python3.9/site-packages/selenium/webdriver/remote/webdriver.py:424: in execute<br/>    self.error_handler.check_response(response)<br/>_ _ _ _ _ _ _ _ _ _ _ _ _ _ _ _ _ _ _ _ _ _ _ _ _ _ _ _ _ _ _ _ _ _ _ _ _ _ _ _ <br/><br/>self = &lt;selenium.webdriver.remote.errorhandler.ErrorHandler object at 0x10596ebe0&gt;<br/>response = {&#x27;status&#x27;: 404, &#x27;value&#x27;: &#x27;{&quot;value&quot;:{&quot;error&quot;:&quot;no such element&quot;,&quot;message&quot;:&quot;no such element: Unable to locate element: {\...ff8187b84e1 _pthread_start + 125\\n20  libsystem_pthread.dylib             0x00007ff8187b3f6b thread_start + 15\\n&quot;}}&#x27;}<br/><br/>    def check_response(self, response: Dict[str, Any]) -&gt; None:<br/>        &quot;&quot;&quot;<br/>        Checks that a JSON response from the WebDriver does not have an error.<br/>    <br/>        :Args:<br/>         - response - The JSON response from the WebDriver server as a dictionary<br/>           object.<br/>    <br/>        :Raises: If the response contains an error message.<br/>        &quot;&quot;&quot;<br/>        status = response.get(&#x27;status&#x27;, None)<br/>        if not status or status == ErrorCode.SUCCESS:<br/>            return<br/>        value = None<br/>        message = response.get(&quot;message&quot;, &quot;&quot;)<br/>        screen: str = response.get(&quot;screen&quot;, &quot;&quot;)<br/>        stacktrace = None<br/>        if isinstance(status, int):<br/>            value_json = response.get(&#x27;value&#x27;, None)<br/>            if value_json and isinstance(value_json, str):<br/>                import json<br/>                try:<br/>                    value = json.loads(value_json)<br/>                    if len(value.keys()) == 1:<br/>                        value = value[&#x27;value&#x27;]<br/>                    status = value.get(&#x27;error&#x27;, None)<br/>                    if not status:<br/>                        status = value.get(&quot;status&quot;, ErrorCode.UNKNOWN_ERROR)<br/>                        message = value.get(&quot;value&quot;) or value.get(&quot;message&quot;)<br/>                        if not isinstance(message, str):<br/>                            value = message<br/>                            message = message.get(&#x27;message&#x27;)<br/>                    else:<br/>                        message = value.get(&#x27;message&#x27;, None)<br/>                except ValueError:<br/>                    pass<br/>    <br/>        exception_class: Type[WebDriverException]<br/>        if status in ErrorCode.NO_SUCH_ELEMENT:<br/>            exception_class = NoSuchElementException<br/>        elif status in ErrorCode.NO_SUCH_FRAME:<br/>            exception_class = NoSuchFrameException<br/>        elif status in ErrorCode.NO_SUCH_SHADOW_ROOT:<br/>            exception_class = NoSuchShadowRootException<br/>        elif status in ErrorCode.NO_SUCH_WINDOW:<br/>            exception_class = NoSuchWindowException<br/>        elif status in ErrorCode.STALE_ELEMENT_REFERENCE:<br/>            exception_class = StaleElementReferenceException<br/>        elif status in ErrorCode.ELEMENT_NOT_VISIBLE:<br/>            exception_class = ElementNotVisibleException<br/>        elif status in ErrorCode.INVALID_ELEMENT_STATE:<br/>            exception_class = InvalidElementStateException<br/>        elif status in ErrorCode.INVALID_SELECTOR \<br/>                or status in ErrorCode.INVALID_XPATH_SELECTOR \<br/>                or status in ErrorCode.INVALID_XPATH_SELECTOR_RETURN_TYPER:<br/>            exception_class = InvalidSelectorException<br/>        elif status in ErrorCode.ELEMENT_IS_NOT_SELECTABLE:<br/>            exception_class = ElementNotSelectableException<br/>        elif status in ErrorCode.ELEMENT_NOT_INTERACTABLE:<br/>            exception_class = ElementNotInteractableException<br/>        elif status in ErrorCode.INVALID_COOKIE_DOMAIN:<br/>            exception_class = InvalidCookieDomainException<br/>        elif status in ErrorCode.UNABLE_TO_SET_COOKIE:<br/>            exception_class = UnableToSetCookieException<br/>        elif status in ErrorCode.TIMEOUT:<br/>            exception_class = TimeoutException<br/>        elif status in ErrorCode.SCRIPT_TIMEOUT:<br/>            exception_class = TimeoutException<br/>        elif status in ErrorCode.UNKNOWN_ERROR:<br/>            exception_class = WebDriverException<br/>        elif status in ErrorCode.UNEXPECTED_ALERT_OPEN:<br/>            exception_class = UnexpectedAlertPresentException<br/>        elif status in ErrorCode.NO_ALERT_OPEN:<br/>            exception_class = NoAlertPresentException<br/>        elif status in ErrorCode.IME_NOT_AVAILABLE:<br/>            exception_class = ImeNotAvailableException<br/>        elif status in ErrorCode.IME_ENGINE_ACTIVATION_FAILED:<br/>            exception_class = ImeActivationFailedException<br/>        elif status in ErrorCode.MOVE_TARGET_OUT_OF_BOUNDS:<br/>            exception_class = MoveTargetOutOfBoundsException<br/>        elif status in ErrorCode.JAVASCRIPT_ERROR:<br/>            exception_class = JavascriptException<br/>        elif status in ErrorCode.SESSION_NOT_CREATED:<br/>            exception_class = SessionNotCreatedException<br/>        elif status in ErrorCode.INVALID_ARGUMENT:<br/>            exception_class = InvalidArgumentException<br/>        elif status in ErrorCode.NO_SUCH_COOKIE:<br/>            exception_class = NoSuchCookieException<br/>        elif status in ErrorCode.UNABLE_TO_CAPTURE_SCREEN:<br/>            exception_class = ScreenshotException<br/>        elif status in ErrorCode.ELEMENT_CLICK_INTERCEPTED:<br/>            exception_class = ElementClickInterceptedException<br/>        elif status in ErrorCode.INSECURE_CERTIFICATE:<br/>            exception_class = InsecureCertificateException<br/>        elif status in ErrorCode.INVALID_COORDINATES:<br/>            exception_class = InvalidCoordinatesException<br/>        elif status in ErrorCode.INVALID_SESSION_ID:<br/>            exception_class = InvalidSessionIdException<br/>        elif status in ErrorCode.UNKNOWN_METHOD:<br/>            exception_class = UnknownMethodException<br/>        else:<br/>            exception_class = WebDriverException<br/>        if not value:<br/>            value = response[&#x27;value&#x27;]<br/>        if isinstance(value, str):<br/>            raise exception_class(value)<br/>        if message == &quot;&quot; and &#x27;message&#x27; in value:<br/>            message = value[&#x27;message&#x27;]<br/>    <br/>        screen = None  # type: ignore[assignment]<br/>        if &#x27;screen&#x27; in value:<br/>            screen = value[&#x27;screen&#x27;]<br/>    <br/>        stacktrace = None<br/>        st_value = value.get(&#x27;stackTrace&#x27;) or value.get(&#x27;stacktrace&#x27;)<br/>        if st_value:<br/>            if isinstance(st_value, str):<br/>                stacktrace = st_value.split(&#x27;\n&#x27;)<br/>            else:<br/>                stacktrace = []<br/>                try:<br/>                    for frame in st_value:<br/>                        line = self._value_or_default(frame, &#x27;lineNumber&#x27;, &#x27;&#x27;)<br/>                        file = self._value_or_default(frame, &#x27;fileName&#x27;, &#x27;&lt;anonymous&gt;&#x27;)<br/>                        if line:<br/>                            file = &quot;%s:%s&quot; % (file, line)<br/>                        meth = self._value_or_default(frame, &#x27;methodName&#x27;, &#x27;&lt;anonymous&gt;&#x27;)<br/>                        if &#x27;className&#x27; in frame:<br/>                            meth = &quot;%s.%s&quot; % (frame[&#x27;className&#x27;], meth)<br/>                        msg = &quot;    at %s (%s)&quot;<br/>                        msg = msg % (meth, file)<br/>                        stacktrace.append(msg)<br/>                except TypeError:<br/>                    pass<br/>        if exception_class == UnexpectedAlertPresentException:<br/>            alert_text = None<br/>            if &#x27;data&#x27; in value:<br/>                alert_text = value[&#x27;data&#x27;].get(&#x27;text&#x27;)<br/>            elif &#x27;alert&#x27; in value:<br/>                alert_text = value[&#x27;alert&#x27;].get(&#x27;text&#x27;)<br/>            raise exception_class(message, screen, stacktrace, alert_text)  # type: ignore[call-arg]  # mypy is not smart enough here<br/>&gt;       raise exception_class(message, screen, stacktrace)<br/><span class="error">E       selenium.common.exceptions.NoSuchElementException: Message: no such element: Unable to locate element: {&quot;method&quot;:&quot;xpath&quot;,&quot;selector&quot;:&quot;//div[normalize-space()=&#x27;Please enter your last name&#x27;]&quot;}</span><br/><span class="error">E         (Session info: chrome=100.0.4896.127)</span><br/><span class="error">E       Stacktrace:</span><br/><span class="error">E       0   chromedriver                        0x00000001064733d9 chromedriver + 5104601</span><br/><span class="error">E       1   chromedriver                        0x0000000106403bf3 chromedriver + 4647923</span><br/><span class="error">E       2   chromedriver                        0x0000000105ff4b48 chromedriver + 392008</span><br/><span class="error">E       3   chromedriver                        0x0000000106029e26 chromedriver + 609830</span><br/><span class="error">E       4   chromedriver                        0x0000000106029fe1 chromedriver + 610273</span><br/><span class="error">E       5   chromedriver                        0x000000010605c374 chromedriver + 815988</span><br/><span class="error">E       6   chromedriver                        0x00000001060476ed chromedriver + 730861</span><br/><span class="error">E       7   chromedriver                        0x000000010605a091 chromedriver + 807057</span><br/><span class="error">E       8   chromedriver                        0x00000001060475b3 chromedriver + 730547</span><br/><span class="error">E       9   chromedriver                        0x000000010601d139 chromedriver + 557369</span><br/><span class="error">E       10  chromedriver                        0x000000010601e165 chromedriver + 561509</span><br/><span class="error">E       11  chromedriver                        0x000000010643239d chromedriver + 4838301</span><br/><span class="error">E       12  chromedriver                        0x000000010644acde chromedriver + 4938974</span><br/><span class="error">E       13  chromedriver                        0x000000010644fb5e chromedriver + 4959070</span><br/><span class="error">E       14  chromedriver                        0x000000010644b94a chromedriver + 4942154</span><br/><span class="error">E       15  chromedriver                        0x000000010642733c chromedriver + 4793148</span><br/><span class="error">E       16  chromedriver                        0x00000001064653b8 chromedriver + 5047224</span><br/><span class="error">E       17  chromedriver                        0x000000010646553f chromedriver + 5047615</span><br/><span class="error">E       18  chromedriver                        0x000000010647a705 chromedriver + 5134085</span><br/><span class="error">E       19  libsystem_pthread.dylib             0x00007ff8187b84e1 _pthread_start + 125</span><br/><span class="error">E       20  libsystem_pthread.dylib             0x00007ff8187b3f6b thread_start + 15</span><br/><br/>/usr/local/lib/python3.9/site-packages/selenium/webdriver/remote/errorhandler.py:247: NoSuchElementException<br/></div></td></tr></tbody>
      <tbody class="failed results-table-row">
        <tr>
          <td class="col-result">Failed</td>
          <td class="col-name">tests/automated/Automation/test_3signup_with_invalid_senario.py::test_email_has_already_been_take</td>
          <td class="col-duration">2.05</td>
          <td class="col-links"></td></tr>
        <tr>
          <td class="extra" colspan="4">
            <div class="log">def test_email_has_already_been_take():<br/>        logo = funtion.driver.find_element(By.XPATH, &quot;//div[@class=&#x27;text-center p-4&#x27;]//img&quot;)<br/>        funtion.driver.execute_script(&quot;arguments[0].scrollIntoView()&quot;, logo)<br/>        time.sleep(2)<br/>        email_has_already_been_take = funtion.driver.find_element(By.XPATH, &quot;//div[@role = &#x27;alert&#x27;]&quot;).text<br/>&gt;       assert (email_has_already_been_take == &#x27;email has already been taken&#x27;)<br/><span class="error">E       AssertionError: assert &#x27;&#x27; == &#x27;email has already been taken&#x27;</span><br/><span class="error">E         - email has already been taken</span><br/><br/>tests/automated/Automation/test_3signup_with_invalid_senario.py:75: AssertionError<br/></div></td></tr></tbody>
      <tbody class="failed results-table-row">
        <tr>
          <td class="col-result">Failed</td>
          <td class="col-name">tests/automated/Automation/test_3signup_with_invalid_senario.py::test_last_name_must_be_at_least_2_characters</td>
          <td class="col-duration">5.02</td>
          <td class="col-links"></td></tr>
        <tr>
          <td class="extra" colspan="4">
            <div class="log">def test_last_name_must_be_at_least_2_characters():<br/>    <br/>&gt;       last_name_must_be_at_least_2_characters = funtion.driver.find_element(By.XPATH, &quot;//div[normalize-space()=&#x27;last_name must be at least 2 characters&#x27;]&quot;).text<br/><br/>tests/automated/Automation/test_3signup_with_invalid_senario.py:114: <br/>_ _ _ _ _ _ _ _ _ _ _ _ _ _ _ _ _ _ _ _ _ _ _ _ _ _ _ _ _ _ _ _ _ _ _ _ _ _ _ _ <br/>/usr/local/lib/python3.9/site-packages/selenium/webdriver/remote/webdriver.py:1244: in find_element<br/>    return self.execute(Command.FIND_ELEMENT, {<br/>/usr/local/lib/python3.9/site-packages/selenium/webdriver/remote/webdriver.py:424: in execute<br/>    self.error_handler.check_response(response)<br/>_ _ _ _ _ _ _ _ _ _ _ _ _ _ _ _ _ _ _ _ _ _ _ _ _ _ _ _ _ _ _ _ _ _ _ _ _ _ _ _ <br/><br/>self = &lt;selenium.webdriver.remote.errorhandler.ErrorHandler object at 0x10596ebe0&gt;<br/>response = {&#x27;status&#x27;: 404, &#x27;value&#x27;: &#x27;{&quot;value&quot;:{&quot;error&quot;:&quot;no such element&quot;,&quot;message&quot;:&quot;no such element: Unable to locate element: {\...ff8187b84e1 _pthread_start + 125\\n20  libsystem_pthread.dylib             0x00007ff8187b3f6b thread_start + 15\\n&quot;}}&#x27;}<br/><br/>    def check_response(self, response: Dict[str, Any]) -&gt; None:<br/>        &quot;&quot;&quot;<br/>        Checks that a JSON response from the WebDriver does not have an error.<br/>    <br/>        :Args:<br/>         - response - The JSON response from the WebDriver server as a dictionary<br/>           object.<br/>    <br/>        :Raises: If the response contains an error message.<br/>        &quot;&quot;&quot;<br/>        status = response.get(&#x27;status&#x27;, None)<br/>        if not status or status == ErrorCode.SUCCESS:<br/>            return<br/>        value = None<br/>        message = response.get(&quot;message&quot;, &quot;&quot;)<br/>        screen: str = response.get(&quot;screen&quot;, &quot;&quot;)<br/>        stacktrace = None<br/>        if isinstance(status, int):<br/>            value_json = response.get(&#x27;value&#x27;, None)<br/>            if value_json and isinstance(value_json, str):<br/>                import json<br/>                try:<br/>                    value = json.loads(value_json)<br/>                    if len(value.keys()) == 1:<br/>                        value = value[&#x27;value&#x27;]<br/>                    status = value.get(&#x27;error&#x27;, None)<br/>                    if not status:<br/>                        status = value.get(&quot;status&quot;, ErrorCode.UNKNOWN_ERROR)<br/>                        message = value.get(&quot;value&quot;) or value.get(&quot;message&quot;)<br/>                        if not isinstance(message, str):<br/>                            value = message<br/>                            message = message.get(&#x27;message&#x27;)<br/>                    else:<br/>                        message = value.get(&#x27;message&#x27;, None)<br/>                except ValueError:<br/>                    pass<br/>    <br/>        exception_class: Type[WebDriverException]<br/>        if status in ErrorCode.NO_SUCH_ELEMENT:<br/>            exception_class = NoSuchElementException<br/>        elif status in ErrorCode.NO_SUCH_FRAME:<br/>            exception_class = NoSuchFrameException<br/>        elif status in ErrorCode.NO_SUCH_SHADOW_ROOT:<br/>            exception_class = NoSuchShadowRootException<br/>        elif status in ErrorCode.NO_SUCH_WINDOW:<br/>            exception_class = NoSuchWindowException<br/>        elif status in ErrorCode.STALE_ELEMENT_REFERENCE:<br/>            exception_class = StaleElementReferenceException<br/>        elif status in ErrorCode.ELEMENT_NOT_VISIBLE:<br/>            exception_class = ElementNotVisibleException<br/>        elif status in ErrorCode.INVALID_ELEMENT_STATE:<br/>            exception_class = InvalidElementStateException<br/>        elif status in ErrorCode.INVALID_SELECTOR \<br/>                or status in ErrorCode.INVALID_XPATH_SELECTOR \<br/>                or status in ErrorCode.INVALID_XPATH_SELECTOR_RETURN_TYPER:<br/>            exception_class = InvalidSelectorException<br/>        elif status in ErrorCode.ELEMENT_IS_NOT_SELECTABLE:<br/>            exception_class = ElementNotSelectableException<br/>        elif status in ErrorCode.ELEMENT_NOT_INTERACTABLE:<br/>            exception_class = ElementNotInteractableException<br/>        elif status in ErrorCode.INVALID_COOKIE_DOMAIN:<br/>            exception_class = InvalidCookieDomainException<br/>        elif status in ErrorCode.UNABLE_TO_SET_COOKIE:<br/>            exception_class = UnableToSetCookieException<br/>        elif status in ErrorCode.TIMEOUT:<br/>            exception_class = TimeoutException<br/>        elif status in ErrorCode.SCRIPT_TIMEOUT:<br/>            exception_class = TimeoutException<br/>        elif status in ErrorCode.UNKNOWN_ERROR:<br/>            exception_class = WebDriverException<br/>        elif status in ErrorCode.UNEXPECTED_ALERT_OPEN:<br/>            exception_class = UnexpectedAlertPresentException<br/>        elif status in ErrorCode.NO_ALERT_OPEN:<br/>            exception_class = NoAlertPresentException<br/>        elif status in ErrorCode.IME_NOT_AVAILABLE:<br/>            exception_class = ImeNotAvailableException<br/>        elif status in ErrorCode.IME_ENGINE_ACTIVATION_FAILED:<br/>            exception_class = ImeActivationFailedException<br/>        elif status in ErrorCode.MOVE_TARGET_OUT_OF_BOUNDS:<br/>            exception_class = MoveTargetOutOfBoundsException<br/>        elif status in ErrorCode.JAVASCRIPT_ERROR:<br/>            exception_class = JavascriptException<br/>        elif status in ErrorCode.SESSION_NOT_CREATED:<br/>            exception_class = SessionNotCreatedException<br/>        elif status in ErrorCode.INVALID_ARGUMENT:<br/>            exception_class = InvalidArgumentException<br/>        elif status in ErrorCode.NO_SUCH_COOKIE:<br/>            exception_class = NoSuchCookieException<br/>        elif status in ErrorCode.UNABLE_TO_CAPTURE_SCREEN:<br/>            exception_class = ScreenshotException<br/>        elif status in ErrorCode.ELEMENT_CLICK_INTERCEPTED:<br/>            exception_class = ElementClickInterceptedException<br/>        elif status in ErrorCode.INSECURE_CERTIFICATE:<br/>            exception_class = InsecureCertificateException<br/>        elif status in ErrorCode.INVALID_COORDINATES:<br/>            exception_class = InvalidCoordinatesException<br/>        elif status in ErrorCode.INVALID_SESSION_ID:<br/>            exception_class = InvalidSessionIdException<br/>        elif status in ErrorCode.UNKNOWN_METHOD:<br/>            exception_class = UnknownMethodException<br/>        else:<br/>            exception_class = WebDriverException<br/>        if not value:<br/>            value = response[&#x27;value&#x27;]<br/>        if isinstance(value, str):<br/>            raise exception_class(value)<br/>        if message == &quot;&quot; and &#x27;message&#x27; in value:<br/>            message = value[&#x27;message&#x27;]<br/>    <br/>        screen = None  # type: ignore[assignment]<br/>        if &#x27;screen&#x27; in value:<br/>            screen = value[&#x27;screen&#x27;]<br/>    <br/>        stacktrace = None<br/>        st_value = value.get(&#x27;stackTrace&#x27;) or value.get(&#x27;stacktrace&#x27;)<br/>        if st_value:<br/>            if isinstance(st_value, str):<br/>                stacktrace = st_value.split(&#x27;\n&#x27;)<br/>            else:<br/>                stacktrace = []<br/>                try:<br/>                    for frame in st_value:<br/>                        line = self._value_or_default(frame, &#x27;lineNumber&#x27;, &#x27;&#x27;)<br/>                        file = self._value_or_default(frame, &#x27;fileName&#x27;, &#x27;&lt;anonymous&gt;&#x27;)<br/>                        if line:<br/>                            file = &quot;%s:%s&quot; % (file, line)<br/>                        meth = self._value_or_default(frame, &#x27;methodName&#x27;, &#x27;&lt;anonymous&gt;&#x27;)<br/>                        if &#x27;className&#x27; in frame:<br/>                            meth = &quot;%s.%s&quot; % (frame[&#x27;className&#x27;], meth)<br/>                        msg = &quot;    at %s (%s)&quot;<br/>                        msg = msg % (meth, file)<br/>                        stacktrace.append(msg)<br/>                except TypeError:<br/>                    pass<br/>        if exception_class == UnexpectedAlertPresentException:<br/>            alert_text = None<br/>            if &#x27;data&#x27; in value:<br/>                alert_text = value[&#x27;data&#x27;].get(&#x27;text&#x27;)<br/>            elif &#x27;alert&#x27; in value:<br/>                alert_text = value[&#x27;alert&#x27;].get(&#x27;text&#x27;)<br/>            raise exception_class(message, screen, stacktrace, alert_text)  # type: ignore[call-arg]  # mypy is not smart enough here<br/>&gt;       raise exception_class(message, screen, stacktrace)<br/><span class="error">E       selenium.common.exceptions.NoSuchElementException: Message: no such element: Unable to locate element: {&quot;method&quot;:&quot;xpath&quot;,&quot;selector&quot;:&quot;//div[normalize-space()=&#x27;last_name must be at least 2 characters&#x27;]&quot;}</span><br/><span class="error">E         (Session info: chrome=100.0.4896.127)</span><br/><span class="error">E       Stacktrace:</span><br/><span class="error">E       0   chromedriver                        0x00000001064733d9 chromedriver + 5104601</span><br/><span class="error">E       1   chromedriver                        0x0000000106403bf3 chromedriver + 4647923</span><br/><span class="error">E       2   chromedriver                        0x0000000105ff4b48 chromedriver + 392008</span><br/><span class="error">E       3   chromedriver                        0x0000000106029e26 chromedriver + 609830</span><br/><span class="error">E       4   chromedriver                        0x0000000106029fe1 chromedriver + 610273</span><br/><span class="error">E       5   chromedriver                        0x000000010605c374 chromedriver + 815988</span><br/><span class="error">E       6   chromedriver                        0x00000001060476ed chromedriver + 730861</span><br/><span class="error">E       7   chromedriver                        0x000000010605a091 chromedriver + 807057</span><br/><span class="error">E       8   chromedriver                        0x00000001060475b3 chromedriver + 730547</span><br/><span class="error">E       9   chromedriver                        0x000000010601d139 chromedriver + 557369</span><br/><span class="error">E       10  chromedriver                        0x000000010601e165 chromedriver + 561509</span><br/><span class="error">E       11  chromedriver                        0x000000010643239d chromedriver + 4838301</span><br/><span class="error">E       12  chromedriver                        0x000000010644acde chromedriver + 4938974</span><br/><span class="error">E       13  chromedriver                        0x000000010644fb5e chromedriver + 4959070</span><br/><span class="error">E       14  chromedriver                        0x000000010644b94a chromedriver + 4942154</span><br/><span class="error">E       15  chromedriver                        0x000000010642733c chromedriver + 4793148</span><br/><span class="error">E       16  chromedriver                        0x00000001064653b8 chromedriver + 5047224</span><br/><span class="error">E       17  chromedriver                        0x000000010646553f chromedriver + 5047615</span><br/><span class="error">E       18  chromedriver                        0x000000010647a705 chromedriver + 5134085</span><br/><span class="error">E       19  libsystem_pthread.dylib             0x00007ff8187b84e1 _pthread_start + 125</span><br/><span class="error">E       20  libsystem_pthread.dylib             0x00007ff8187b3f6b thread_start + 15</span><br/><br/>/usr/local/lib/python3.9/site-packages/selenium/webdriver/remote/errorhandler.py:247: NoSuchElementException<br/></div></td></tr></tbody>
      <tbody class="failed results-table-row">
        <tr>
          <td class="col-result">Failed</td>
          <td class="col-name">tests/automated/Automation/test_7roles.py::Test_roles_SF::test_create_new_role</td>
          <td class="col-duration">2.61</td>
          <td class="col-links"></td></tr>
        <tr>
          <td class="extra" colspan="4">
            <div class="log">self = &lt;Automation.test_7roles.Test_roles_SF object at 0x105a8cbe0&gt;<br/><br/>        def test_create_new_role(self):<br/>            text_create_new_role = funtion.driver.find_element(By.XPATH, &quot;//a[normalize-space()=&#x27;Create New Role&#x27;]&quot;).text<br/>            assert (text_create_new_role == &quot;Create New Role&quot;)<br/>            funtion.driver.find_element(By.XPATH, &quot;//a[normalize-space()=&#x27;Create New Role&#x27;]&quot;).click()<br/>    <br/>    #enter the role name<br/>            funtion.driver.find_element(By.XPATH, &quot;//input[@name=&#x27;role_name&#x27;]&quot;).send_keys(&quot;Team member 10&quot;)<br/>    #select All toggle button (role, campaign ,membership)<br/>            funtion.driver.find_element(By.XPATH, &quot;//input[@id=&#x27;1&#x27;]&quot;).click()<br/>            funtion.driver.find_element(By.XPATH, &quot;//input[@id=&#x27;2&#x27;]&quot;).click()<br/>            save_button = funtion.driver.find_element(By.XPATH, &quot;//button[normalize-space()=&#x27;Save&#x27;]&quot;)<br/>            funtion.driver.execute_script(&quot;arguments[0].scrollIntoView()&quot;, save_button)<br/>            time.sleep(1)<br/>            funtion.driver.find_element(By.XPATH, &quot;//input[@id=&#x27;4&#x27;]&quot;).click()<br/>    <br/>    #click save button<br/>&gt;           funtion.driver.find_element(By.XPATH, &quot;//button[normalize-space()=&#x27;Save&#x27;]&quot;).click()<br/><br/>tests/automated/Automation/test_7roles.py:41: <br/>_ _ _ _ _ _ _ _ _ _ _ _ _ _ _ _ _ _ _ _ _ _ _ _ _ _ _ _ _ _ _ _ _ _ _ _ _ _ _ _ <br/>/usr/local/lib/python3.9/site-packages/selenium/webdriver/remote/webelement.py:81: in click<br/>    self._execute(Command.CLICK_ELEMENT)<br/>/usr/local/lib/python3.9/site-packages/selenium/webdriver/remote/webelement.py:710: in _execute<br/>    return self._parent.execute(command, params)<br/>/usr/local/lib/python3.9/site-packages/selenium/webdriver/remote/webdriver.py:424: in execute<br/>    self.error_handler.check_response(response)<br/>_ _ _ _ _ _ _ _ _ _ _ _ _ _ _ _ _ _ _ _ _ _ _ _ _ _ _ _ _ _ _ _ _ _ _ _ _ _ _ _ <br/><br/>self = &lt;selenium.webdriver.remote.errorhandler.ErrorHandler object at 0x10596ebe0&gt;<br/>response = {&#x27;status&#x27;: 400, &#x27;value&#x27;: &#x27;{&quot;value&quot;:{&quot;error&quot;:&quot;element click intercepted&quot;,&quot;message&quot;:&quot;element click intercepted: Element ...ff8187b84e1 _pthread_start + 125\\n24  libsystem_pthread.dylib             0x00007ff8187b3f6b thread_start + 15\\n&quot;}}&#x27;}<br/><br/>    def check_response(self, response: Dict[str, Any]) -&gt; None:<br/>        &quot;&quot;&quot;<br/>        Checks that a JSON response from the WebDriver does not have an error.<br/>    <br/>        :Args:<br/>         - response - The JSON response from the WebDriver server as a dictionary<br/>           object.<br/>    <br/>        :Raises: If the response contains an error message.<br/>        &quot;&quot;&quot;<br/>        status = response.get(&#x27;status&#x27;, None)<br/>        if not status or status == ErrorCode.SUCCESS:<br/>            return<br/>        value = None<br/>        message = response.get(&quot;message&quot;, &quot;&quot;)<br/>        screen: str = response.get(&quot;screen&quot;, &quot;&quot;)<br/>        stacktrace = None<br/>        if isinstance(status, int):<br/>            value_json = response.get(&#x27;value&#x27;, None)<br/>            if value_json and isinstance(value_json, str):<br/>                import json<br/>                try:<br/>                    value = json.loads(value_json)<br/>                    if len(value.keys()) == 1:<br/>                        value = value[&#x27;value&#x27;]<br/>                    status = value.get(&#x27;error&#x27;, None)<br/>                    if not status:<br/>                        status = value.get(&quot;status&quot;, ErrorCode.UNKNOWN_ERROR)<br/>                        message = value.get(&quot;value&quot;) or value.get(&quot;message&quot;)<br/>                        if not isinstance(message, str):<br/>                            value = message<br/>                            message = message.get(&#x27;message&#x27;)<br/>                    else:<br/>                        message = value.get(&#x27;message&#x27;, None)<br/>                except ValueError:<br/>                    pass<br/>    <br/>        exception_class: Type[WebDriverException]<br/>        if status in ErrorCode.NO_SUCH_ELEMENT:<br/>            exception_class = NoSuchElementException<br/>        elif status in ErrorCode.NO_SUCH_FRAME:<br/>            exception_class = NoSuchFrameException<br/>        elif status in ErrorCode.NO_SUCH_SHADOW_ROOT:<br/>            exception_class = NoSuchShadowRootException<br/>        elif status in ErrorCode.NO_SUCH_WINDOW:<br/>            exception_class = NoSuchWindowException<br/>        elif status in ErrorCode.STALE_ELEMENT_REFERENCE:<br/>            exception_class = StaleElementReferenceException<br/>        elif status in ErrorCode.ELEMENT_NOT_VISIBLE:<br/>            exception_class = ElementNotVisibleException<br/>        elif status in ErrorCode.INVALID_ELEMENT_STATE:<br/>            exception_class = InvalidElementStateException<br/>        elif status in ErrorCode.INVALID_SELECTOR \<br/>                or status in ErrorCode.INVALID_XPATH_SELECTOR \<br/>                or status in ErrorCode.INVALID_XPATH_SELECTOR_RETURN_TYPER:<br/>            exception_class = InvalidSelectorException<br/>        elif status in ErrorCode.ELEMENT_IS_NOT_SELECTABLE:<br/>            exception_class = ElementNotSelectableException<br/>        elif status in ErrorCode.ELEMENT_NOT_INTERACTABLE:<br/>            exception_class = ElementNotInteractableException<br/>        elif status in ErrorCode.INVALID_COOKIE_DOMAIN:<br/>            exception_class = InvalidCookieDomainException<br/>        elif status in ErrorCode.UNABLE_TO_SET_COOKIE:<br/>            exception_class = UnableToSetCookieException<br/>        elif status in ErrorCode.TIMEOUT:<br/>            exception_class = TimeoutException<br/>        elif status in ErrorCode.SCRIPT_TIMEOUT:<br/>            exception_class = TimeoutException<br/>        elif status in ErrorCode.UNKNOWN_ERROR:<br/>            exception_class = WebDriverException<br/>        elif status in ErrorCode.UNEXPECTED_ALERT_OPEN:<br/>            exception_class = UnexpectedAlertPresentException<br/>        elif status in ErrorCode.NO_ALERT_OPEN:<br/>            exception_class = NoAlertPresentException<br/>        elif status in ErrorCode.IME_NOT_AVAILABLE:<br/>            exception_class = ImeNotAvailableException<br/>        elif status in ErrorCode.IME_ENGINE_ACTIVATION_FAILED:<br/>            exception_class = ImeActivationFailedException<br/>        elif status in ErrorCode.MOVE_TARGET_OUT_OF_BOUNDS:<br/>            exception_class = MoveTargetOutOfBoundsException<br/>        elif status in ErrorCode.JAVASCRIPT_ERROR:<br/>            exception_class = JavascriptException<br/>        elif status in ErrorCode.SESSION_NOT_CREATED:<br/>            exception_class = SessionNotCreatedException<br/>        elif status in ErrorCode.INVALID_ARGUMENT:<br/>            exception_class = InvalidArgumentException<br/>        elif status in ErrorCode.NO_SUCH_COOKIE:<br/>            exception_class = NoSuchCookieException<br/>        elif status in ErrorCode.UNABLE_TO_CAPTURE_SCREEN:<br/>            exception_class = ScreenshotException<br/>        elif status in ErrorCode.ELEMENT_CLICK_INTERCEPTED:<br/>            exception_class = ElementClickInterceptedException<br/>        elif status in ErrorCode.INSECURE_CERTIFICATE:<br/>            exception_class = InsecureCertificateException<br/>        elif status in ErrorCode.INVALID_COORDINATES:<br/>            exception_class = InvalidCoordinatesException<br/>        elif status in ErrorCode.INVALID_SESSION_ID:<br/>            exception_class = InvalidSessionIdException<br/>        elif status in ErrorCode.UNKNOWN_METHOD:<br/>            exception_class = UnknownMethodException<br/>        else:<br/>            exception_class = WebDriverException<br/>        if not value:<br/>            value = response[&#x27;value&#x27;]<br/>        if isinstance(value, str):<br/>            raise exception_class(value)<br/>        if message == &quot;&quot; and &#x27;message&#x27; in value:<br/>            message = value[&#x27;message&#x27;]<br/>    <br/>        screen = None  # type: ignore[assignment]<br/>        if &#x27;screen&#x27; in value:<br/>            screen = value[&#x27;screen&#x27;]<br/>    <br/>        stacktrace = None<br/>        st_value = value.get(&#x27;stackTrace&#x27;) or value.get(&#x27;stacktrace&#x27;)<br/>        if st_value:<br/>            if isinstance(st_value, str):<br/>                stacktrace = st_value.split(&#x27;\n&#x27;)<br/>            else:<br/>                stacktrace = []<br/>                try:<br/>                    for frame in st_value:<br/>                        line = self._value_or_default(frame, &#x27;lineNumber&#x27;, &#x27;&#x27;)<br/>                        file = self._value_or_default(frame, &#x27;fileName&#x27;, &#x27;&lt;anonymous&gt;&#x27;)<br/>                        if line:<br/>                            file = &quot;%s:%s&quot; % (file, line)<br/>                        meth = self._value_or_default(frame, &#x27;methodName&#x27;, &#x27;&lt;anonymous&gt;&#x27;)<br/>                        if &#x27;className&#x27; in frame:<br/>                            meth = &quot;%s.%s&quot; % (frame[&#x27;className&#x27;], meth)<br/>                        msg = &quot;    at %s (%s)&quot;<br/>                        msg = msg % (meth, file)<br/>                        stacktrace.append(msg)<br/>                except TypeError:<br/>                    pass<br/>        if exception_class == UnexpectedAlertPresentException:<br/>            alert_text = None<br/>            if &#x27;data&#x27; in value:<br/>                alert_text = value[&#x27;data&#x27;].get(&#x27;text&#x27;)<br/>            elif &#x27;alert&#x27; in value:<br/>                alert_text = value[&#x27;alert&#x27;].get(&#x27;text&#x27;)<br/>            raise exception_class(message, screen, stacktrace, alert_text)  # type: ignore[call-arg]  # mypy is not smart enough here<br/>&gt;       raise exception_class(message, screen, stacktrace)<br/><span class="error">E       selenium.common.exceptions.ElementClickInterceptedException: Message: element click intercepted: Element is not clickable at point (329, 1092)</span><br/><span class="error">E         (Session info: chrome=100.0.4896.127)</span><br/><span class="error">E       Stacktrace:</span><br/><span class="error">E       0   chromedriver                        0x00000001064733d9 chromedriver + 5104601</span><br/><span class="error">E       1   chromedriver                        0x0000000106403bf3 chromedriver + 4647923</span><br/><span class="error">E       2   chromedriver                        0x0000000105ff4b48 chromedriver + 392008</span><br/><span class="error">E       3   chromedriver                        0x00000001060313c1 chromedriver + 639937</span><br/><span class="error">E       4   chromedriver                        0x000000010602efa9 chromedriver + 630697</span><br/><span class="error">E       5   chromedriver                        0x000000010602c674 chromedriver + 620148</span><br/><span class="error">E       6   chromedriver                        0x000000010602b432 chromedriver + 615474</span><br/><span class="error">E       7   chromedriver                        0x000000010601ed79 chromedriver + 564601</span><br/><span class="error">E       8   chromedriver                        0x00000001060476c2 chromedriver + 730818</span><br/><span class="error">E       9   chromedriver                        0x000000010601e635 chromedriver + 562741</span><br/><span class="error">E       10  chromedriver                        0x00000001060477ce chromedriver + 731086</span><br/><span class="error">E       11  chromedriver                        0x000000010605a091 chromedriver + 807057</span><br/><span class="error">E       12  chromedriver                        0x00000001060475b3 chromedriver + 730547</span><br/><span class="error">E       13  chromedriver                        0x000000010601d139 chromedriver + 557369</span><br/><span class="error">E       14  chromedriver                        0x000000010601e165 chromedriver + 561509</span><br/><span class="error">E       15  chromedriver                        0x000000010643239d chromedriver + 4838301</span><br/><span class="error">E       16  chromedriver                        0x000000010644acde chromedriver + 4938974</span><br/><span class="error">E       17  chromedriver                        0x000000010644fb5e chromedriver + 4959070</span><br/><span class="error">E       18  chromedriver                        0x000000010644b94a chromedriver + 4942154</span><br/><span class="error">E       19  chromedriver                        0x000000010642733c chromedriver + 4793148</span><br/><span class="error">E       20  chromedriver                        0x00000001064653b8 chromedriver + 5047224</span><br/><span class="error">E       21  chromedriver                        0x000000010646553f chromedriver + 5047615</span><br/><span class="error">E       22  chromedriver                        0x000000010647a705 chromedriver + 5134085</span><br/><span class="error">E       23  libsystem_pthread.dylib             0x00007ff8187b84e1 _pthread_start + 125</span><br/><span class="error">E       24  libsystem_pthread.dylib             0x00007ff8187b3f6b thread_start + 15</span><br/><br/>/usr/local/lib/python3.9/site-packages/selenium/webdriver/remote/errorhandler.py:247: ElementClickInterceptedException<br/></div></td></tr></tbody>
      <tbody class="xfailed results-table-row">
        <tr>
          <td class="col-result">XFailed</td>
          <td class="col-name">tests/automated/Automation/test_2signup.py::TestSignup::test_click_terms_of_use</td>
          <td class="col-duration">1.11</td>
          <td class="col-links"></td></tr>
        <tr>
          <td class="extra" colspan="4">
            <div class="log">self = &lt;Automation.test_2signup.TestSignup object at 0x1059a3280&gt;<br/><br/>    @pytest.mark.xfail  # Functionality is not yet implemented.<br/>    def test_click_terms_of_use(self):<br/>&gt;       funtion.driver.find_element(By.XPATH, &quot;//a[normalize-space()=&#x27;Terms of Use&#x27;]&quot;).click()<br/><br/>tests/automated/Automation/test_2signup.py:138: <br/>_ _ _ _ _ _ _ _ _ _ _ _ _ _ _ _ _ _ _ _ _ _ _ _ _ _ _ _ _ _ _ _ _ _ _ _ _ _ _ _ <br/>/usr/local/lib/python3.9/site-packages/selenium/webdriver/remote/webelement.py:81: in click<br/>    self._execute(Command.CLICK_ELEMENT)<br/>/usr/local/lib/python3.9/site-packages/selenium/webdriver/remote/webelement.py:710: in _execute<br/>    return self._parent.execute(command, params)<br/>/usr/local/lib/python3.9/site-packages/selenium/webdriver/remote/webdriver.py:424: in execute<br/>    self.error_handler.check_response(response)<br/>_ _ _ _ _ _ _ _ _ _ _ _ _ _ _ _ _ _ _ _ _ _ _ _ _ _ _ _ _ _ _ _ _ _ _ _ _ _ _ _ <br/><br/>self = &lt;selenium.webdriver.remote.errorhandler.ErrorHandler object at 0x10596ebe0&gt;<br/>response = {&#x27;status&#x27;: 400, &#x27;value&#x27;: &#x27;{&quot;value&quot;:{&quot;error&quot;:&quot;element click intercepted&quot;,&quot;message&quot;:&quot;element click intercepted: Element ...ff8187b84e1 _pthread_start + 125\\n24  libsystem_pthread.dylib             0x00007ff8187b3f6b thread_start + 15\\n&quot;}}&#x27;}<br/><br/>    def check_response(self, response: Dict[str, Any]) -&gt; None:<br/>        &quot;&quot;&quot;<br/>        Checks that a JSON response from the WebDriver does not have an error.<br/>    <br/>        :Args:<br/>         - response - The JSON response from the WebDriver server as a dictionary<br/>           object.<br/>    <br/>        :Raises: If the response contains an error message.<br/>        &quot;&quot;&quot;<br/>        status = response.get(&#x27;status&#x27;, None)<br/>        if not status or status == ErrorCode.SUCCESS:<br/>            return<br/>        value = None<br/>        message = response.get(&quot;message&quot;, &quot;&quot;)<br/>        screen: str = response.get(&quot;screen&quot;, &quot;&quot;)<br/>        stacktrace = None<br/>        if isinstance(status, int):<br/>            value_json = response.get(&#x27;value&#x27;, None)<br/>            if value_json and isinstance(value_json, str):<br/>                import json<br/>                try:<br/>                    value = json.loads(value_json)<br/>                    if len(value.keys()) == 1:<br/>                        value = value[&#x27;value&#x27;]<br/>                    status = value.get(&#x27;error&#x27;, None)<br/>                    if not status:<br/>                        status = value.get(&quot;status&quot;, ErrorCode.UNKNOWN_ERROR)<br/>                        message = value.get(&quot;value&quot;) or value.get(&quot;message&quot;)<br/>                        if not isinstance(message, str):<br/>                            value = message<br/>                            message = message.get(&#x27;message&#x27;)<br/>                    else:<br/>                        message = value.get(&#x27;message&#x27;, None)<br/>                except ValueError:<br/>                    pass<br/>    <br/>        exception_class: Type[WebDriverException]<br/>        if status in ErrorCode.NO_SUCH_ELEMENT:<br/>            exception_class = NoSuchElementException<br/>        elif status in ErrorCode.NO_SUCH_FRAME:<br/>            exception_class = NoSuchFrameException<br/>        elif status in ErrorCode.NO_SUCH_SHADOW_ROOT:<br/>            exception_class = NoSuchShadowRootException<br/>        elif status in ErrorCode.NO_SUCH_WINDOW:<br/>            exception_class = NoSuchWindowException<br/>        elif status in ErrorCode.STALE_ELEMENT_REFERENCE:<br/>            exception_class = StaleElementReferenceException<br/>        elif status in ErrorCode.ELEMENT_NOT_VISIBLE:<br/>            exception_class = ElementNotVisibleException<br/>        elif status in ErrorCode.INVALID_ELEMENT_STATE:<br/>            exception_class = InvalidElementStateException<br/>        elif status in ErrorCode.INVALID_SELECTOR \<br/>                or status in ErrorCode.INVALID_XPATH_SELECTOR \<br/>                or status in ErrorCode.INVALID_XPATH_SELECTOR_RETURN_TYPER:<br/>            exception_class = InvalidSelectorException<br/>        elif status in ErrorCode.ELEMENT_IS_NOT_SELECTABLE:<br/>            exception_class = ElementNotSelectableException<br/>        elif status in ErrorCode.ELEMENT_NOT_INTERACTABLE:<br/>            exception_class = ElementNotInteractableException<br/>        elif status in ErrorCode.INVALID_COOKIE_DOMAIN:<br/>            exception_class = InvalidCookieDomainException<br/>        elif status in ErrorCode.UNABLE_TO_SET_COOKIE:<br/>            exception_class = UnableToSetCookieException<br/>        elif status in ErrorCode.TIMEOUT:<br/>            exception_class = TimeoutException<br/>        elif status in ErrorCode.SCRIPT_TIMEOUT:<br/>            exception_class = TimeoutException<br/>        elif status in ErrorCode.UNKNOWN_ERROR:<br/>            exception_class = WebDriverException<br/>        elif status in ErrorCode.UNEXPECTED_ALERT_OPEN:<br/>            exception_class = UnexpectedAlertPresentException<br/>        elif status in ErrorCode.NO_ALERT_OPEN:<br/>            exception_class = NoAlertPresentException<br/>        elif status in ErrorCode.IME_NOT_AVAILABLE:<br/>            exception_class = ImeNotAvailableException<br/>        elif status in ErrorCode.IME_ENGINE_ACTIVATION_FAILED:<br/>            exception_class = ImeActivationFailedException<br/>        elif status in ErrorCode.MOVE_TARGET_OUT_OF_BOUNDS:<br/>            exception_class = MoveTargetOutOfBoundsException<br/>        elif status in ErrorCode.JAVASCRIPT_ERROR:<br/>            exception_class = JavascriptException<br/>        elif status in ErrorCode.SESSION_NOT_CREATED:<br/>            exception_class = SessionNotCreatedException<br/>        elif status in ErrorCode.INVALID_ARGUMENT:<br/>            exception_class = InvalidArgumentException<br/>        elif status in ErrorCode.NO_SUCH_COOKIE:<br/>            exception_class = NoSuchCookieException<br/>        elif status in ErrorCode.UNABLE_TO_CAPTURE_SCREEN:<br/>            exception_class = ScreenshotException<br/>        elif status in ErrorCode.ELEMENT_CLICK_INTERCEPTED:<br/>            exception_class = ElementClickInterceptedException<br/>        elif status in ErrorCode.INSECURE_CERTIFICATE:<br/>            exception_class = InsecureCertificateException<br/>        elif status in ErrorCode.INVALID_COORDINATES:<br/>            exception_class = InvalidCoordinatesException<br/>        elif status in ErrorCode.INVALID_SESSION_ID:<br/>            exception_class = InvalidSessionIdException<br/>        elif status in ErrorCode.UNKNOWN_METHOD:<br/>            exception_class = UnknownMethodException<br/>        else:<br/>            exception_class = WebDriverException<br/>        if not value:<br/>            value = response[&#x27;value&#x27;]<br/>        if isinstance(value, str):<br/>            raise exception_class(value)<br/>        if message == &quot;&quot; and &#x27;message&#x27; in value:<br/>            message = value[&#x27;message&#x27;]<br/>    <br/>        screen = None  # type: ignore[assignment]<br/>        if &#x27;screen&#x27; in value:<br/>            screen = value[&#x27;screen&#x27;]<br/>    <br/>        stacktrace = None<br/>        st_value = value.get(&#x27;stackTrace&#x27;) or value.get(&#x27;stacktrace&#x27;)<br/>        if st_value:<br/>            if isinstance(st_value, str):<br/>                stacktrace = st_value.split(&#x27;\n&#x27;)<br/>            else:<br/>                stacktrace = []<br/>                try:<br/>                    for frame in st_value:<br/>                        line = self._value_or_default(frame, &#x27;lineNumber&#x27;, &#x27;&#x27;)<br/>                        file = self._value_or_default(frame, &#x27;fileName&#x27;, &#x27;&lt;anonymous&gt;&#x27;)<br/>                        if line:<br/>                            file = &quot;%s:%s&quot; % (file, line)<br/>                        meth = self._value_or_default(frame, &#x27;methodName&#x27;, &#x27;&lt;anonymous&gt;&#x27;)<br/>                        if &#x27;className&#x27; in frame:<br/>                            meth = &quot;%s.%s&quot; % (frame[&#x27;className&#x27;], meth)<br/>                        msg = &quot;    at %s (%s)&quot;<br/>                        msg = msg % (meth, file)<br/>                        stacktrace.append(msg)<br/>                except TypeError:<br/>                    pass<br/>        if exception_class == UnexpectedAlertPresentException:<br/>            alert_text = None<br/>            if &#x27;data&#x27; in value:<br/>                alert_text = value[&#x27;data&#x27;].get(&#x27;text&#x27;)<br/>            elif &#x27;alert&#x27; in value:<br/>                alert_text = value[&#x27;alert&#x27;].get(&#x27;text&#x27;)<br/>            raise exception_class(message, screen, stacktrace, alert_text)  # type: ignore[call-arg]  # mypy is not smart enough here<br/>&gt;       raise exception_class(message, screen, stacktrace)<br/><span class="error">E       selenium.common.exceptions.ElementClickInterceptedException: Message: element click intercepted: Element is not clickable at point (941, 844)</span><br/><span class="error">E         (Session info: chrome=100.0.4896.127)</span><br/><span class="error">E       Stacktrace:</span><br/><span class="error">E       0   chromedriver                        0x00000001064733d9 chromedriver + 5104601</span><br/><span class="error">E       1   chromedriver                        0x0000000106403bf3 chromedriver + 4647923</span><br/><span class="error">E       2   chromedriver                        0x0000000105ff4b48 chromedriver + 392008</span><br/><span class="error">E       3   chromedriver                        0x00000001060313c1 chromedriver + 639937</span><br/><span class="error">E       4   chromedriver                        0x000000010602efa9 chromedriver + 630697</span><br/><span class="error">E       5   chromedriver                        0x000000010602c674 chromedriver + 620148</span><br/><span class="error">E       6   chromedriver                        0x000000010602b432 chromedriver + 615474</span><br/><span class="error">E       7   chromedriver                        0x000000010601ed79 chromedriver + 564601</span><br/><span class="error">E       8   chromedriver                        0x00000001060476c2 chromedriver + 730818</span><br/><span class="error">E       9   chromedriver                        0x000000010601e635 chromedriver + 562741</span><br/><span class="error">E       10  chromedriver                        0x00000001060477ce chromedriver + 731086</span><br/><span class="error">E       11  chromedriver                        0x000000010605a091 chromedriver + 807057</span><br/><span class="error">E       12  chromedriver                        0x00000001060475b3 chromedriver + 730547</span><br/><span class="error">E       13  chromedriver                        0x000000010601d139 chromedriver + 557369</span><br/><span class="error">E       14  chromedriver                        0x000000010601e165 chromedriver + 561509</span><br/><span class="error">E       15  chromedriver                        0x000000010643239d chromedriver + 4838301</span><br/><span class="error">E       16  chromedriver                        0x000000010644acde chromedriver + 4938974</span><br/><span class="error">E       17  chromedriver                        0x000000010644fb5e chromedriver + 4959070</span><br/><span class="error">E       18  chromedriver                        0x000000010644b94a chromedriver + 4942154</span><br/><span class="error">E       19  chromedriver                        0x000000010642733c chromedriver + 4793148</span><br/><span class="error">E       20  chromedriver                        0x00000001064653b8 chromedriver + 5047224</span><br/><span class="error">E       21  chromedriver                        0x000000010646553f chromedriver + 5047615</span><br/><span class="error">E       22  chromedriver                        0x000000010647a705 chromedriver + 5134085</span><br/><span class="error">E       23  libsystem_pthread.dylib             0x00007ff8187b84e1 _pthread_start + 125</span><br/><span class="error">E       24  libsystem_pthread.dylib             0x00007ff8187b3f6b thread_start + 15</span><br/><br/>/usr/local/lib/python3.9/site-packages/selenium/webdriver/remote/errorhandler.py:247: ElementClickInterceptedException<br/></div></td></tr></tbody>
      <tbody class="skipped results-table-row">
        <tr>
          <td class="col-result">Skipped</td>
          <td class="col-name">tests/automated/Automation/test_5login_z.py::test_able_to_login</td>
          <td class="col-duration">0.00</td>
          <td class="col-links"></td></tr>
        <tr>
          <td class="extra" colspan="4">
            <div class="log">(&#x27;/Users/piyushwadhwa/Downloads/SF git clone/Automate_smart_financial/tests/automated/Automation/test_5login_z.py&#x27;, 65, &#x27;Skipped: unconditional skip&#x27;)<br/></div></td></tr></tbody>
      <tbody class="passed results-table-row">
        <tr>
          <td class="col-result">Passed</td>
          <td class="col-name">tests/automated/Automation/test_1open_browser.py::test_T1_open_browser</td>
          <td class="col-duration">3.49</td>
          <td class="col-links"></td></tr>
        <tr>
          <td class="extra" colspan="4">
            <div class="empty log">No log output captured.</div></td></tr></tbody>
      <tbody class="passed results-table-row">
        <tr>
          <td class="col-result">Passed</td>
          <td class="col-name">tests/automated/Automation/test_2signup.py::TestSignup::test_signup_enable_or_not</td>
          <td class="col-duration">0.03</td>
          <td class="col-links"></td></tr>
        <tr>
          <td class="extra" colspan="4">
            <div class="empty log">No log output captured.</div></td></tr></tbody>
      <tbody class="passed results-table-row">
        <tr>
          <td class="col-result">Passed</td>
          <td class="col-name">tests/automated/Automation/test_2signup.py::TestSignup::test_signup_text</td>
          <td class="col-duration">0.02</td>
          <td class="col-links"></td></tr>
        <tr>
          <td class="extra" colspan="4">
            <div class="empty log">No log output captured.</div></td></tr></tbody>
      <tbody class="passed results-table-row">
        <tr>
          <td class="col-result">Passed</td>
          <td class="col-name">tests/automated/Automation/test_2signup.py::TestSignup::testClick_signup</td>
          <td class="col-duration">5.11</td>
          <td class="col-links"></td></tr>
        <tr>
          <td class="extra" colspan="4">
            <div class="empty log">No log output captured.</div></td></tr></tbody>
      <tbody class="passed results-table-row">
        <tr>
          <td class="col-result">Passed</td>
          <td class="col-name">tests/automated/Automation/test_2signup.py::TestSignup::testEnter_first_name_enable</td>
          <td class="col-duration">0.02</td>
          <td class="col-links"></td></tr>
        <tr>
          <td class="extra" colspan="4">
            <div class="empty log">No log output captured.</div></td></tr></tbody>
      <tbody class="passed results-table-row">
        <tr>
          <td class="col-result">Passed</td>
          <td class="col-name">tests/automated/Automation/test_2signup.py::TestSignup::testEnter_first_name</td>
          <td class="col-duration">0.01</td>
          <td class="col-links"></td></tr>
        <tr>
          <td class="extra" colspan="4">
            <div class="empty log">No log output captured.</div></td></tr></tbody>
      <tbody class="passed results-table-row">
        <tr>
          <td class="col-result">Passed</td>
          <td class="col-name">tests/automated/Automation/test_2signup.py::TestSignup::testEnter_Last_name_enable</td>
          <td class="col-duration">0.01</td>
          <td class="col-links"></td></tr>
        <tr>
          <td class="extra" colspan="4">
            <div class="empty log">No log output captured.</div></td></tr></tbody>
      <tbody class="passed results-table-row">
        <tr>
          <td class="col-result">Passed</td>
          <td class="col-name">tests/automated/Automation/test_2signup.py::TestSignup::testEnter_last_name</td>
          <td class="col-duration">0.02</td>
          <td class="col-links"></td></tr>
        <tr>
          <td class="extra" colspan="4">
            <div class="empty log">No log output captured.</div></td></tr></tbody>
      <tbody class="passed results-table-row">
        <tr>
          <td class="col-result">Passed</td>
          <td class="col-name">tests/automated/Automation/test_2signup.py::TestSignup::testEnter_phone_number_enable</td>
          <td class="col-duration">0.01</td>
          <td class="col-links"></td></tr>
        <tr>
          <td class="extra" colspan="4">
            <div class="empty log">No log output captured.</div></td></tr></tbody>
      <tbody class="passed results-table-row">
        <tr>
          <td class="col-result">Passed</td>
          <td class="col-name">tests/automated/Automation/test_2signup.py::TestSignup::testEnter_phone_number</td>
          <td class="col-duration">0.02</td>
          <td class="col-links"></td></tr>
        <tr>
          <td class="extra" colspan="4">
            <div class="empty log">No log output captured.</div></td></tr></tbody>
      <tbody class="passed results-table-row">
        <tr>
          <td class="col-result">Passed</td>
          <td class="col-name">tests/automated/Automation/test_2signup.py::TestSignup::testEnter_timezone_enable</td>
          <td class="col-duration">0.01</td>
          <td class="col-links"></td></tr>
        <tr>
          <td class="extra" colspan="4">
            <div class="empty log">No log output captured.</div></td></tr></tbody>
      <tbody class="passed results-table-row">
        <tr>
          <td class="col-result">Passed</td>
          <td class="col-name">tests/automated/Automation/test_2signup.py::TestSignup::testEnter_timezone</td>
          <td class="col-duration">0.02</td>
          <td class="col-links"></td></tr>
        <tr>
          <td class="extra" colspan="4">
            <div class="empty log">No log output captured.</div></td></tr></tbody>
      <tbody class="passed results-table-row">
        <tr>
          <td class="col-result">Passed</td>
          <td class="col-name">tests/automated/Automation/test_2signup.py::TestSignup::testEnter_address_enable</td>
          <td class="col-duration">0.01</td>
          <td class="col-links"></td></tr>
        <tr>
          <td class="extra" colspan="4">
            <div class="empty log">No log output captured.</div></td></tr></tbody>
      <tbody class="passed results-table-row">
        <tr>
          <td class="col-result">Passed</td>
          <td class="col-name">tests/automated/Automation/test_2signup.py::TestSignup::testEnter_Address</td>
          <td class="col-duration">0.02</td>
          <td class="col-links"></td></tr>
        <tr>
          <td class="extra" colspan="4">
            <div class="empty log">No log output captured.</div></td></tr></tbody>
      <tbody class="passed results-table-row">
        <tr>
          <td class="col-result">Passed</td>
          <td class="col-name">tests/automated/Automation/test_2signup.py::TestSignup::testEnter_city_enable</td>
          <td class="col-duration">0.01</td>
          <td class="col-links"></td></tr>
        <tr>
          <td class="extra" colspan="4">
            <div class="empty log">No log output captured.</div></td></tr></tbody>
      <tbody class="passed results-table-row">
        <tr>
          <td class="col-result">Passed</td>
          <td class="col-name">tests/automated/Automation/test_2signup.py::TestSignup::testEnter_city_text</td>
          <td class="col-duration">0.02</td>
          <td class="col-links"></td></tr>
        <tr>
          <td class="extra" colspan="4">
            <div class="empty log">No log output captured.</div></td></tr></tbody>
      <tbody class="passed results-table-row">
        <tr>
          <td class="col-result">Passed</td>
          <td class="col-name">tests/automated/Automation/test_2signup.py::TestSignup::testEnter_state_text</td>
          <td class="col-duration">0.02</td>
          <td class="col-links"></td></tr>
        <tr>
          <td class="extra" colspan="4">
            <div class="empty log">No log output captured.</div></td></tr></tbody>
      <tbody class="passed results-table-row">
        <tr>
          <td class="col-result">Passed</td>
          <td class="col-name">tests/automated/Automation/test_2signup.py::TestSignup::testEnter_zipcode_enable</td>
          <td class="col-duration">0.03</td>
          <td class="col-links"></td></tr>
        <tr>
          <td class="extra" colspan="4">
            <div class="empty log">No log output captured.</div></td></tr></tbody>
      <tbody class="passed results-table-row">
        <tr>
          <td class="col-result">Passed</td>
          <td class="col-name">tests/automated/Automation/test_2signup.py::TestSignup::testEnter_zipcode</td>
          <td class="col-duration">0.02</td>
          <td class="col-links"></td></tr>
        <tr>
          <td class="extra" colspan="4">
            <div class="empty log">No log output captured.</div></td></tr></tbody>
      <tbody class="passed results-table-row">
        <tr>
          <td class="col-result">Passed</td>
          <td class="col-name">tests/automated/Automation/test_2signup.py::TestSignup::testEnter_email_place_enable</td>
          <td class="col-duration">0.01</td>
          <td class="col-links"></td></tr>
        <tr>
          <td class="extra" colspan="4">
            <div class="empty log">No log output captured.</div></td></tr></tbody>
      <tbody class="passed results-table-row">
        <tr>
          <td class="col-result">Passed</td>
          <td class="col-name">tests/automated/Automation/test_2signup.py::TestSignup::testEnter_email_place</td>
          <td class="col-duration">0.02</td>
          <td class="col-links"></td></tr>
        <tr>
          <td class="extra" colspan="4">
            <div class="empty log">No log output captured.</div></td></tr></tbody>
      <tbody class="passed results-table-row">
        <tr>
          <td class="col-result">Passed</td>
          <td class="col-name">tests/automated/Automation/test_2signup.py::TestSignup::test_Enter_Password_enable</td>
          <td class="col-duration">0.01</td>
          <td class="col-links"></td></tr>
        <tr>
          <td class="extra" colspan="4">
            <div class="empty log">No log output captured.</div></td></tr></tbody>
      <tbody class="passed results-table-row">
        <tr>
          <td class="col-result">Passed</td>
          <td class="col-name">tests/automated/Automation/test_2signup.py::TestSignup::testEnter_Password</td>
          <td class="col-duration">0.03</td>
          <td class="col-links"></td></tr>
        <tr>
          <td class="extra" colspan="4">
            <div class="empty log">No log output captured.</div></td></tr></tbody>
      <tbody class="passed results-table-row">
        <tr>
          <td class="col-result">Passed</td>
          <td class="col-name">tests/automated/Automation/test_2signup.py::TestSignup::test_text_on_button_register</td>
          <td class="col-duration">0.03</td>
          <td class="col-links"></td></tr>
        <tr>
          <td class="extra" colspan="4">
            <div class="empty log">No log output captured.</div></td></tr></tbody>
      <tbody class="passed results-table-row">
        <tr>
          <td class="col-result">Passed</td>
          <td class="col-name">tests/automated/Automation/test_2signup.py::TestSignup::test_click_button_register_enable</td>
          <td class="col-duration">0.03</td>
          <td class="col-links"></td></tr>
        <tr>
          <td class="extra" colspan="4">
            <div class="empty log">No log output captured.</div></td></tr></tbody>
      <tbody class="passed results-table-row">
        <tr>
          <td class="col-result">Passed</td>
          <td class="col-name">tests/automated/Automation/test_2signup.py::TestSignup::test_click_button_register</td>
          <td class="col-duration">3.10</td>
          <td class="col-links"></td></tr>
        <tr>
          <td class="extra" colspan="4">
            <div class="empty log">No log output captured.</div></td></tr></tbody>
      <tbody class="passed results-table-row">
        <tr>
          <td class="col-result">Passed</td>
          <td class="col-name">tests/automated/Automation/test_2signup.py::TestSignup::test_text_by_registering_you_agree_to_the</td>
          <td class="col-duration">0.02</td>
          <td class="col-links"></td></tr>
        <tr>
          <td class="extra" colspan="4">
            <div class="empty log">No log output captured.</div></td></tr></tbody>
      <tbody class="passed results-table-row">
        <tr>
          <td class="col-result">Passed</td>
          <td class="col-name">tests/automated/Automation/test_2signup.py::TestSignup::test_text_click_terms_of_use</td>
          <td class="col-duration">0.02</td>
          <td class="col-links"></td></tr>
        <tr>
          <td class="extra" colspan="4">
            <div class="empty log">No log output captured.</div></td></tr></tbody>
      <tbody class="passed results-table-row">
        <tr>
          <td class="col-result">Passed</td>
          <td class="col-name">tests/automated/Automation/test_2signup.py::TestSignup::test_terms_of_use_enable</td>
          <td class="col-duration">3.01</td>
          <td class="col-links"></td></tr>
        <tr>
          <td class="extra" colspan="4">
            <div class="empty log">No log output captured.</div></td></tr></tbody>
      <tbody class="passed results-table-row">
        <tr>
          <td class="col-result">Passed</td>
          <td class="col-name">tests/automated/Automation/test_2signup.py::TestSignup::test_already_have_an_account</td>
          <td class="col-duration">0.02</td>
          <td class="col-links"></td></tr>
        <tr>
          <td class="extra" colspan="4">
            <div class="empty log">No log output captured.</div></td></tr></tbody>
      <tbody class="passed results-table-row">
        <tr>
          <td class="col-result">Passed</td>
          <td class="col-name">tests/automated/Automation/test_2signup.py::TestSignup::testbacktologin</td>
          <td class="col-duration">0.02</td>
          <td class="col-links"></td></tr>
        <tr>
          <td class="extra" colspan="4">
            <div class="empty log">No log output captured.</div></td></tr></tbody>
      <tbody class="passed results-table-row">
        <tr>
          <td class="col-result">Passed</td>
          <td class="col-name">tests/automated/Automation/test_2signup.py::TestSignup::test_login_button_to_go_back_to_login_page_enable</td>
          <td class="col-duration">0.01</td>
          <td class="col-links"></td></tr>
        <tr>
          <td class="extra" colspan="4">
            <div class="empty log">No log output captured.</div></td></tr></tbody>
      <tbody class="passed results-table-row">
        <tr>
          <td class="col-result">Passed</td>
          <td class="col-name">tests/automated/Automation/test_2signup.py::TestSignup::testtext_2022_Smart_Financial</td>
          <td class="col-duration">0.02</td>
          <td class="col-links"></td></tr>
        <tr>
          <td class="extra" colspan="4">
            <div class="empty log">No log output captured.</div></td></tr></tbody>
      <tbody class="passed results-table-row">
        <tr>
          <td class="col-result">Passed</td>
          <td class="col-name">tests/automated/Automation/test_2signup.py::TestSignup::test_back_to_login</td>
          <td class="col-duration">0.01</td>
          <td class="col-links"></td></tr>
        <tr>
          <td class="extra" colspan="4">
            <div class="empty log">No log output captured.</div></td></tr></tbody>
      <tbody class="passed results-table-row">
        <tr>
          <td class="col-result">Passed</td>
          <td class="col-name">tests/automated/Automation/test_3signup_with_invalid_senario.py::test_click_button_register</td>
          <td class="col-duration">5.08</td>
          <td class="col-links"></td></tr>
        <tr>
          <td class="extra" colspan="4">
            <div class="empty log">No log output captured.</div></td></tr></tbody>
      <tbody class="passed results-table-row">
        <tr>
          <td class="col-result">Passed</td>
          <td class="col-name">tests/automated/Automation/test_3signup_with_invalid_senario.py::test_Please_enter_you_first_name</td>
          <td class="col-duration">0.02</td>
          <td class="col-links"></td></tr>
        <tr>
          <td class="extra" colspan="4">
            <div class="empty log">No log output captured.</div></td></tr></tbody>
      <tbody class="passed results-table-row">
        <tr>
          <td class="col-result">Passed</td>
          <td class="col-name">tests/automated/Automation/test_3signup_with_invalid_senario.py::test_Please_select_a_time_zone</td>
          <td class="col-duration">0.02</td>
          <td class="col-links"></td></tr>
        <tr>
          <td class="extra" colspan="4">
            <div class="empty log">No log output captured.</div></td></tr></tbody>
      <tbody class="passed results-table-row">
        <tr>
          <td class="col-result">Passed</td>
          <td class="col-name">tests/automated/Automation/test_3signup_with_invalid_senario.py::test_Please_enter_your_address</td>
          <td class="col-duration">0.03</td>
          <td class="col-links"></td></tr>
        <tr>
          <td class="extra" colspan="4">
            <div class="empty log">No log output captured.</div></td></tr></tbody>
      <tbody class="passed results-table-row">
        <tr>
          <td class="col-result">Passed</td>
          <td class="col-name">tests/automated/Automation/test_3signup_with_invalid_senario.py::test_Please_enter_your_city</td>
          <td class="col-duration">0.02</td>
          <td class="col-links"></td></tr>
        <tr>
          <td class="extra" colspan="4">
            <div class="empty log">No log output captured.</div></td></tr></tbody>
      <tbody class="passed results-table-row">
        <tr>
          <td class="col-result">Passed</td>
          <td class="col-name">tests/automated/Automation/test_3signup_with_invalid_senario.py::test_Please_enter_your_state</td>
          <td class="col-duration">0.02</td>
          <td class="col-links"></td></tr>
        <tr>
          <td class="extra" colspan="4">
            <div class="empty log">No log output captured.</div></td></tr></tbody>
      <tbody class="passed results-table-row">
        <tr>
          <td class="col-result">Passed</td>
          <td class="col-name">tests/automated/Automation/test_3signup_with_invalid_senario.py::test_Please_enter_your_zip</td>
          <td class="col-duration">0.02</td>
          <td class="col-links"></td></tr>
        <tr>
          <td class="extra" colspan="4">
            <div class="empty log">No log output captured.</div></td></tr></tbody>
      <tbody class="passed results-table-row">
        <tr>
          <td class="col-result">Passed</td>
          <td class="col-name">tests/automated/Automation/test_3signup_with_invalid_senario.py::test_Please_enter_a_valid_email</td>
          <td class="col-duration">0.02</td>
          <td class="col-links"></td></tr>
        <tr>
          <td class="extra" colspan="4">
            <div class="empty log">No log output captured.</div></td></tr></tbody>
      <tbody class="passed results-table-row">
        <tr>
          <td class="col-result">Passed</td>
          <td class="col-name">tests/automated/Automation/test_3signup_with_invalid_senario.py::test_Please_enter_your_password</td>
          <td class="col-duration">0.02</td>
          <td class="col-links"></td></tr>
        <tr>
          <td class="extra" colspan="4">
            <div class="empty log">No log output captured.</div></td></tr></tbody>
      <tbody class="passed results-table-row">
        <tr>
          <td class="col-result">Passed</td>
          <td class="col-name">tests/automated/Automation/test_3signup_with_invalid_senario.py::test_enter_signup_details</td>
          <td class="col-duration">12.33</td>
          <td class="col-links"></td></tr>
        <tr>
          <td class="extra" colspan="4">
            <div class="empty log">No log output captured.</div></td></tr></tbody>
      <tbody class="passed results-table-row">
        <tr>
          <td class="col-result">Passed</td>
          <td class="col-name">tests/automated/Automation/test_3signup_with_invalid_senario.py::test_user_should_not_able_to_log_in_with_in_valid_email</td>
          <td class="col-duration">8.39</td>
          <td class="col-links"></td></tr>
        <tr>
          <td class="extra" colspan="4">
            <div class="empty log">No log output captured.</div></td></tr></tbody>
      <tbody class="passed results-table-row">
        <tr>
          <td class="col-result">Passed</td>
          <td class="col-name">tests/automated/Automation/test_3signup_with_invalid_senario.py::test_first_name_and_last_name_for_more_then_2_har_and_in_address_3_char</td>
          <td class="col-duration">0.77</td>
          <td class="col-links"></td></tr>
        <tr>
          <td class="extra" colspan="4">
            <div class="empty log">No log output captured.</div></td></tr></tbody>
      <tbody class="passed results-table-row">
        <tr>
          <td class="col-result">Passed</td>
          <td class="col-name">tests/automated/Automation/test_3signup_with_invalid_senario.py::test_first_name_must_be_at_least_2_characters</td>
          <td class="col-duration">0.02</td>
          <td class="col-links"></td></tr>
        <tr>
          <td class="extra" colspan="4">
            <div class="empty log">No log output captured.</div></td></tr></tbody>
      <tbody class="passed results-table-row">
        <tr>
          <td class="col-result">Passed</td>
          <td class="col-name">tests/automated/Automation/test_3signup_with_invalid_senario.py::test_not_able_to_sign_up_with_invalid_zip</td>
          <td class="col-duration">0.74</td>
          <td class="col-links"></td></tr>
        <tr>
          <td class="extra" colspan="4">
            <div class="empty log">No log output captured.</div></td></tr></tbody>
      <tbody class="passed results-table-row">
        <tr>
          <td class="col-result">Passed</td>
          <td class="col-name">tests/automated/Automation/test_4login_with_invalid_senarios.py::test_Click_login</td>
          <td class="col-duration">2.05</td>
          <td class="col-links"></td></tr>
        <tr>
          <td class="extra" colspan="4">
            <div class="empty log">No log output captured.</div></td></tr></tbody>
      <tbody class="passed results-table-row">
        <tr>
          <td class="col-result">Passed</td>
          <td class="col-name">tests/automated/Automation/test_4login_with_invalid_senarios.py::test_please_enter_your_email</td>
          <td class="col-duration">0.02</td>
          <td class="col-links"></td></tr>
        <tr>
          <td class="extra" colspan="4">
            <div class="empty log">No log output captured.</div></td></tr></tbody>
      <tbody class="passed results-table-row">
        <tr>
          <td class="col-result">Passed</td>
          <td class="col-name">tests/automated/Automation/test_4login_with_invalid_senarios.py::test_please_enter_your_password</td>
          <td class="col-duration">0.02</td>
          <td class="col-links"></td></tr>
        <tr>
          <td class="extra" colspan="4">
            <div class="empty log">No log output captured.</div></td></tr></tbody>
      <tbody class="passed results-table-row">
        <tr>
          <td class="col-result">Passed</td>
          <td class="col-name">tests/automated/Automation/test_4login_with_invalid_senarios.py::test_enter_email_not_password</td>
          <td class="col-duration">3.04</td>
          <td class="col-links"></td></tr>
        <tr>
          <td class="extra" colspan="4">
            <div class="empty log">No log output captured.</div></td></tr></tbody>
      <tbody class="passed results-table-row">
        <tr>
          <td class="col-result">Passed</td>
          <td class="col-name">tests/automated/Automation/test_4login_with_invalid_senarios.py::test_enter_password_not_email</td>
          <td class="col-duration">3.80</td>
          <td class="col-links"></td></tr>
        <tr>
          <td class="extra" colspan="4">
            <div class="empty log">No log output captured.</div></td></tr></tbody>
      <tbody class="passed results-table-row">
        <tr>
          <td class="col-result">Passed</td>
          <td class="col-name">tests/automated/Automation/test_4login_with_invalid_senarios.py::test_invalid_email</td>
          <td class="col-duration">0.79</td>
          <td class="col-links"></td></tr>
        <tr>
          <td class="extra" colspan="4">
            <div class="empty log">No log output captured.</div></td></tr></tbody>
      <tbody class="passed results-table-row">
        <tr>
          <td class="col-result">Passed</td>
          <td class="col-name">tests/automated/Automation/test_4login_with_invalid_senarios.py::test_invalid_password</td>
          <td class="col-duration">6.97</td>
          <td class="col-links"></td></tr>
        <tr>
          <td class="extra" colspan="4">
            <div class="empty log">No log output captured.</div></td></tr></tbody>
      <tbody class="passed results-table-row">
        <tr>
          <td class="col-result">Passed</td>
          <td class="col-name">tests/automated/Automation/test_5login_z.py::test_smart_financial_title_image</td>
          <td class="col-duration">0.01</td>
          <td class="col-links"></td></tr>
        <tr>
          <td class="extra" colspan="4">
            <div class="empty log">No log output captured.</div></td></tr></tbody>
      <tbody class="passed results-table-row">
        <tr>
          <td class="col-result">Passed</td>
          <td class="col-name">tests/automated/Automation/test_5login_z.py::test_T1_email_input_field</td>
          <td class="col-duration">0.01</td>
          <td class="col-links"></td></tr>
        <tr>
          <td class="extra" colspan="4">
            <div class="empty log">No log output captured.</div></td></tr></tbody>
      <tbody class="passed results-table-row">
        <tr>
          <td class="col-result">Passed</td>
          <td class="col-name">tests/automated/Automation/test_5login_z.py::test_T2_password_input_field</td>
          <td class="col-duration">0.01</td>
          <td class="col-links"></td></tr>
        <tr>
          <td class="extra" colspan="4">
            <div class="empty log">No log output captured.</div></td></tr></tbody>
      <tbody class="passed results-table-row">
        <tr>
          <td class="col-result">Passed</td>
          <td class="col-name">tests/automated/Automation/test_5login_z.py::test_T3_email_text</td>
          <td class="col-duration">0.02</td>
          <td class="col-links"></td></tr>
        <tr>
          <td class="extra" colspan="4">
            <div class="empty log">No log output captured.</div></td></tr></tbody>
      <tbody class="passed results-table-row">
        <tr>
          <td class="col-result">Passed</td>
          <td class="col-name">tests/automated/Automation/test_5login_z.py::test_T4_password_text</td>
          <td class="col-duration">0.01</td>
          <td class="col-links"></td></tr>
        <tr>
          <td class="extra" colspan="4">
            <div class="empty log">No log output captured.</div></td></tr></tbody>
      <tbody class="passed results-table-row">
        <tr>
          <td class="col-result">Passed</td>
          <td class="col-name">tests/automated/Automation/test_5login_z.py::test_remember_me_text</td>
          <td class="col-duration">0.02</td>
          <td class="col-links"></td></tr>
        <tr>
          <td class="extra" colspan="4">
            <div class="empty log">No log output captured.</div></td></tr></tbody>
      <tbody class="passed results-table-row">
        <tr>
          <td class="col-result">Passed</td>
          <td class="col-name">tests/automated/Automation/test_5login_z.py::test_text_2022_Smart_Financial</td>
          <td class="col-duration">0.02</td>
          <td class="col-links"></td></tr>
        <tr>
          <td class="extra" colspan="4">
            <div class="empty log">No log output captured.</div></td></tr></tbody>
      <tbody class="passed results-table-row">
        <tr>
          <td class="col-result">Passed</td>
          <td class="col-name">tests/automated/Automation/test_5login_z.py::test_remember_me</td>
          <td class="col-duration">4.09</td>
          <td class="col-links"></td></tr>
        <tr>
          <td class="extra" colspan="4">
            <div class="empty log">No log output captured.</div></td></tr></tbody>
      <tbody class="passed results-table-row">
        <tr>
          <td class="col-result">Passed</td>
          <td class="col-name">tests/automated/Automation/test_5login_z.py::test_login</td>
          <td class="col-duration">5.21</td>
          <td class="col-links"></td></tr>
        <tr>
          <td class="extra" colspan="4">
            <div class="empty log">No log output captured.</div></td></tr></tbody>
      <tbody class="passed results-table-row">
        <tr>
          <td class="col-result">Passed</td>
          <td class="col-name">tests/automated/Automation/test_5login_z.py::test_login_button_text</td>
          <td class="col-duration">0.02</td>
          <td class="col-links"></td></tr>
        <tr>
          <td class="extra" colspan="4">
            <div class="empty log">No log output captured.</div></td></tr></tbody>
      <tbody class="passed results-table-row">
        <tr>
          <td class="col-result">Passed</td>
          <td class="col-name">tests/automated/Automation/test_5login_z.py::test_login_button</td>
          <td class="col-duration">0.04</td>
          <td class="col-links"></td></tr>
        <tr>
          <td class="extra" colspan="4">
            <div class="empty log">No log output captured.</div></td></tr></tbody>
      <tbody class="passed results-table-row">
        <tr>
          <td class="col-result">Passed</td>
          <td class="col-name">tests/automated/Automation/test_6forgot_password.py::test_text_of_forgot_password</td>
          <td class="col-duration">0.02</td>
          <td class="col-links"></td></tr>
        <tr>
          <td class="extra" colspan="4">
            <div class="empty log">No log output captured.</div></td></tr></tbody>
      <tbody class="passed results-table-row">
        <tr>
          <td class="col-result">Passed</td>
          <td class="col-name">tests/automated/Automation/test_6forgot_password.py::test_Forgot_password_enable</td>
          <td class="col-duration">0.01</td>
          <td class="col-links"></td></tr>
        <tr>
          <td class="extra" colspan="4">
            <div class="empty log">No log output captured.</div></td></tr></tbody>
      <tbody class="passed results-table-row">
        <tr>
          <td class="col-result">Passed</td>
          <td class="col-name">tests/automated/Automation/test_6forgot_password.py::test_Click_forgot_password</td>
          <td class="col-duration">3.10</td>
          <td class="col-links"></td></tr>
        <tr>
          <td class="extra" colspan="4">
            <div class="empty log">No log output captured.</div></td></tr></tbody>
      <tbody class="passed results-table-row">
        <tr>
          <td class="col-result">Passed</td>
          <td class="col-name">tests/automated/Automation/test_6forgot_password.py::testIn_forgot_password_email</td>
          <td class="col-duration">0.02</td>
          <td class="col-links"></td></tr>
        <tr>
          <td class="extra" colspan="4">
            <div class="empty log">No log output captured.</div></td></tr></tbody>
      <tbody class="passed results-table-row">
        <tr>
          <td class="col-result">Passed</td>
          <td class="col-name">tests/automated/Automation/test_6forgot_password.py::test_text_2022_Smart_Financial</td>
          <td class="col-duration">0.02</td>
          <td class="col-links"></td></tr>
        <tr>
          <td class="extra" colspan="4">
            <div class="empty log">No log output captured.</div></td></tr></tbody>
      <tbody class="passed results-table-row">
        <tr>
          <td class="col-result">Passed</td>
          <td class="col-name">tests/automated/Automation/test_6forgot_password.py::testIn_email_enable</td>
          <td class="col-duration">0.02</td>
          <td class="col-links"></td></tr>
        <tr>
          <td class="extra" colspan="4">
            <div class="empty log">No log output captured.</div></td></tr></tbody>
      <tbody class="passed results-table-row">
        <tr>
          <td class="col-result">Passed</td>
          <td class="col-name">tests/automated/Automation/test_6forgot_password.py::testIn_email_place_holder</td>
          <td class="col-duration">0.02</td>
          <td class="col-links"></td></tr>
        <tr>
          <td class="extra" colspan="4">
            <div class="empty log">No log output captured.</div></td></tr></tbody>
      <tbody class="passed results-table-row">
        <tr>
          <td class="col-result">Passed</td>
          <td class="col-name">tests/automated/Automation/test_6forgot_password.py::test_enter_the_email_for_reseting_of_password</td>
          <td class="col-duration">0.12</td>
          <td class="col-links"></td></tr>
        <tr>
          <td class="extra" colspan="4">
            <div class="empty log">No log output captured.</div></td></tr></tbody>
      <tbody class="passed results-table-row">
        <tr>
          <td class="col-result">Passed</td>
          <td class="col-name">tests/automated/Automation/test_6forgot_password.py::testtext_on_reset_button</td>
          <td class="col-duration">0.01</td>
          <td class="col-links"></td></tr>
        <tr>
          <td class="extra" colspan="4">
            <div class="empty log">No log output captured.</div></td></tr></tbody>
      <tbody class="passed results-table-row">
        <tr>
          <td class="col-result">Passed</td>
          <td class="col-name">tests/automated/Automation/test_6forgot_password.py::test_click_on_reset_button_enble</td>
          <td class="col-duration">0.01</td>
          <td class="col-links"></td></tr>
        <tr>
          <td class="extra" colspan="4">
            <div class="empty log">No log output captured.</div></td></tr></tbody>
      <tbody class="passed results-table-row">
        <tr>
          <td class="col-result">Passed</td>
          <td class="col-name">tests/automated/Automation/test_6forgot_password.py::test_click_on_reset_button</td>
          <td class="col-duration">0.08</td>
          <td class="col-links"></td></tr>
        <tr>
          <td class="extra" colspan="4">
            <div class="empty log">No log output captured.</div></td></tr></tbody>
      <tbody class="passed results-table-row">
        <tr>
          <td class="col-result">Passed</td>
          <td class="col-name">tests/automated/Automation/test_6forgot_password.py::testbacktologin</td>
          <td class="col-duration">0.02</td>
          <td class="col-links"></td></tr>
        <tr>
          <td class="extra" colspan="4">
            <div class="empty log">No log output captured.</div></td></tr></tbody>
      <tbody class="passed results-table-row">
        <tr>
          <td class="col-result">Passed</td>
          <td class="col-name">tests/automated/Automation/test_6forgot_password.py::test_click_on_login_button_to_go_back_to_login_page</td>
          <td class="col-duration">0.04</td>
          <td class="col-links"></td></tr>
        <tr>
          <td class="extra" colspan="4">
            <div class="empty log">No log output captured.</div></td></tr></tbody>
      <tbody class="passed results-table-row">
        <tr>
          <td class="col-result">Passed</td>
          <td class="col-name">tests/automated/Automation/test_7roles.py::Test_roles_SF::test_organization</td>
          <td class="col-duration">3.41</td>
          <td class="col-links"></td></tr>
        <tr>
          <td class="extra" colspan="4">
            <div class="empty log">No log output captured.</div></td></tr></tbody>
      <tbody class="passed results-table-row">
        <tr>
          <td class="col-result">Passed</td>
          <td class="col-name">tests/automated/Automation/test_7roles.py::Test_roles_SF::test_roles</td>
          <td class="col-duration">0.27</td>
          <td class="col-links"></td></tr>
        <tr>
          <td class="extra" colspan="4">
            <div class="empty log">No log output captured.</div></td></tr></tbody>
      <tbody class="passed results-table-row">
        <tr>
          <td class="col-result">Passed</td>
          <td class="col-name">tests/automated/Automation/test_7roles.py::Test_roles_SF::test_abc</td>
          <td class="col-duration">5.03</td>
          <td class="col-links"></td></tr>
        <tr>
          <td class="extra" colspan="4">
            <div class="log"> ------------------------------Captured stdout call------------------------------ <br/>Message: no such element: Unable to locate element: {&quot;method&quot;:&quot;css selector&quot;,&quot;selector&quot;:&quot;.text-dark&quot;}
  (Session info: chrome=100.0.4896.127)
Stacktrace:
0   chromedriver                        0x00000001064733d9 chromedriver + 5104601
1   chromedriver                        0x0000000106403bf3 chromedriver + 4647923
2   chromedriver                        0x0000000105ff4b48 chromedriver + 392008
3   chromedriver                        0x0000000106029e26 chromedriver + 609830
4   chromedriver                        0x0000000106029fe1 chromedriver + 610273
5   chromedriver                        0x000000010601e6f7 chromedriver + 562935
6   chromedriver                        0x00000001060476ed chromedriver + 730861
7   chromedriver                        0x000000010601e635 chromedriver + 562741
8   chromedriver                        0x00000001060477ce chromedriver + 731086
9   chromedriver                        0x000000010605a091 chromedriver + 807057
10  chromedriver                        0x00000001060475b3 chromedriver + 730547
11  chromedriver                        0x000000010601d139 chromedriver + 557369
12  chromedriver                        0x000000010601e165 chromedriver + 561509
13  chromedriver                        0x000000010643239d chromedriver + 4838301
14  chromedriver                        0x000000010644acde chromedriver + 4938974
15  chromedriver                        0x000000010644fb5e chromedriver + 4959070
16  chromedriver                        0x000000010644b94a chromedriver + 4942154
17  chromedriver                        0x000000010642733c chromedriver + 4793148
18  chromedriver                        0x00000001064653b8 chromedriver + 5047224
19  chromedriver                        0x000000010646553f chromedriver + 5047615
20  chromedriver                        0x000000010647a705 chromedriver + 5134085
21  libsystem_pthread.dylib             0x00007ff8187b84e1 _pthread_start + 125
22  libsystem_pthread.dylib             0x00007ff8187b3f6b thread_start + 15

<br/></div></td></tr></tbody></table></body></html>