<!DOCTYPE html>
<html>
  <head>
    <meta charset="utf-8"/>
    <title>Test Report</title>
    <style>body {
  font-family: Helvetica, Arial, sans-serif;
  font-size: 12px;
  /* do not increase min-width as some may use split screens */
  min-width: 800px;
  color: #999;
}

h1 {
  font-size: 24px;
  color: black;
}

h2 {
  font-size: 16px;
  color: black;
}

p {
  color: black;
}

a {
  color: #999;
}

table {
  border-collapse: collapse;
}

/******************************
 * SUMMARY INFORMATION
 ******************************/
#environment td {
  padding: 5px;
  border: 1px solid #E6E6E6;
}
#environment tr:nth-child(odd) {
  background-color: #f6f6f6;
}

/******************************
 * TEST RESULT COLORS
 ******************************/
span.passed,
.passed .col-result {
  color: green;
}

span.skipped,
span.xfailed,
span.rerun,
.skipped .col-result,
.xfailed .col-result,
.rerun .col-result {
  color: orange;
}

span.error,
span.failed,
span.xpassed,
.error .col-result,
.failed .col-result,
.xpassed .col-result {
  color: red;
}

/******************************
 * RESULTS TABLE
 *
 * 1. Table Layout
 * 2. Extra
 * 3. Sorting items
 *
 ******************************/
/*------------------
 * 1. Table Layout
 *------------------*/
#results-table {
  border: 1px solid #e6e6e6;
  color: #999;
  font-size: 12px;
  width: 100%;
}
#results-table th,
#results-table td {
  padding: 5px;
  border: 1px solid #E6E6E6;
  text-align: left;
}
#results-table th {
  font-weight: bold;
}

/*------------------
 * 2. Extra
 *------------------*/
.log {
  background-color: #e6e6e6;
  border: 1px solid #e6e6e6;
  color: black;
  display: block;
  font-family: "Courier New", Courier, monospace;
  height: 230px;
  overflow-y: scroll;
  padding: 5px;
  white-space: pre-wrap;
}
.log:only-child {
  height: inherit;
}

div.image {
  border: 1px solid #e6e6e6;
  float: right;
  height: 240px;
  margin-left: 5px;
  overflow: hidden;
  width: 320px;
}
div.image img {
  width: 320px;
}

div.video {
  border: 1px solid #e6e6e6;
  float: right;
  height: 240px;
  margin-left: 5px;
  overflow: hidden;
  width: 320px;
}
div.video video {
  overflow: hidden;
  width: 320px;
  height: 240px;
}

.collapsed {
  display: none;
}

.expander::after {
  content: " (show details)";
  color: #BBB;
  font-style: italic;
  cursor: pointer;
}

.collapser::after {
  content: " (hide details)";
  color: #BBB;
  font-style: italic;
  cursor: pointer;
}

/*------------------
 * 3. Sorting items
 *------------------*/
.sortable {
  cursor: pointer;
}

.sort-icon {
  font-size: 0px;
  float: left;
  margin-right: 5px;
  margin-top: 5px;
  /*triangle*/
  width: 0;
  height: 0;
  border-left: 8px solid transparent;
  border-right: 8px solid transparent;
}
.inactive .sort-icon {
  /*finish triangle*/
  border-top: 8px solid #E6E6E6;
}
.asc.active .sort-icon {
  /*finish triangle*/
  border-bottom: 8px solid #999;
}
.desc.active .sort-icon {
  /*finish triangle*/
  border-top: 8px solid #999;
}
</style></head>
  <body onLoad="init()">
    <script>/* This Source Code Form is subject to the terms of the Mozilla Public
 * License, v. 2.0. If a copy of the MPL was not distributed with this file,
 * You can obtain one at http://mozilla.org/MPL/2.0/. */


function toArray(iter) {
    if (iter === null) {
        return null;
    }
    return Array.prototype.slice.call(iter);
}

function find(selector, elem) { // eslint-disable-line no-redeclare
    if (!elem) {
        elem = document;
    }
    return elem.querySelector(selector);
}

function findAll(selector, elem) {
    if (!elem) {
        elem = document;
    }
    return toArray(elem.querySelectorAll(selector));
}

function sortColumn(elem) {
    toggleSortStates(elem);
    const colIndex = toArray(elem.parentNode.childNodes).indexOf(elem);
    let key;
    if (elem.classList.contains('result')) {
        key = keyResult;
    } else if (elem.classList.contains('links')) {
        key = keyLink;
    } else {
        key = keyAlpha;
    }
    sortTable(elem, key(colIndex));
}

function showAllExtras() { // eslint-disable-line no-unused-vars
    findAll('.col-result').forEach(showExtras);
}

function hideAllExtras() { // eslint-disable-line no-unused-vars
    findAll('.col-result').forEach(hideExtras);
}

function showExtras(colresultElem) {
    const extras = colresultElem.parentNode.nextElementSibling;
    const expandcollapse = colresultElem.firstElementChild;
    extras.classList.remove('collapsed');
    expandcollapse.classList.remove('expander');
    expandcollapse.classList.add('collapser');
}

function hideExtras(colresultElem) {
    const extras = colresultElem.parentNode.nextElementSibling;
    const expandcollapse = colresultElem.firstElementChild;
    extras.classList.add('collapsed');
    expandcollapse.classList.remove('collapser');
    expandcollapse.classList.add('expander');
}

function showFilters() {
    const filterItems = document.getElementsByClassName('filter');
    for (let i = 0; i < filterItems.length; i++)
        filterItems[i].hidden = false;
}

function addCollapse() {
    // Add links for show/hide all
    const resulttable = find('table#results-table');
    const showhideall = document.createElement('p');
    showhideall.innerHTML = '<a href="javascript:showAllExtras()">Show all details</a> / ' +
                            '<a href="javascript:hideAllExtras()">Hide all details</a>';
    resulttable.parentElement.insertBefore(showhideall, resulttable);

    // Add show/hide link to each result
    findAll('.col-result').forEach(function(elem) {
        const collapsed = getQueryParameter('collapsed') || 'Passed';
        const extras = elem.parentNode.nextElementSibling;
        const expandcollapse = document.createElement('span');
        if (extras.classList.contains('collapsed')) {
            expandcollapse.classList.add('expander');
        } else if (collapsed.includes(elem.innerHTML)) {
            extras.classList.add('collapsed');
            expandcollapse.classList.add('expander');
        } else {
            expandcollapse.classList.add('collapser');
        }
        elem.appendChild(expandcollapse);

        elem.addEventListener('click', function(event) {
            if (event.currentTarget.parentNode.nextElementSibling.classList.contains('collapsed')) {
                showExtras(event.currentTarget);
            } else {
                hideExtras(event.currentTarget);
            }
        });
    });
}

function getQueryParameter(name) {
    const match = RegExp('[?&]' + name + '=([^&]*)').exec(window.location.search);
    return match && decodeURIComponent(match[1].replace(/\+/g, ' '));
}

function init () { // eslint-disable-line no-unused-vars
    resetSortHeaders();

    addCollapse();

    showFilters();

    sortColumn(find('.initial-sort'));

    findAll('.sortable').forEach(function(elem) {
        elem.addEventListener('click',
            function() {
                sortColumn(elem);
            }, false);
    });
}

function sortTable(clicked, keyFunc) {
    const rows = findAll('.results-table-row');
    const reversed = !clicked.classList.contains('asc');
    const sortedRows = sort(rows, keyFunc, reversed);
    /* Whole table is removed here because browsers acts much slower
     * when appending existing elements.
     */
    const thead = document.getElementById('results-table-head');
    document.getElementById('results-table').remove();
    const parent = document.createElement('table');
    parent.id = 'results-table';
    parent.appendChild(thead);
    sortedRows.forEach(function(elem) {
        parent.appendChild(elem);
    });
    document.getElementsByTagName('BODY')[0].appendChild(parent);
}

function sort(items, keyFunc, reversed) {
    const sortArray = items.map(function(item, i) {
        return [keyFunc(item), i];
    });

    sortArray.sort(function(a, b) {
        const keyA = a[0];
        const keyB = b[0];

        if (keyA == keyB) return 0;

        if (reversed) {
            return keyA < keyB ? 1 : -1;
        } else {
            return keyA > keyB ? 1 : -1;
        }
    });

    return sortArray.map(function(item) {
        const index = item[1];
        return items[index];
    });
}

function keyAlpha(colIndex) {
    return function(elem) {
        return elem.childNodes[1].childNodes[colIndex].firstChild.data.toLowerCase();
    };
}

function keyLink(colIndex) {
    return function(elem) {
        const dataCell = elem.childNodes[1].childNodes[colIndex].firstChild;
        return dataCell == null ? '' : dataCell.innerText.toLowerCase();
    };
}

function keyResult(colIndex) {
    return function(elem) {
        const strings = ['Error', 'Failed', 'Rerun', 'XFailed', 'XPassed',
            'Skipped', 'Passed'];
        return strings.indexOf(elem.childNodes[1].childNodes[colIndex].firstChild.data);
    };
}

function resetSortHeaders() {
    findAll('.sort-icon').forEach(function(elem) {
        elem.parentNode.removeChild(elem);
    });
    findAll('.sortable').forEach(function(elem) {
        const icon = document.createElement('div');
        icon.className = 'sort-icon';
        icon.textContent = 'vvv';
        elem.insertBefore(icon, elem.firstChild);
        elem.classList.remove('desc', 'active');
        elem.classList.add('asc', 'inactive');
    });
}

function toggleSortStates(elem) {
    //if active, toggle between asc and desc
    if (elem.classList.contains('active')) {
        elem.classList.toggle('asc');
        elem.classList.toggle('desc');
    }

    //if inactive, reset all other functions and add ascending active
    if (elem.classList.contains('inactive')) {
        resetSortHeaders();
        elem.classList.remove('inactive');
        elem.classList.add('active');
    }
}

function isAllRowsHidden(value) {
    return value.hidden == false;
}

function filterTable(elem) { // eslint-disable-line no-unused-vars
    const outcomeAtt = 'data-test-result';
    const outcome = elem.getAttribute(outcomeAtt);
    const classOutcome = outcome + ' results-table-row';
    const outcomeRows = document.getElementsByClassName(classOutcome);

    for(let i = 0; i < outcomeRows.length; i++){
        outcomeRows[i].hidden = !elem.checked;
    }

    const rows = findAll('.results-table-row').filter(isAllRowsHidden);
    const allRowsHidden = rows.length == 0 ? true : false;
    const notFoundMessage = document.getElementById('not-found-message');
    notFoundMessage.hidden = !allRowsHidden;
}
</script>
    <h1>report.html</h1>
    <p>Report generated on 06-May-2022 at 16:59:20 by <a href="https://pypi.python.org/pypi/pytest-html">pytest-html</a> v3.1.1</p>
    <h2>Environment</h2>
    <table id="environment">
      <tr>
        <td>JAVA_HOME</td>
        <td>C:\Program Files\Java\jdk-11.0.1</td></tr>
      <tr>
        <td>Packages</td>
        <td>{"pluggy": "1.0.0", "py": "1.11.0", "pytest": "7.0.1"}</td></tr>
      <tr>
        <td>Platform</td>
        <td>Windows-10-10.0.19042-SP0</td></tr>
      <tr>
        <td>Plugins</td>
        <td>{"Faker": "13.2.0", "html": "3.1.1", "metadata": "1.11.0", "order": "1.0.1"}</td></tr>
      <tr>
        <td>Python</td>
        <td>3.10.2</td></tr></table>
    <h2>Summary</h2>
    <p>93 tests ran in 178.45 seconds. </p>
    <p class="filter" hidden="true">(Un)check the boxes to filter the results.</p><input checked="true" class="filter" data-test-result="passed" hidden="true" name="filter_checkbox" onChange="filterTable(this)" type="checkbox"/><span class="passed">86 passed</span>, <input checked="true" class="filter" data-test-result="skipped" hidden="true" name="filter_checkbox" onChange="filterTable(this)" type="checkbox"/><span class="skipped">3 skipped</span>, <input checked="true" class="filter" data-test-result="failed" hidden="true" name="filter_checkbox" onChange="filterTable(this)" type="checkbox"/><span class="failed">6 failed</span>, <input checked="true" class="filter" data-test-result="error" disabled="true" hidden="true" name="filter_checkbox" onChange="filterTable(this)" type="checkbox"/><span class="error">0 errors</span>, <input checked="true" class="filter" data-test-result="xfailed" disabled="true" hidden="true" name="filter_checkbox" onChange="filterTable(this)" type="checkbox"/><span class="xfailed">0 expected failures</span>, <input checked="true" class="filter" data-test-result="xpassed" hidden="true" name="filter_checkbox" onChange="filterTable(this)" type="checkbox"/><span class="xpassed">1 unexpected passes</span>
    <h2>Results</h2>
    <table id="results-table">
      <thead id="results-table-head">
        <tr>
          <th class="sortable result initial-sort" col="result">Result</th>
          <th class="sortable" col="name">Test</th>
          <th class="sortable" col="duration">Duration</th>
          <th class="sortable links" col="links">Links</th></tr>
        <tr hidden="true" id="not-found-message">
          <th colspan="4">No results found. Try to check the filters</th></tr></thead>
      <tbody class="failed results-table-row">
        <tr>
          <td class="col-result">Failed</td>
          <td class="col-name">Automation/test_00007roles_creation.py::TestRoles::test_new_role_without_any_permission</td>
          <td class="col-duration">4.12</td>
          <td class="col-links"></td></tr>
        <tr>
          <td class="extra" colspan="4">
            <div class="log">self = &lt;Automation.test_00007roles_creation.TestRoles object at 0x000002083C195930&gt;<br/><br/>        def test_new_role_without_any_permission(self):<br/>            function.driver.back()<br/>            time.sleep(3)<br/>    # click on new role creation button<br/>&gt;           function.driver.find_element(By.XPATH, &quot;//a[normalize-space()=&#x27;Create New Role&#x27;]&quot;).click()<br/><br/>Automation\test_00007roles_creation.py:69: <br/>_ _ _ _ _ _ _ _ _ _ _ _ _ _ _ _ _ _ _ _ _ _ _ _ _ _ _ _ _ _ _ _ _ _ _ _ _ _ _ _ <br/>C:\Users\buzz4health\AppData\Roaming\Python\Python310\site-packages\selenium\webdriver\remote\webelement.py:81: in click<br/>    self._execute(Command.CLICK_ELEMENT)<br/>C:\Users\buzz4health\AppData\Roaming\Python\Python310\site-packages\selenium\webdriver\remote\webelement.py:710: in _execute<br/>    return self._parent.execute(command, params)<br/>C:\Users\buzz4health\AppData\Roaming\Python\Python310\site-packages\selenium\webdriver\remote\webdriver.py:425: in execute<br/>    self.error_handler.check_response(response)<br/>_ _ _ _ _ _ _ _ _ _ _ _ _ _ _ _ _ _ _ _ _ _ _ _ _ _ _ _ _ _ _ _ _ _ _ _ _ _ _ _ <br/><br/>self = &lt;selenium.webdriver.remote.errorhandler.ErrorHandler object at 0x000002083B8E8250&gt;<br/>response = {&#x27;status&#x27;: 400, &#x27;value&#x27;: &#x27;{&quot;value&quot;:{&quot;error&quot;:&quot;element click intercepted&quot;,&quot;message&quot;:&quot;element click intercepted: Element ...\n\\tRtlGetAppContainerNamedObjectPath [0x77637A7E+286]\\n\\tRtlGetAppContainerNamedObjectPath [0x77637A4E+238]\\n&quot;}}&#x27;}<br/><br/>    def check_response(self, response: Dict[str, Any]) -&gt; None:<br/>        &quot;&quot;&quot;<br/>        Checks that a JSON response from the WebDriver does not have an error.<br/>    <br/>        :Args:<br/>         - response - The JSON response from the WebDriver server as a dictionary<br/>           object.<br/>    <br/>        :Raises: If the response contains an error message.<br/>        &quot;&quot;&quot;<br/>        status = response.get(&#x27;status&#x27;, None)<br/>        if not status or status == ErrorCode.SUCCESS:<br/>            return<br/>        value = None<br/>        message = response.get(&quot;message&quot;, &quot;&quot;)<br/>        screen: str = response.get(&quot;screen&quot;, &quot;&quot;)<br/>        stacktrace = None<br/>        if isinstance(status, int):<br/>            value_json = response.get(&#x27;value&#x27;, None)<br/>            if value_json and isinstance(value_json, str):<br/>                import json<br/>                try:<br/>                    value = json.loads(value_json)<br/>                    if len(value.keys()) == 1:<br/>                        value = value[&#x27;value&#x27;]<br/>                    status = value.get(&#x27;error&#x27;, None)<br/>                    if not status:<br/>                        status = value.get(&quot;status&quot;, ErrorCode.UNKNOWN_ERROR)<br/>                        message = value.get(&quot;value&quot;) or value.get(&quot;message&quot;)<br/>                        if not isinstance(message, str):<br/>                            value = message<br/>                            message = message.get(&#x27;message&#x27;)<br/>                    else:<br/>                        message = value.get(&#x27;message&#x27;, None)<br/>                except ValueError:<br/>                    pass<br/>    <br/>        exception_class: Type[WebDriverException]<br/>        if status in ErrorCode.NO_SUCH_ELEMENT:<br/>            exception_class = NoSuchElementException<br/>        elif status in ErrorCode.NO_SUCH_FRAME:<br/>            exception_class = NoSuchFrameException<br/>        elif status in ErrorCode.NO_SUCH_SHADOW_ROOT:<br/>            exception_class = NoSuchShadowRootException<br/>        elif status in ErrorCode.NO_SUCH_WINDOW:<br/>            exception_class = NoSuchWindowException<br/>        elif status in ErrorCode.STALE_ELEMENT_REFERENCE:<br/>            exception_class = StaleElementReferenceException<br/>        elif status in ErrorCode.ELEMENT_NOT_VISIBLE:<br/>            exception_class = ElementNotVisibleException<br/>        elif status in ErrorCode.INVALID_ELEMENT_STATE:<br/>            exception_class = InvalidElementStateException<br/>        elif status in ErrorCode.INVALID_SELECTOR \<br/>                or status in ErrorCode.INVALID_XPATH_SELECTOR \<br/>                or status in ErrorCode.INVALID_XPATH_SELECTOR_RETURN_TYPER:<br/>            exception_class = InvalidSelectorException<br/>        elif status in ErrorCode.ELEMENT_IS_NOT_SELECTABLE:<br/>            exception_class = ElementNotSelectableException<br/>        elif status in ErrorCode.ELEMENT_NOT_INTERACTABLE:<br/>            exception_class = ElementNotInteractableException<br/>        elif status in ErrorCode.INVALID_COOKIE_DOMAIN:<br/>            exception_class = InvalidCookieDomainException<br/>        elif status in ErrorCode.UNABLE_TO_SET_COOKIE:<br/>            exception_class = UnableToSetCookieException<br/>        elif status in ErrorCode.TIMEOUT:<br/>            exception_class = TimeoutException<br/>        elif status in ErrorCode.SCRIPT_TIMEOUT:<br/>            exception_class = TimeoutException<br/>        elif status in ErrorCode.UNKNOWN_ERROR:<br/>            exception_class = WebDriverException<br/>        elif status in ErrorCode.UNEXPECTED_ALERT_OPEN:<br/>            exception_class = UnexpectedAlertPresentException<br/>        elif status in ErrorCode.NO_ALERT_OPEN:<br/>            exception_class = NoAlertPresentException<br/>        elif status in ErrorCode.IME_NOT_AVAILABLE:<br/>            exception_class = ImeNotAvailableException<br/>        elif status in ErrorCode.IME_ENGINE_ACTIVATION_FAILED:<br/>            exception_class = ImeActivationFailedException<br/>        elif status in ErrorCode.MOVE_TARGET_OUT_OF_BOUNDS:<br/>            exception_class = MoveTargetOutOfBoundsException<br/>        elif status in ErrorCode.JAVASCRIPT_ERROR:<br/>            exception_class = JavascriptException<br/>        elif status in ErrorCode.SESSION_NOT_CREATED:<br/>            exception_class = SessionNotCreatedException<br/>        elif status in ErrorCode.INVALID_ARGUMENT:<br/>            exception_class = InvalidArgumentException<br/>        elif status in ErrorCode.NO_SUCH_COOKIE:<br/>            exception_class = NoSuchCookieException<br/>        elif status in ErrorCode.UNABLE_TO_CAPTURE_SCREEN:<br/>            exception_class = ScreenshotException<br/>        elif status in ErrorCode.ELEMENT_CLICK_INTERCEPTED:<br/>            exception_class = ElementClickInterceptedException<br/>        elif status in ErrorCode.INSECURE_CERTIFICATE:<br/>            exception_class = InsecureCertificateException<br/>        elif status in ErrorCode.INVALID_COORDINATES:<br/>            exception_class = InvalidCoordinatesException<br/>        elif status in ErrorCode.INVALID_SESSION_ID:<br/>            exception_class = InvalidSessionIdException<br/>        elif status in ErrorCode.UNKNOWN_METHOD:<br/>            exception_class = UnknownMethodException<br/>        else:<br/>            exception_class = WebDriverException<br/>        if not value:<br/>            value = response[&#x27;value&#x27;]<br/>        if isinstance(value, str):<br/>            raise exception_class(value)<br/>        if message == &quot;&quot; and &#x27;message&#x27; in value:<br/>            message = value[&#x27;message&#x27;]<br/>    <br/>        screen = None  # type: ignore[assignment]<br/>        if &#x27;screen&#x27; in value:<br/>            screen = value[&#x27;screen&#x27;]<br/>    <br/>        stacktrace = None<br/>        st_value = value.get(&#x27;stackTrace&#x27;) or value.get(&#x27;stacktrace&#x27;)<br/>        if st_value:<br/>            if isinstance(st_value, str):<br/>                stacktrace = st_value.split(&#x27;\n&#x27;)<br/>            else:<br/>                stacktrace = []<br/>                try:<br/>                    for frame in st_value:<br/>                        line = self._value_or_default(frame, &#x27;lineNumber&#x27;, &#x27;&#x27;)<br/>                        file = self._value_or_default(frame, &#x27;fileName&#x27;, &#x27;&lt;anonymous&gt;&#x27;)<br/>                        if line:<br/>                            file = &quot;%s:%s&quot; % (file, line)<br/>                        meth = self._value_or_default(frame, &#x27;methodName&#x27;, &#x27;&lt;anonymous&gt;&#x27;)<br/>                        if &#x27;className&#x27; in frame:<br/>                            meth = &quot;%s.%s&quot; % (frame[&#x27;className&#x27;], meth)<br/>                        msg = &quot;    at %s (%s)&quot;<br/>                        msg = msg % (meth, file)<br/>                        stacktrace.append(msg)<br/>                except TypeError:<br/>                    pass<br/>        if exception_class == UnexpectedAlertPresentException:<br/>            alert_text = None<br/>            if &#x27;data&#x27; in value:<br/>                alert_text = value[&#x27;data&#x27;].get(&#x27;text&#x27;)<br/>            elif &#x27;alert&#x27; in value:<br/>                alert_text = value[&#x27;alert&#x27;].get(&#x27;text&#x27;)<br/>            raise exception_class(message, screen, stacktrace, alert_text)  # type: ignore[call-arg]  # mypy is not smart enough here<br/>&gt;       raise exception_class(message, screen, stacktrace)<br/><span class="error">E       selenium.common.exceptions.ElementClickInterceptedException: Message: element click intercepted: Element is not clickable at point (1780, -94)</span><br/><span class="error">E         (Session info: chrome=101.0.4951.54)</span><br/><span class="error">E       Stacktrace:</span><br/><span class="error">E       Backtrace:</span><br/><span class="error">E       	Ordinal0 [0x0050B8F3+2406643]</span><br/><span class="error">E       	Ordinal0 [0x0049AF31+1945393]</span><br/><span class="error">E       	Ordinal0 [0x0038C748+837448]</span><br/><span class="error">E       	Ordinal0 [0x003BFA1B+1047067]</span><br/><span class="error">E       	Ordinal0 [0x003BD9F8+1038840]</span><br/><span class="error">E       	Ordinal0 [0x003BB6DB+1029851]</span><br/><span class="error">E       	Ordinal0 [0x003BA439+1025081]</span><br/><span class="error">E       	Ordinal0 [0x003B0083+983171]</span><br/><span class="error">E       	Ordinal0 [0x003D427C+1131132]</span><br/><span class="error">E       	Ordinal0 [0x003AFA64+981604]</span><br/><span class="error">E       	Ordinal0 [0x003D4494+1131668]</span><br/><span class="error">E       	Ordinal0 [0x003E4682+1197698]</span><br/><span class="error">E       	Ordinal0 [0x003D4096+1130646]</span><br/><span class="error">E       	Ordinal0 [0x003AE636+976438]</span><br/><span class="error">E       	Ordinal0 [0x003AF546+980294]</span><br/><span class="error">E       	GetHandleVerifier [0x00779612+2498066]</span><br/><span class="error">E       	GetHandleVerifier [0x0076C920+2445600]</span><br/><span class="error">E       	GetHandleVerifier [0x005A4F2A+579370]</span><br/><span class="error">E       	GetHandleVerifier [0x005A3D36+574774]</span><br/><span class="error">E       	Ordinal0 [0x004A1C0B+1973259]</span><br/><span class="error">E       	Ordinal0 [0x004A6688+1992328]</span><br/><span class="error">E       	Ordinal0 [0x004A6775+1992565]</span><br/><span class="error">E       	Ordinal0 [0x004AF8D1+2029777]</span><br/><span class="error">E       	BaseThreadInitThunk [0x76F1FA29+25]</span><br/><span class="error">E       	RtlGetAppContainerNamedObjectPath [0x77637A7E+286]</span><br/><span class="error">E       	RtlGetAppContainerNamedObjectPath [0x77637A4E+238]</span><br/><br/>C:\Users\buzz4health\AppData\Roaming\Python\Python310\site-packages\selenium\webdriver\remote\errorhandler.py:247: ElementClickInterceptedException<br/></div></td></tr></tbody>
      <tbody class="failed results-table-row">
        <tr>
          <td class="col-result">Failed</td>
          <td class="col-name">Automation/test_00007roles_creation.py::TestRoles::test_log_out</td>
          <td class="col-duration">1.05</td>
          <td class="col-links"></td></tr>
        <tr>
          <td class="extra" colspan="4">
            <div class="log">self = &lt;Automation.test_00007roles_creation.TestRoles object at 0x000002083C195150&gt;<br/><br/>    def test_log_out(self):<br/>&gt;       function.driver.find_element(By.XPATH, &quot;//img[@alt=&#x27;Header Avatar&#x27;]&quot;).click()<br/><br/>Automation\test_00007roles_creation.py:79: <br/>_ _ _ _ _ _ _ _ _ _ _ _ _ _ _ _ _ _ _ _ _ _ _ _ _ _ _ _ _ _ _ _ _ _ _ _ _ _ _ _ <br/>C:\Users\buzz4health\AppData\Roaming\Python\Python310\site-packages\selenium\webdriver\remote\webelement.py:81: in click<br/>    self._execute(Command.CLICK_ELEMENT)<br/>C:\Users\buzz4health\AppData\Roaming\Python\Python310\site-packages\selenium\webdriver\remote\webelement.py:710: in _execute<br/>    return self._parent.execute(command, params)<br/>C:\Users\buzz4health\AppData\Roaming\Python\Python310\site-packages\selenium\webdriver\remote\webdriver.py:425: in execute<br/>    self.error_handler.check_response(response)<br/>_ _ _ _ _ _ _ _ _ _ _ _ _ _ _ _ _ _ _ _ _ _ _ _ _ _ _ _ _ _ _ _ _ _ _ _ _ _ _ _ <br/><br/>self = &lt;selenium.webdriver.remote.errorhandler.ErrorHandler object at 0x000002083B8E8250&gt;<br/>response = {&#x27;status&#x27;: 400, &#x27;value&#x27;: &#x27;{&quot;value&quot;:{&quot;error&quot;:&quot;element click intercepted&quot;,&quot;message&quot;:&quot;element click intercepted: Element ...\n\\tRtlGetAppContainerNamedObjectPath [0x77637A7E+286]\\n\\tRtlGetAppContainerNamedObjectPath [0x77637A4E+238]\\n&quot;}}&#x27;}<br/><br/>    def check_response(self, response: Dict[str, Any]) -&gt; None:<br/>        &quot;&quot;&quot;<br/>        Checks that a JSON response from the WebDriver does not have an error.<br/>    <br/>        :Args:<br/>         - response - The JSON response from the WebDriver server as a dictionary<br/>           object.<br/>    <br/>        :Raises: If the response contains an error message.<br/>        &quot;&quot;&quot;<br/>        status = response.get(&#x27;status&#x27;, None)<br/>        if not status or status == ErrorCode.SUCCESS:<br/>            return<br/>        value = None<br/>        message = response.get(&quot;message&quot;, &quot;&quot;)<br/>        screen: str = response.get(&quot;screen&quot;, &quot;&quot;)<br/>        stacktrace = None<br/>        if isinstance(status, int):<br/>            value_json = response.get(&#x27;value&#x27;, None)<br/>            if value_json and isinstance(value_json, str):<br/>                import json<br/>                try:<br/>                    value = json.loads(value_json)<br/>                    if len(value.keys()) == 1:<br/>                        value = value[&#x27;value&#x27;]<br/>                    status = value.get(&#x27;error&#x27;, None)<br/>                    if not status:<br/>                        status = value.get(&quot;status&quot;, ErrorCode.UNKNOWN_ERROR)<br/>                        message = value.get(&quot;value&quot;) or value.get(&quot;message&quot;)<br/>                        if not isinstance(message, str):<br/>                            value = message<br/>                            message = message.get(&#x27;message&#x27;)<br/>                    else:<br/>                        message = value.get(&#x27;message&#x27;, None)<br/>                except ValueError:<br/>                    pass<br/>    <br/>        exception_class: Type[WebDriverException]<br/>        if status in ErrorCode.NO_SUCH_ELEMENT:<br/>            exception_class = NoSuchElementException<br/>        elif status in ErrorCode.NO_SUCH_FRAME:<br/>            exception_class = NoSuchFrameException<br/>        elif status in ErrorCode.NO_SUCH_SHADOW_ROOT:<br/>            exception_class = NoSuchShadowRootException<br/>        elif status in ErrorCode.NO_SUCH_WINDOW:<br/>            exception_class = NoSuchWindowException<br/>        elif status in ErrorCode.STALE_ELEMENT_REFERENCE:<br/>            exception_class = StaleElementReferenceException<br/>        elif status in ErrorCode.ELEMENT_NOT_VISIBLE:<br/>            exception_class = ElementNotVisibleException<br/>        elif status in ErrorCode.INVALID_ELEMENT_STATE:<br/>            exception_class = InvalidElementStateException<br/>        elif status in ErrorCode.INVALID_SELECTOR \<br/>                or status in ErrorCode.INVALID_XPATH_SELECTOR \<br/>                or status in ErrorCode.INVALID_XPATH_SELECTOR_RETURN_TYPER:<br/>            exception_class = InvalidSelectorException<br/>        elif status in ErrorCode.ELEMENT_IS_NOT_SELECTABLE:<br/>            exception_class = ElementNotSelectableException<br/>        elif status in ErrorCode.ELEMENT_NOT_INTERACTABLE:<br/>            exception_class = ElementNotInteractableException<br/>        elif status in ErrorCode.INVALID_COOKIE_DOMAIN:<br/>            exception_class = InvalidCookieDomainException<br/>        elif status in ErrorCode.UNABLE_TO_SET_COOKIE:<br/>            exception_class = UnableToSetCookieException<br/>        elif status in ErrorCode.TIMEOUT:<br/>            exception_class = TimeoutException<br/>        elif status in ErrorCode.SCRIPT_TIMEOUT:<br/>            exception_class = TimeoutException<br/>        elif status in ErrorCode.UNKNOWN_ERROR:<br/>            exception_class = WebDriverException<br/>        elif status in ErrorCode.UNEXPECTED_ALERT_OPEN:<br/>            exception_class = UnexpectedAlertPresentException<br/>        elif status in ErrorCode.NO_ALERT_OPEN:<br/>            exception_class = NoAlertPresentException<br/>        elif status in ErrorCode.IME_NOT_AVAILABLE:<br/>            exception_class = ImeNotAvailableException<br/>        elif status in ErrorCode.IME_ENGINE_ACTIVATION_FAILED:<br/>            exception_class = ImeActivationFailedException<br/>        elif status in ErrorCode.MOVE_TARGET_OUT_OF_BOUNDS:<br/>            exception_class = MoveTargetOutOfBoundsException<br/>        elif status in ErrorCode.JAVASCRIPT_ERROR:<br/>            exception_class = JavascriptException<br/>        elif status in ErrorCode.SESSION_NOT_CREATED:<br/>            exception_class = SessionNotCreatedException<br/>        elif status in ErrorCode.INVALID_ARGUMENT:<br/>            exception_class = InvalidArgumentException<br/>        elif status in ErrorCode.NO_SUCH_COOKIE:<br/>            exception_class = NoSuchCookieException<br/>        elif status in ErrorCode.UNABLE_TO_CAPTURE_SCREEN:<br/>            exception_class = ScreenshotException<br/>        elif status in ErrorCode.ELEMENT_CLICK_INTERCEPTED:<br/>            exception_class = ElementClickInterceptedException<br/>        elif status in ErrorCode.INSECURE_CERTIFICATE:<br/>            exception_class = InsecureCertificateException<br/>        elif status in ErrorCode.INVALID_COORDINATES:<br/>            exception_class = InvalidCoordinatesException<br/>        elif status in ErrorCode.INVALID_SESSION_ID:<br/>            exception_class = InvalidSessionIdException<br/>        elif status in ErrorCode.UNKNOWN_METHOD:<br/>            exception_class = UnknownMethodException<br/>        else:<br/>            exception_class = WebDriverException<br/>        if not value:<br/>            value = response[&#x27;value&#x27;]<br/>        if isinstance(value, str):<br/>            raise exception_class(value)<br/>        if message == &quot;&quot; and &#x27;message&#x27; in value:<br/>            message = value[&#x27;message&#x27;]<br/>    <br/>        screen = None  # type: ignore[assignment]<br/>        if &#x27;screen&#x27; in value:<br/>            screen = value[&#x27;screen&#x27;]<br/>    <br/>        stacktrace = None<br/>        st_value = value.get(&#x27;stackTrace&#x27;) or value.get(&#x27;stacktrace&#x27;)<br/>        if st_value:<br/>            if isinstance(st_value, str):<br/>                stacktrace = st_value.split(&#x27;\n&#x27;)<br/>            else:<br/>                stacktrace = []<br/>                try:<br/>                    for frame in st_value:<br/>                        line = self._value_or_default(frame, &#x27;lineNumber&#x27;, &#x27;&#x27;)<br/>                        file = self._value_or_default(frame, &#x27;fileName&#x27;, &#x27;&lt;anonymous&gt;&#x27;)<br/>                        if line:<br/>                            file = &quot;%s:%s&quot; % (file, line)<br/>                        meth = self._value_or_default(frame, &#x27;methodName&#x27;, &#x27;&lt;anonymous&gt;&#x27;)<br/>                        if &#x27;className&#x27; in frame:<br/>                            meth = &quot;%s.%s&quot; % (frame[&#x27;className&#x27;], meth)<br/>                        msg = &quot;    at %s (%s)&quot;<br/>                        msg = msg % (meth, file)<br/>                        stacktrace.append(msg)<br/>                except TypeError:<br/>                    pass<br/>        if exception_class == UnexpectedAlertPresentException:<br/>            alert_text = None<br/>            if &#x27;data&#x27; in value:<br/>                alert_text = value[&#x27;data&#x27;].get(&#x27;text&#x27;)<br/>            elif &#x27;alert&#x27; in value:<br/>                alert_text = value[&#x27;alert&#x27;].get(&#x27;text&#x27;)<br/>            raise exception_class(message, screen, stacktrace, alert_text)  # type: ignore[call-arg]  # mypy is not smart enough here<br/>&gt;       raise exception_class(message, screen, stacktrace)<br/><span class="error">E       selenium.common.exceptions.ElementClickInterceptedException: Message: element click intercepted: Element is not clickable at point (1836, -122)</span><br/><span class="error">E         (Session info: chrome=101.0.4951.54)</span><br/><span class="error">E       Stacktrace:</span><br/><span class="error">E       Backtrace:</span><br/><span class="error">E       	Ordinal0 [0x0050B8F3+2406643]</span><br/><span class="error">E       	Ordinal0 [0x0049AF31+1945393]</span><br/><span class="error">E       	Ordinal0 [0x0038C748+837448]</span><br/><span class="error">E       	Ordinal0 [0x003BFA1B+1047067]</span><br/><span class="error">E       	Ordinal0 [0x003BD9F8+1038840]</span><br/><span class="error">E       	Ordinal0 [0x003BB6DB+1029851]</span><br/><span class="error">E       	Ordinal0 [0x003BA439+1025081]</span><br/><span class="error">E       	Ordinal0 [0x003B0083+983171]</span><br/><span class="error">E       	Ordinal0 [0x003D427C+1131132]</span><br/><span class="error">E       	Ordinal0 [0x003AFA64+981604]</span><br/><span class="error">E       	Ordinal0 [0x003D4494+1131668]</span><br/><span class="error">E       	Ordinal0 [0x003E4682+1197698]</span><br/><span class="error">E       	Ordinal0 [0x003D4096+1130646]</span><br/><span class="error">E       	Ordinal0 [0x003AE636+976438]</span><br/><span class="error">E       	Ordinal0 [0x003AF546+980294]</span><br/><span class="error">E       	GetHandleVerifier [0x00779612+2498066]</span><br/><span class="error">E       	GetHandleVerifier [0x0076C920+2445600]</span><br/><span class="error">E       	GetHandleVerifier [0x005A4F2A+579370]</span><br/><span class="error">E       	GetHandleVerifier [0x005A3D36+574774]</span><br/><span class="error">E       	Ordinal0 [0x004A1C0B+1973259]</span><br/><span class="error">E       	Ordinal0 [0x004A6688+1992328]</span><br/><span class="error">E       	Ordinal0 [0x004A6775+1992565]</span><br/><span class="error">E       	Ordinal0 [0x004AF8D1+2029777]</span><br/><span class="error">E       	BaseThreadInitThunk [0x76F1FA29+25]</span><br/><span class="error">E       	RtlGetAppContainerNamedObjectPath [0x77637A7E+286]</span><br/><span class="error">E       	RtlGetAppContainerNamedObjectPath [0x77637A4E+238]</span><br/><br/>C:\Users\buzz4health\AppData\Roaming\Python\Python310\site-packages\selenium\webdriver\remote\errorhandler.py:247: ElementClickInterceptedException<br/></div></td></tr></tbody>
      <tbody class="failed results-table-row">
        <tr>
          <td class="col-result">Failed</td>
          <td class="col-name">Automation/test_00008checking_roles_permission.py::TestCheckRoles::test_setup_create_blank_role</td>
          <td class="col-duration">5.05</td>
          <td class="col-links"></td></tr>
        <tr>
          <td class="extra" colspan="4">
            <div class="log">self = &lt;Automation.test_00008checking_roles_permission.TestCheckRoles object at 0x000002083C1BFDF0&gt;<br/><br/>    def test_setup_create_blank_role(self):<br/>        role_number_suffix = random.randint(100000, 999999)<br/>        role_name = &quot;Team member &quot; + str(role_number_suffix)<br/>    <br/>&gt;       function.driver.find_element(By.XPATH, &quot;//a[@class=&#x27;has-arrow&#x27;]&quot;).click()<br/><br/>Automation\test_00008checking_roles_permission.py:15: <br/>_ _ _ _ _ _ _ _ _ _ _ _ _ _ _ _ _ _ _ _ _ _ _ _ _ _ _ _ _ _ _ _ _ _ _ _ _ _ _ _ <br/>C:\Users\buzz4health\AppData\Roaming\Python\Python310\site-packages\selenium\webdriver\remote\webdriver.py:1248: in find_element<br/>    return self.execute(Command.FIND_ELEMENT, {<br/>C:\Users\buzz4health\AppData\Roaming\Python\Python310\site-packages\selenium\webdriver\remote\webdriver.py:425: in execute<br/>    self.error_handler.check_response(response)<br/>_ _ _ _ _ _ _ _ _ _ _ _ _ _ _ _ _ _ _ _ _ _ _ _ _ _ _ _ _ _ _ _ _ _ _ _ _ _ _ _ <br/><br/>self = &lt;selenium.webdriver.remote.errorhandler.ErrorHandler object at 0x000002083B8E8250&gt;<br/>response = {&#x27;status&#x27;: 404, &#x27;value&#x27;: &#x27;{&quot;value&quot;:{&quot;error&quot;:&quot;no such element&quot;,&quot;message&quot;:&quot;no such element: Unable to locate element: {\...\n\\tRtlGetAppContainerNamedObjectPath [0x77637A7E+286]\\n\\tRtlGetAppContainerNamedObjectPath [0x77637A4E+238]\\n&quot;}}&#x27;}<br/><br/>    def check_response(self, response: Dict[str, Any]) -&gt; None:<br/>        &quot;&quot;&quot;<br/>        Checks that a JSON response from the WebDriver does not have an error.<br/>    <br/>        :Args:<br/>         - response - The JSON response from the WebDriver server as a dictionary<br/>           object.<br/>    <br/>        :Raises: If the response contains an error message.<br/>        &quot;&quot;&quot;<br/>        status = response.get(&#x27;status&#x27;, None)<br/>        if not status or status == ErrorCode.SUCCESS:<br/>            return<br/>        value = None<br/>        message = response.get(&quot;message&quot;, &quot;&quot;)<br/>        screen: str = response.get(&quot;screen&quot;, &quot;&quot;)<br/>        stacktrace = None<br/>        if isinstance(status, int):<br/>            value_json = response.get(&#x27;value&#x27;, None)<br/>            if value_json and isinstance(value_json, str):<br/>                import json<br/>                try:<br/>                    value = json.loads(value_json)<br/>                    if len(value.keys()) == 1:<br/>                        value = value[&#x27;value&#x27;]<br/>                    status = value.get(&#x27;error&#x27;, None)<br/>                    if not status:<br/>                        status = value.get(&quot;status&quot;, ErrorCode.UNKNOWN_ERROR)<br/>                        message = value.get(&quot;value&quot;) or value.get(&quot;message&quot;)<br/>                        if not isinstance(message, str):<br/>                            value = message<br/>                            message = message.get(&#x27;message&#x27;)<br/>                    else:<br/>                        message = value.get(&#x27;message&#x27;, None)<br/>                except ValueError:<br/>                    pass<br/>    <br/>        exception_class: Type[WebDriverException]<br/>        if status in ErrorCode.NO_SUCH_ELEMENT:<br/>            exception_class = NoSuchElementException<br/>        elif status in ErrorCode.NO_SUCH_FRAME:<br/>            exception_class = NoSuchFrameException<br/>        elif status in ErrorCode.NO_SUCH_SHADOW_ROOT:<br/>            exception_class = NoSuchShadowRootException<br/>        elif status in ErrorCode.NO_SUCH_WINDOW:<br/>            exception_class = NoSuchWindowException<br/>        elif status in ErrorCode.STALE_ELEMENT_REFERENCE:<br/>            exception_class = StaleElementReferenceException<br/>        elif status in ErrorCode.ELEMENT_NOT_VISIBLE:<br/>            exception_class = ElementNotVisibleException<br/>        elif status in ErrorCode.INVALID_ELEMENT_STATE:<br/>            exception_class = InvalidElementStateException<br/>        elif status in ErrorCode.INVALID_SELECTOR \<br/>                or status in ErrorCode.INVALID_XPATH_SELECTOR \<br/>                or status in ErrorCode.INVALID_XPATH_SELECTOR_RETURN_TYPER:<br/>            exception_class = InvalidSelectorException<br/>        elif status in ErrorCode.ELEMENT_IS_NOT_SELECTABLE:<br/>            exception_class = ElementNotSelectableException<br/>        elif status in ErrorCode.ELEMENT_NOT_INTERACTABLE:<br/>            exception_class = ElementNotInteractableException<br/>        elif status in ErrorCode.INVALID_COOKIE_DOMAIN:<br/>            exception_class = InvalidCookieDomainException<br/>        elif status in ErrorCode.UNABLE_TO_SET_COOKIE:<br/>            exception_class = UnableToSetCookieException<br/>        elif status in ErrorCode.TIMEOUT:<br/>            exception_class = TimeoutException<br/>        elif status in ErrorCode.SCRIPT_TIMEOUT:<br/>            exception_class = TimeoutException<br/>        elif status in ErrorCode.UNKNOWN_ERROR:<br/>            exception_class = WebDriverException<br/>        elif status in ErrorCode.UNEXPECTED_ALERT_OPEN:<br/>            exception_class = UnexpectedAlertPresentException<br/>        elif status in ErrorCode.NO_ALERT_OPEN:<br/>            exception_class = NoAlertPresentException<br/>        elif status in ErrorCode.IME_NOT_AVAILABLE:<br/>            exception_class = ImeNotAvailableException<br/>        elif status in ErrorCode.IME_ENGINE_ACTIVATION_FAILED:<br/>            exception_class = ImeActivationFailedException<br/>        elif status in ErrorCode.MOVE_TARGET_OUT_OF_BOUNDS:<br/>            exception_class = MoveTargetOutOfBoundsException<br/>        elif status in ErrorCode.JAVASCRIPT_ERROR:<br/>            exception_class = JavascriptException<br/>        elif status in ErrorCode.SESSION_NOT_CREATED:<br/>            exception_class = SessionNotCreatedException<br/>        elif status in ErrorCode.INVALID_ARGUMENT:<br/>            exception_class = InvalidArgumentException<br/>        elif status in ErrorCode.NO_SUCH_COOKIE:<br/>            exception_class = NoSuchCookieException<br/>        elif status in ErrorCode.UNABLE_TO_CAPTURE_SCREEN:<br/>            exception_class = ScreenshotException<br/>        elif status in ErrorCode.ELEMENT_CLICK_INTERCEPTED:<br/>            exception_class = ElementClickInterceptedException<br/>        elif status in ErrorCode.INSECURE_CERTIFICATE:<br/>            exception_class = InsecureCertificateException<br/>        elif status in ErrorCode.INVALID_COORDINATES:<br/>            exception_class = InvalidCoordinatesException<br/>        elif status in ErrorCode.INVALID_SESSION_ID:<br/>            exception_class = InvalidSessionIdException<br/>        elif status in ErrorCode.UNKNOWN_METHOD:<br/>            exception_class = UnknownMethodException<br/>        else:<br/>            exception_class = WebDriverException<br/>        if not value:<br/>            value = response[&#x27;value&#x27;]<br/>        if isinstance(value, str):<br/>            raise exception_class(value)<br/>        if message == &quot;&quot; and &#x27;message&#x27; in value:<br/>            message = value[&#x27;message&#x27;]<br/>    <br/>        screen = None  # type: ignore[assignment]<br/>        if &#x27;screen&#x27; in value:<br/>            screen = value[&#x27;screen&#x27;]<br/>    <br/>        stacktrace = None<br/>        st_value = value.get(&#x27;stackTrace&#x27;) or value.get(&#x27;stacktrace&#x27;)<br/>        if st_value:<br/>            if isinstance(st_value, str):<br/>                stacktrace = st_value.split(&#x27;\n&#x27;)<br/>            else:<br/>                stacktrace = []<br/>                try:<br/>                    for frame in st_value:<br/>                        line = self._value_or_default(frame, &#x27;lineNumber&#x27;, &#x27;&#x27;)<br/>                        file = self._value_or_default(frame, &#x27;fileName&#x27;, &#x27;&lt;anonymous&gt;&#x27;)<br/>                        if line:<br/>                            file = &quot;%s:%s&quot; % (file, line)<br/>                        meth = self._value_or_default(frame, &#x27;methodName&#x27;, &#x27;&lt;anonymous&gt;&#x27;)<br/>                        if &#x27;className&#x27; in frame:<br/>                            meth = &quot;%s.%s&quot; % (frame[&#x27;className&#x27;], meth)<br/>                        msg = &quot;    at %s (%s)&quot;<br/>                        msg = msg % (meth, file)<br/>                        stacktrace.append(msg)<br/>                except TypeError:<br/>                    pass<br/>        if exception_class == UnexpectedAlertPresentException:<br/>            alert_text = None<br/>            if &#x27;data&#x27; in value:<br/>                alert_text = value[&#x27;data&#x27;].get(&#x27;text&#x27;)<br/>            elif &#x27;alert&#x27; in value:<br/>                alert_text = value[&#x27;alert&#x27;].get(&#x27;text&#x27;)<br/>            raise exception_class(message, screen, stacktrace, alert_text)  # type: ignore[call-arg]  # mypy is not smart enough here<br/>&gt;       raise exception_class(message, screen, stacktrace)<br/><span class="error">E       selenium.common.exceptions.NoSuchElementException: Message: no such element: Unable to locate element: {&quot;method&quot;:&quot;xpath&quot;,&quot;selector&quot;:&quot;//a[@class=&#x27;has-arrow&#x27;]&quot;}</span><br/><span class="error">E         (Session info: chrome=101.0.4951.54)</span><br/><span class="error">E       Stacktrace:</span><br/><span class="error">E       Backtrace:</span><br/><span class="error">E       	Ordinal0 [0x0050B8F3+2406643]</span><br/><span class="error">E       	Ordinal0 [0x0049AF31+1945393]</span><br/><span class="error">E       	Ordinal0 [0x0038C748+837448]</span><br/><span class="error">E       	Ordinal0 [0x003B92E0+1020640]</span><br/><span class="error">E       	Ordinal0 [0x003B957B+1021307]</span><br/><span class="error">E       	Ordinal0 [0x003E6372+1205106]</span><br/><span class="error">E       	Ordinal0 [0x003D42C4+1131204]</span><br/><span class="error">E       	Ordinal0 [0x003E4682+1197698]</span><br/><span class="error">E       	Ordinal0 [0x003D4096+1130646]</span><br/><span class="error">E       	Ordinal0 [0x003AE636+976438]</span><br/><span class="error">E       	Ordinal0 [0x003AF546+980294]</span><br/><span class="error">E       	GetHandleVerifier [0x00779612+2498066]</span><br/><span class="error">E       	GetHandleVerifier [0x0076C920+2445600]</span><br/><span class="error">E       	GetHandleVerifier [0x005A4F2A+579370]</span><br/><span class="error">E       	GetHandleVerifier [0x005A3D36+574774]</span><br/><span class="error">E       	Ordinal0 [0x004A1C0B+1973259]</span><br/><span class="error">E       	Ordinal0 [0x004A6688+1992328]</span><br/><span class="error">E       	Ordinal0 [0x004A6775+1992565]</span><br/><span class="error">E       	Ordinal0 [0x004AF8D1+2029777]</span><br/><span class="error">E       	BaseThreadInitThunk [0x76F1FA29+25]</span><br/><span class="error">E       	RtlGetAppContainerNamedObjectPath [0x77637A7E+286]</span><br/><span class="error">E       	RtlGetAppContainerNamedObjectPath [0x77637A4E+238]</span><br/><br/>C:\Users\buzz4health\AppData\Roaming\Python\Python310\site-packages\selenium\webdriver\remote\errorhandler.py:247: NoSuchElementException<br/></div></td></tr></tbody>
      <tbody class="failed results-table-row">
        <tr>
          <td class="col-result">Failed</td>
          <td class="col-name">Automation/test_00008checking_roles_permission.py::TestCheckRoles::test_parent_button_toggle_children</td>
          <td class="col-duration">5.01</td>
          <td class="col-links"></td></tr>
        <tr>
          <td class="extra" colspan="4">
            <div class="log">self = &lt;Automation.test_00008checking_roles_permission.TestCheckRoles object at 0x000002083C1BFCA0&gt;<br/><br/>    def test_parent_button_toggle_children(self):<br/>&gt;       function.driver.find_element(By.ID, &quot;1-switch-group-Role&quot;).click()<br/><br/>Automation\test_00008checking_roles_permission.py:48: <br/>_ _ _ _ _ _ _ _ _ _ _ _ _ _ _ _ _ _ _ _ _ _ _ _ _ _ _ _ _ _ _ _ _ _ _ _ _ _ _ _ <br/>C:\Users\buzz4health\AppData\Roaming\Python\Python310\site-packages\selenium\webdriver\remote\webdriver.py:1248: in find_element<br/>    return self.execute(Command.FIND_ELEMENT, {<br/>C:\Users\buzz4health\AppData\Roaming\Python\Python310\site-packages\selenium\webdriver\remote\webdriver.py:425: in execute<br/>    self.error_handler.check_response(response)<br/>_ _ _ _ _ _ _ _ _ _ _ _ _ _ _ _ _ _ _ _ _ _ _ _ _ _ _ _ _ _ _ _ _ _ _ _ _ _ _ _ <br/><br/>self = &lt;selenium.webdriver.remote.errorhandler.ErrorHandler object at 0x000002083B8E8250&gt;<br/>response = {&#x27;status&#x27;: 404, &#x27;value&#x27;: &#x27;{&quot;value&quot;:{&quot;error&quot;:&quot;no such element&quot;,&quot;message&quot;:&quot;no such element: Unable to locate element: {\...\n\\tRtlGetAppContainerNamedObjectPath [0x77637A7E+286]\\n\\tRtlGetAppContainerNamedObjectPath [0x77637A4E+238]\\n&quot;}}&#x27;}<br/><br/>    def check_response(self, response: Dict[str, Any]) -&gt; None:<br/>        &quot;&quot;&quot;<br/>        Checks that a JSON response from the WebDriver does not have an error.<br/>    <br/>        :Args:<br/>         - response - The JSON response from the WebDriver server as a dictionary<br/>           object.<br/>    <br/>        :Raises: If the response contains an error message.<br/>        &quot;&quot;&quot;<br/>        status = response.get(&#x27;status&#x27;, None)<br/>        if not status or status == ErrorCode.SUCCESS:<br/>            return<br/>        value = None<br/>        message = response.get(&quot;message&quot;, &quot;&quot;)<br/>        screen: str = response.get(&quot;screen&quot;, &quot;&quot;)<br/>        stacktrace = None<br/>        if isinstance(status, int):<br/>            value_json = response.get(&#x27;value&#x27;, None)<br/>            if value_json and isinstance(value_json, str):<br/>                import json<br/>                try:<br/>                    value = json.loads(value_json)<br/>                    if len(value.keys()) == 1:<br/>                        value = value[&#x27;value&#x27;]<br/>                    status = value.get(&#x27;error&#x27;, None)<br/>                    if not status:<br/>                        status = value.get(&quot;status&quot;, ErrorCode.UNKNOWN_ERROR)<br/>                        message = value.get(&quot;value&quot;) or value.get(&quot;message&quot;)<br/>                        if not isinstance(message, str):<br/>                            value = message<br/>                            message = message.get(&#x27;message&#x27;)<br/>                    else:<br/>                        message = value.get(&#x27;message&#x27;, None)<br/>                except ValueError:<br/>                    pass<br/>    <br/>        exception_class: Type[WebDriverException]<br/>        if status in ErrorCode.NO_SUCH_ELEMENT:<br/>            exception_class = NoSuchElementException<br/>        elif status in ErrorCode.NO_SUCH_FRAME:<br/>            exception_class = NoSuchFrameException<br/>        elif status in ErrorCode.NO_SUCH_SHADOW_ROOT:<br/>            exception_class = NoSuchShadowRootException<br/>        elif status in ErrorCode.NO_SUCH_WINDOW:<br/>            exception_class = NoSuchWindowException<br/>        elif status in ErrorCode.STALE_ELEMENT_REFERENCE:<br/>            exception_class = StaleElementReferenceException<br/>        elif status in ErrorCode.ELEMENT_NOT_VISIBLE:<br/>            exception_class = ElementNotVisibleException<br/>        elif status in ErrorCode.INVALID_ELEMENT_STATE:<br/>            exception_class = InvalidElementStateException<br/>        elif status in ErrorCode.INVALID_SELECTOR \<br/>                or status in ErrorCode.INVALID_XPATH_SELECTOR \<br/>                or status in ErrorCode.INVALID_XPATH_SELECTOR_RETURN_TYPER:<br/>            exception_class = InvalidSelectorException<br/>        elif status in ErrorCode.ELEMENT_IS_NOT_SELECTABLE:<br/>            exception_class = ElementNotSelectableException<br/>        elif status in ErrorCode.ELEMENT_NOT_INTERACTABLE:<br/>            exception_class = ElementNotInteractableException<br/>        elif status in ErrorCode.INVALID_COOKIE_DOMAIN:<br/>            exception_class = InvalidCookieDomainException<br/>        elif status in ErrorCode.UNABLE_TO_SET_COOKIE:<br/>            exception_class = UnableToSetCookieException<br/>        elif status in ErrorCode.TIMEOUT:<br/>            exception_class = TimeoutException<br/>        elif status in ErrorCode.SCRIPT_TIMEOUT:<br/>            exception_class = TimeoutException<br/>        elif status in ErrorCode.UNKNOWN_ERROR:<br/>            exception_class = WebDriverException<br/>        elif status in ErrorCode.UNEXPECTED_ALERT_OPEN:<br/>            exception_class = UnexpectedAlertPresentException<br/>        elif status in ErrorCode.NO_ALERT_OPEN:<br/>            exception_class = NoAlertPresentException<br/>        elif status in ErrorCode.IME_NOT_AVAILABLE:<br/>            exception_class = ImeNotAvailableException<br/>        elif status in ErrorCode.IME_ENGINE_ACTIVATION_FAILED:<br/>            exception_class = ImeActivationFailedException<br/>        elif status in ErrorCode.MOVE_TARGET_OUT_OF_BOUNDS:<br/>            exception_class = MoveTargetOutOfBoundsException<br/>        elif status in ErrorCode.JAVASCRIPT_ERROR:<br/>            exception_class = JavascriptException<br/>        elif status in ErrorCode.SESSION_NOT_CREATED:<br/>            exception_class = SessionNotCreatedException<br/>        elif status in ErrorCode.INVALID_ARGUMENT:<br/>            exception_class = InvalidArgumentException<br/>        elif status in ErrorCode.NO_SUCH_COOKIE:<br/>            exception_class = NoSuchCookieException<br/>        elif status in ErrorCode.UNABLE_TO_CAPTURE_SCREEN:<br/>            exception_class = ScreenshotException<br/>        elif status in ErrorCode.ELEMENT_CLICK_INTERCEPTED:<br/>            exception_class = ElementClickInterceptedException<br/>        elif status in ErrorCode.INSECURE_CERTIFICATE:<br/>            exception_class = InsecureCertificateException<br/>        elif status in ErrorCode.INVALID_COORDINATES:<br/>            exception_class = InvalidCoordinatesException<br/>        elif status in ErrorCode.INVALID_SESSION_ID:<br/>            exception_class = InvalidSessionIdException<br/>        elif status in ErrorCode.UNKNOWN_METHOD:<br/>            exception_class = UnknownMethodException<br/>        else:<br/>            exception_class = WebDriverException<br/>        if not value:<br/>            value = response[&#x27;value&#x27;]<br/>        if isinstance(value, str):<br/>            raise exception_class(value)<br/>        if message == &quot;&quot; and &#x27;message&#x27; in value:<br/>            message = value[&#x27;message&#x27;]<br/>    <br/>        screen = None  # type: ignore[assignment]<br/>        if &#x27;screen&#x27; in value:<br/>            screen = value[&#x27;screen&#x27;]<br/>    <br/>        stacktrace = None<br/>        st_value = value.get(&#x27;stackTrace&#x27;) or value.get(&#x27;stacktrace&#x27;)<br/>        if st_value:<br/>            if isinstance(st_value, str):<br/>                stacktrace = st_value.split(&#x27;\n&#x27;)<br/>            else:<br/>                stacktrace = []<br/>                try:<br/>                    for frame in st_value:<br/>                        line = self._value_or_default(frame, &#x27;lineNumber&#x27;, &#x27;&#x27;)<br/>                        file = self._value_or_default(frame, &#x27;fileName&#x27;, &#x27;&lt;anonymous&gt;&#x27;)<br/>                        if line:<br/>                            file = &quot;%s:%s&quot; % (file, line)<br/>                        meth = self._value_or_default(frame, &#x27;methodName&#x27;, &#x27;&lt;anonymous&gt;&#x27;)<br/>                        if &#x27;className&#x27; in frame:<br/>                            meth = &quot;%s.%s&quot; % (frame[&#x27;className&#x27;], meth)<br/>                        msg = &quot;    at %s (%s)&quot;<br/>                        msg = msg % (meth, file)<br/>                        stacktrace.append(msg)<br/>                except TypeError:<br/>                    pass<br/>        if exception_class == UnexpectedAlertPresentException:<br/>            alert_text = None<br/>            if &#x27;data&#x27; in value:<br/>                alert_text = value[&#x27;data&#x27;].get(&#x27;text&#x27;)<br/>            elif &#x27;alert&#x27; in value:<br/>                alert_text = value[&#x27;alert&#x27;].get(&#x27;text&#x27;)<br/>            raise exception_class(message, screen, stacktrace, alert_text)  # type: ignore[call-arg]  # mypy is not smart enough here<br/>&gt;       raise exception_class(message, screen, stacktrace)<br/><span class="error">E       selenium.common.exceptions.NoSuchElementException: Message: no such element: Unable to locate element: {&quot;method&quot;:&quot;css selector&quot;,&quot;selector&quot;:&quot;[id=&quot;1-switch-group-Role&quot;]&quot;}</span><br/><span class="error">E         (Session info: chrome=101.0.4951.54)</span><br/><span class="error">E       Stacktrace:</span><br/><span class="error">E       Backtrace:</span><br/><span class="error">E       	Ordinal0 [0x0050B8F3+2406643]</span><br/><span class="error">E       	Ordinal0 [0x0049AF31+1945393]</span><br/><span class="error">E       	Ordinal0 [0x0038C748+837448]</span><br/><span class="error">E       	Ordinal0 [0x003B92E0+1020640]</span><br/><span class="error">E       	Ordinal0 [0x003B957B+1021307]</span><br/><span class="error">E       	Ordinal0 [0x003E6372+1205106]</span><br/><span class="error">E       	Ordinal0 [0x003D42C4+1131204]</span><br/><span class="error">E       	Ordinal0 [0x003E4682+1197698]</span><br/><span class="error">E       	Ordinal0 [0x003D4096+1130646]</span><br/><span class="error">E       	Ordinal0 [0x003AE636+976438]</span><br/><span class="error">E       	Ordinal0 [0x003AF546+980294]</span><br/><span class="error">E       	GetHandleVerifier [0x00779612+2498066]</span><br/><span class="error">E       	GetHandleVerifier [0x0076C920+2445600]</span><br/><span class="error">E       	GetHandleVerifier [0x005A4F2A+579370]</span><br/><span class="error">E       	GetHandleVerifier [0x005A3D36+574774]</span><br/><span class="error">E       	Ordinal0 [0x004A1C0B+1973259]</span><br/><span class="error">E       	Ordinal0 [0x004A6688+1992328]</span><br/><span class="error">E       	Ordinal0 [0x004A6775+1992565]</span><br/><span class="error">E       	Ordinal0 [0x004AF8D1+2029777]</span><br/><span class="error">E       	BaseThreadInitThunk [0x76F1FA29+25]</span><br/><span class="error">E       	RtlGetAppContainerNamedObjectPath [0x77637A7E+286]</span><br/><span class="error">E       	RtlGetAppContainerNamedObjectPath [0x77637A4E+238]</span><br/><br/>C:\Users\buzz4health\AppData\Roaming\Python\Python310\site-packages\selenium\webdriver\remote\errorhandler.py:247: NoSuchElementException<br/></div></td></tr></tbody>
      <tbody class="failed results-table-row">
        <tr>
          <td class="col-result">Failed</td>
          <td class="col-name">Automation/test_00008checking_roles_permission.py::TestCheckRoles::test_child_button_off_turns_parent_button_off</td>
          <td class="col-duration">5.05</td>
          <td class="col-links"></td></tr>
        <tr>
          <td class="extra" colspan="4">
            <div class="log">self = &lt;Automation.test_00008checking_roles_permission.TestCheckRoles object at 0x000002083C1BFA90&gt;<br/><br/>    def test_child_button_off_turns_parent_button_off(self):<br/>&gt;       function.driver.find_element(By.ID, &quot;1-switch-item-can_delete&quot;).click()<br/><br/>Automation\test_00008checking_roles_permission.py:68: <br/>_ _ _ _ _ _ _ _ _ _ _ _ _ _ _ _ _ _ _ _ _ _ _ _ _ _ _ _ _ _ _ _ _ _ _ _ _ _ _ _ <br/>C:\Users\buzz4health\AppData\Roaming\Python\Python310\site-packages\selenium\webdriver\remote\webdriver.py:1248: in find_element<br/>    return self.execute(Command.FIND_ELEMENT, {<br/>C:\Users\buzz4health\AppData\Roaming\Python\Python310\site-packages\selenium\webdriver\remote\webdriver.py:425: in execute<br/>    self.error_handler.check_response(response)<br/>_ _ _ _ _ _ _ _ _ _ _ _ _ _ _ _ _ _ _ _ _ _ _ _ _ _ _ _ _ _ _ _ _ _ _ _ _ _ _ _ <br/><br/>self = &lt;selenium.webdriver.remote.errorhandler.ErrorHandler object at 0x000002083B8E8250&gt;<br/>response = {&#x27;status&#x27;: 404, &#x27;value&#x27;: &#x27;{&quot;value&quot;:{&quot;error&quot;:&quot;no such element&quot;,&quot;message&quot;:&quot;no such element: Unable to locate element: {\...\n\\tRtlGetAppContainerNamedObjectPath [0x77637A7E+286]\\n\\tRtlGetAppContainerNamedObjectPath [0x77637A4E+238]\\n&quot;}}&#x27;}<br/><br/>    def check_response(self, response: Dict[str, Any]) -&gt; None:<br/>        &quot;&quot;&quot;<br/>        Checks that a JSON response from the WebDriver does not have an error.<br/>    <br/>        :Args:<br/>         - response - The JSON response from the WebDriver server as a dictionary<br/>           object.<br/>    <br/>        :Raises: If the response contains an error message.<br/>        &quot;&quot;&quot;<br/>        status = response.get(&#x27;status&#x27;, None)<br/>        if not status or status == ErrorCode.SUCCESS:<br/>            return<br/>        value = None<br/>        message = response.get(&quot;message&quot;, &quot;&quot;)<br/>        screen: str = response.get(&quot;screen&quot;, &quot;&quot;)<br/>        stacktrace = None<br/>        if isinstance(status, int):<br/>            value_json = response.get(&#x27;value&#x27;, None)<br/>            if value_json and isinstance(value_json, str):<br/>                import json<br/>                try:<br/>                    value = json.loads(value_json)<br/>                    if len(value.keys()) == 1:<br/>                        value = value[&#x27;value&#x27;]<br/>                    status = value.get(&#x27;error&#x27;, None)<br/>                    if not status:<br/>                        status = value.get(&quot;status&quot;, ErrorCode.UNKNOWN_ERROR)<br/>                        message = value.get(&quot;value&quot;) or value.get(&quot;message&quot;)<br/>                        if not isinstance(message, str):<br/>                            value = message<br/>                            message = message.get(&#x27;message&#x27;)<br/>                    else:<br/>                        message = value.get(&#x27;message&#x27;, None)<br/>                except ValueError:<br/>                    pass<br/>    <br/>        exception_class: Type[WebDriverException]<br/>        if status in ErrorCode.NO_SUCH_ELEMENT:<br/>            exception_class = NoSuchElementException<br/>        elif status in ErrorCode.NO_SUCH_FRAME:<br/>            exception_class = NoSuchFrameException<br/>        elif status in ErrorCode.NO_SUCH_SHADOW_ROOT:<br/>            exception_class = NoSuchShadowRootException<br/>        elif status in ErrorCode.NO_SUCH_WINDOW:<br/>            exception_class = NoSuchWindowException<br/>        elif status in ErrorCode.STALE_ELEMENT_REFERENCE:<br/>            exception_class = StaleElementReferenceException<br/>        elif status in ErrorCode.ELEMENT_NOT_VISIBLE:<br/>            exception_class = ElementNotVisibleException<br/>        elif status in ErrorCode.INVALID_ELEMENT_STATE:<br/>            exception_class = InvalidElementStateException<br/>        elif status in ErrorCode.INVALID_SELECTOR \<br/>                or status in ErrorCode.INVALID_XPATH_SELECTOR \<br/>                or status in ErrorCode.INVALID_XPATH_SELECTOR_RETURN_TYPER:<br/>            exception_class = InvalidSelectorException<br/>        elif status in ErrorCode.ELEMENT_IS_NOT_SELECTABLE:<br/>            exception_class = ElementNotSelectableException<br/>        elif status in ErrorCode.ELEMENT_NOT_INTERACTABLE:<br/>            exception_class = ElementNotInteractableException<br/>        elif status in ErrorCode.INVALID_COOKIE_DOMAIN:<br/>            exception_class = InvalidCookieDomainException<br/>        elif status in ErrorCode.UNABLE_TO_SET_COOKIE:<br/>            exception_class = UnableToSetCookieException<br/>        elif status in ErrorCode.TIMEOUT:<br/>            exception_class = TimeoutException<br/>        elif status in ErrorCode.SCRIPT_TIMEOUT:<br/>            exception_class = TimeoutException<br/>        elif status in ErrorCode.UNKNOWN_ERROR:<br/>            exception_class = WebDriverException<br/>        elif status in ErrorCode.UNEXPECTED_ALERT_OPEN:<br/>            exception_class = UnexpectedAlertPresentException<br/>        elif status in ErrorCode.NO_ALERT_OPEN:<br/>            exception_class = NoAlertPresentException<br/>        elif status in ErrorCode.IME_NOT_AVAILABLE:<br/>            exception_class = ImeNotAvailableException<br/>        elif status in ErrorCode.IME_ENGINE_ACTIVATION_FAILED:<br/>            exception_class = ImeActivationFailedException<br/>        elif status in ErrorCode.MOVE_TARGET_OUT_OF_BOUNDS:<br/>            exception_class = MoveTargetOutOfBoundsException<br/>        elif status in ErrorCode.JAVASCRIPT_ERROR:<br/>            exception_class = JavascriptException<br/>        elif status in ErrorCode.SESSION_NOT_CREATED:<br/>            exception_class = SessionNotCreatedException<br/>        elif status in ErrorCode.INVALID_ARGUMENT:<br/>            exception_class = InvalidArgumentException<br/>        elif status in ErrorCode.NO_SUCH_COOKIE:<br/>            exception_class = NoSuchCookieException<br/>        elif status in ErrorCode.UNABLE_TO_CAPTURE_SCREEN:<br/>            exception_class = ScreenshotException<br/>        elif status in ErrorCode.ELEMENT_CLICK_INTERCEPTED:<br/>            exception_class = ElementClickInterceptedException<br/>        elif status in ErrorCode.INSECURE_CERTIFICATE:<br/>            exception_class = InsecureCertificateException<br/>        elif status in ErrorCode.INVALID_COORDINATES:<br/>            exception_class = InvalidCoordinatesException<br/>        elif status in ErrorCode.INVALID_SESSION_ID:<br/>            exception_class = InvalidSessionIdException<br/>        elif status in ErrorCode.UNKNOWN_METHOD:<br/>            exception_class = UnknownMethodException<br/>        else:<br/>            exception_class = WebDriverException<br/>        if not value:<br/>            value = response[&#x27;value&#x27;]<br/>        if isinstance(value, str):<br/>            raise exception_class(value)<br/>        if message == &quot;&quot; and &#x27;message&#x27; in value:<br/>            message = value[&#x27;message&#x27;]<br/>    <br/>        screen = None  # type: ignore[assignment]<br/>        if &#x27;screen&#x27; in value:<br/>            screen = value[&#x27;screen&#x27;]<br/>    <br/>        stacktrace = None<br/>        st_value = value.get(&#x27;stackTrace&#x27;) or value.get(&#x27;stacktrace&#x27;)<br/>        if st_value:<br/>            if isinstance(st_value, str):<br/>                stacktrace = st_value.split(&#x27;\n&#x27;)<br/>            else:<br/>                stacktrace = []<br/>                try:<br/>                    for frame in st_value:<br/>                        line = self._value_or_default(frame, &#x27;lineNumber&#x27;, &#x27;&#x27;)<br/>                        file = self._value_or_default(frame, &#x27;fileName&#x27;, &#x27;&lt;anonymous&gt;&#x27;)<br/>                        if line:<br/>                            file = &quot;%s:%s&quot; % (file, line)<br/>                        meth = self._value_or_default(frame, &#x27;methodName&#x27;, &#x27;&lt;anonymous&gt;&#x27;)<br/>                        if &#x27;className&#x27; in frame:<br/>                            meth = &quot;%s.%s&quot; % (frame[&#x27;className&#x27;], meth)<br/>                        msg = &quot;    at %s (%s)&quot;<br/>                        msg = msg % (meth, file)<br/>                        stacktrace.append(msg)<br/>                except TypeError:<br/>                    pass<br/>        if exception_class == UnexpectedAlertPresentException:<br/>            alert_text = None<br/>            if &#x27;data&#x27; in value:<br/>                alert_text = value[&#x27;data&#x27;].get(&#x27;text&#x27;)<br/>            elif &#x27;alert&#x27; in value:<br/>                alert_text = value[&#x27;alert&#x27;].get(&#x27;text&#x27;)<br/>            raise exception_class(message, screen, stacktrace, alert_text)  # type: ignore[call-arg]  # mypy is not smart enough here<br/>&gt;       raise exception_class(message, screen, stacktrace)<br/><span class="error">E       selenium.common.exceptions.NoSuchElementException: Message: no such element: Unable to locate element: {&quot;method&quot;:&quot;css selector&quot;,&quot;selector&quot;:&quot;[id=&quot;1-switch-item-can_delete&quot;]&quot;}</span><br/><span class="error">E         (Session info: chrome=101.0.4951.54)</span><br/><span class="error">E       Stacktrace:</span><br/><span class="error">E       Backtrace:</span><br/><span class="error">E       	Ordinal0 [0x0050B8F3+2406643]</span><br/><span class="error">E       	Ordinal0 [0x0049AF31+1945393]</span><br/><span class="error">E       	Ordinal0 [0x0038C748+837448]</span><br/><span class="error">E       	Ordinal0 [0x003B92E0+1020640]</span><br/><span class="error">E       	Ordinal0 [0x003B957B+1021307]</span><br/><span class="error">E       	Ordinal0 [0x003E6372+1205106]</span><br/><span class="error">E       	Ordinal0 [0x003D42C4+1131204]</span><br/><span class="error">E       	Ordinal0 [0x003E4682+1197698]</span><br/><span class="error">E       	Ordinal0 [0x003D4096+1130646]</span><br/><span class="error">E       	Ordinal0 [0x003AE636+976438]</span><br/><span class="error">E       	Ordinal0 [0x003AF546+980294]</span><br/><span class="error">E       	GetHandleVerifier [0x00779612+2498066]</span><br/><span class="error">E       	GetHandleVerifier [0x0076C920+2445600]</span><br/><span class="error">E       	GetHandleVerifier [0x005A4F2A+579370]</span><br/><span class="error">E       	GetHandleVerifier [0x005A3D36+574774]</span><br/><span class="error">E       	Ordinal0 [0x004A1C0B+1973259]</span><br/><span class="error">E       	Ordinal0 [0x004A6688+1992328]</span><br/><span class="error">E       	Ordinal0 [0x004A6775+1992565]</span><br/><span class="error">E       	Ordinal0 [0x004AF8D1+2029777]</span><br/><span class="error">E       	BaseThreadInitThunk [0x76F1FA29+25]</span><br/><span class="error">E       	RtlGetAppContainerNamedObjectPath [0x77637A7E+286]</span><br/><span class="error">E       	RtlGetAppContainerNamedObjectPath [0x77637A4E+238]</span><br/><br/>C:\Users\buzz4health\AppData\Roaming\Python\Python310\site-packages\selenium\webdriver\remote\errorhandler.py:247: NoSuchElementException<br/></div></td></tr></tbody>
      <tbody class="failed results-table-row">
        <tr>
          <td class="col-result">Failed</td>
          <td class="col-name">Automation/test_00008checking_roles_permission.py::TestCheckRoles::test_all_child_button_on_turns_parent_button_on</td>
          <td class="col-duration">5.03</td>
          <td class="col-links"></td></tr>
        <tr>
          <td class="extra" colspan="4">
            <div class="log">self = &lt;Automation.test_00008checking_roles_permission.TestCheckRoles object at 0x000002083C1BF820&gt;<br/><br/>    def test_all_child_button_on_turns_parent_button_on(self):<br/>&gt;       function.driver.find_element(By.ID, &quot;1-switch-item-can_delete&quot;).click()<br/><br/>Automation\test_00008checking_roles_permission.py:85: <br/>_ _ _ _ _ _ _ _ _ _ _ _ _ _ _ _ _ _ _ _ _ _ _ _ _ _ _ _ _ _ _ _ _ _ _ _ _ _ _ _ <br/>C:\Users\buzz4health\AppData\Roaming\Python\Python310\site-packages\selenium\webdriver\remote\webdriver.py:1248: in find_element<br/>    return self.execute(Command.FIND_ELEMENT, {<br/>C:\Users\buzz4health\AppData\Roaming\Python\Python310\site-packages\selenium\webdriver\remote\webdriver.py:425: in execute<br/>    self.error_handler.check_response(response)<br/>_ _ _ _ _ _ _ _ _ _ _ _ _ _ _ _ _ _ _ _ _ _ _ _ _ _ _ _ _ _ _ _ _ _ _ _ _ _ _ _ <br/><br/>self = &lt;selenium.webdriver.remote.errorhandler.ErrorHandler object at 0x000002083B8E8250&gt;<br/>response = {&#x27;status&#x27;: 404, &#x27;value&#x27;: &#x27;{&quot;value&quot;:{&quot;error&quot;:&quot;no such element&quot;,&quot;message&quot;:&quot;no such element: Unable to locate element: {\...\n\\tRtlGetAppContainerNamedObjectPath [0x77637A7E+286]\\n\\tRtlGetAppContainerNamedObjectPath [0x77637A4E+238]\\n&quot;}}&#x27;}<br/><br/>    def check_response(self, response: Dict[str, Any]) -&gt; None:<br/>        &quot;&quot;&quot;<br/>        Checks that a JSON response from the WebDriver does not have an error.<br/>    <br/>        :Args:<br/>         - response - The JSON response from the WebDriver server as a dictionary<br/>           object.<br/>    <br/>        :Raises: If the response contains an error message.<br/>        &quot;&quot;&quot;<br/>        status = response.get(&#x27;status&#x27;, None)<br/>        if not status or status == ErrorCode.SUCCESS:<br/>            return<br/>        value = None<br/>        message = response.get(&quot;message&quot;, &quot;&quot;)<br/>        screen: str = response.get(&quot;screen&quot;, &quot;&quot;)<br/>        stacktrace = None<br/>        if isinstance(status, int):<br/>            value_json = response.get(&#x27;value&#x27;, None)<br/>            if value_json and isinstance(value_json, str):<br/>                import json<br/>                try:<br/>                    value = json.loads(value_json)<br/>                    if len(value.keys()) == 1:<br/>                        value = value[&#x27;value&#x27;]<br/>                    status = value.get(&#x27;error&#x27;, None)<br/>                    if not status:<br/>                        status = value.get(&quot;status&quot;, ErrorCode.UNKNOWN_ERROR)<br/>                        message = value.get(&quot;value&quot;) or value.get(&quot;message&quot;)<br/>                        if not isinstance(message, str):<br/>                            value = message<br/>                            message = message.get(&#x27;message&#x27;)<br/>                    else:<br/>                        message = value.get(&#x27;message&#x27;, None)<br/>                except ValueError:<br/>                    pass<br/>    <br/>        exception_class: Type[WebDriverException]<br/>        if status in ErrorCode.NO_SUCH_ELEMENT:<br/>            exception_class = NoSuchElementException<br/>        elif status in ErrorCode.NO_SUCH_FRAME:<br/>            exception_class = NoSuchFrameException<br/>        elif status in ErrorCode.NO_SUCH_SHADOW_ROOT:<br/>            exception_class = NoSuchShadowRootException<br/>        elif status in ErrorCode.NO_SUCH_WINDOW:<br/>            exception_class = NoSuchWindowException<br/>        elif status in ErrorCode.STALE_ELEMENT_REFERENCE:<br/>            exception_class = StaleElementReferenceException<br/>        elif status in ErrorCode.ELEMENT_NOT_VISIBLE:<br/>            exception_class = ElementNotVisibleException<br/>        elif status in ErrorCode.INVALID_ELEMENT_STATE:<br/>            exception_class = InvalidElementStateException<br/>        elif status in ErrorCode.INVALID_SELECTOR \<br/>                or status in ErrorCode.INVALID_XPATH_SELECTOR \<br/>                or status in ErrorCode.INVALID_XPATH_SELECTOR_RETURN_TYPER:<br/>            exception_class = InvalidSelectorException<br/>        elif status in ErrorCode.ELEMENT_IS_NOT_SELECTABLE:<br/>            exception_class = ElementNotSelectableException<br/>        elif status in ErrorCode.ELEMENT_NOT_INTERACTABLE:<br/>            exception_class = ElementNotInteractableException<br/>        elif status in ErrorCode.INVALID_COOKIE_DOMAIN:<br/>            exception_class = InvalidCookieDomainException<br/>        elif status in ErrorCode.UNABLE_TO_SET_COOKIE:<br/>            exception_class = UnableToSetCookieException<br/>        elif status in ErrorCode.TIMEOUT:<br/>            exception_class = TimeoutException<br/>        elif status in ErrorCode.SCRIPT_TIMEOUT:<br/>            exception_class = TimeoutException<br/>        elif status in ErrorCode.UNKNOWN_ERROR:<br/>            exception_class = WebDriverException<br/>        elif status in ErrorCode.UNEXPECTED_ALERT_OPEN:<br/>            exception_class = UnexpectedAlertPresentException<br/>        elif status in ErrorCode.NO_ALERT_OPEN:<br/>            exception_class = NoAlertPresentException<br/>        elif status in ErrorCode.IME_NOT_AVAILABLE:<br/>            exception_class = ImeNotAvailableException<br/>        elif status in ErrorCode.IME_ENGINE_ACTIVATION_FAILED:<br/>            exception_class = ImeActivationFailedException<br/>        elif status in ErrorCode.MOVE_TARGET_OUT_OF_BOUNDS:<br/>            exception_class = MoveTargetOutOfBoundsException<br/>        elif status in ErrorCode.JAVASCRIPT_ERROR:<br/>            exception_class = JavascriptException<br/>        elif status in ErrorCode.SESSION_NOT_CREATED:<br/>            exception_class = SessionNotCreatedException<br/>        elif status in ErrorCode.INVALID_ARGUMENT:<br/>            exception_class = InvalidArgumentException<br/>        elif status in ErrorCode.NO_SUCH_COOKIE:<br/>            exception_class = NoSuchCookieException<br/>        elif status in ErrorCode.UNABLE_TO_CAPTURE_SCREEN:<br/>            exception_class = ScreenshotException<br/>        elif status in ErrorCode.ELEMENT_CLICK_INTERCEPTED:<br/>            exception_class = ElementClickInterceptedException<br/>        elif status in ErrorCode.INSECURE_CERTIFICATE:<br/>            exception_class = InsecureCertificateException<br/>        elif status in ErrorCode.INVALID_COORDINATES:<br/>            exception_class = InvalidCoordinatesException<br/>        elif status in ErrorCode.INVALID_SESSION_ID:<br/>            exception_class = InvalidSessionIdException<br/>        elif status in ErrorCode.UNKNOWN_METHOD:<br/>            exception_class = UnknownMethodException<br/>        else:<br/>            exception_class = WebDriverException<br/>        if not value:<br/>            value = response[&#x27;value&#x27;]<br/>        if isinstance(value, str):<br/>            raise exception_class(value)<br/>        if message == &quot;&quot; and &#x27;message&#x27; in value:<br/>            message = value[&#x27;message&#x27;]<br/>    <br/>        screen = None  # type: ignore[assignment]<br/>        if &#x27;screen&#x27; in value:<br/>            screen = value[&#x27;screen&#x27;]<br/>    <br/>        stacktrace = None<br/>        st_value = value.get(&#x27;stackTrace&#x27;) or value.get(&#x27;stacktrace&#x27;)<br/>        if st_value:<br/>            if isinstance(st_value, str):<br/>                stacktrace = st_value.split(&#x27;\n&#x27;)<br/>            else:<br/>                stacktrace = []<br/>                try:<br/>                    for frame in st_value:<br/>                        line = self._value_or_default(frame, &#x27;lineNumber&#x27;, &#x27;&#x27;)<br/>                        file = self._value_or_default(frame, &#x27;fileName&#x27;, &#x27;&lt;anonymous&gt;&#x27;)<br/>                        if line:<br/>                            file = &quot;%s:%s&quot; % (file, line)<br/>                        meth = self._value_or_default(frame, &#x27;methodName&#x27;, &#x27;&lt;anonymous&gt;&#x27;)<br/>                        if &#x27;className&#x27; in frame:<br/>                            meth = &quot;%s.%s&quot; % (frame[&#x27;className&#x27;], meth)<br/>                        msg = &quot;    at %s (%s)&quot;<br/>                        msg = msg % (meth, file)<br/>                        stacktrace.append(msg)<br/>                except TypeError:<br/>                    pass<br/>        if exception_class == UnexpectedAlertPresentException:<br/>            alert_text = None<br/>            if &#x27;data&#x27; in value:<br/>                alert_text = value[&#x27;data&#x27;].get(&#x27;text&#x27;)<br/>            elif &#x27;alert&#x27; in value:<br/>                alert_text = value[&#x27;alert&#x27;].get(&#x27;text&#x27;)<br/>            raise exception_class(message, screen, stacktrace, alert_text)  # type: ignore[call-arg]  # mypy is not smart enough here<br/>&gt;       raise exception_class(message, screen, stacktrace)<br/><span class="error">E       selenium.common.exceptions.NoSuchElementException: Message: no such element: Unable to locate element: {&quot;method&quot;:&quot;css selector&quot;,&quot;selector&quot;:&quot;[id=&quot;1-switch-item-can_delete&quot;]&quot;}</span><br/><span class="error">E         (Session info: chrome=101.0.4951.54)</span><br/><span class="error">E       Stacktrace:</span><br/><span class="error">E       Backtrace:</span><br/><span class="error">E       	Ordinal0 [0x0050B8F3+2406643]</span><br/><span class="error">E       	Ordinal0 [0x0049AF31+1945393]</span><br/><span class="error">E       	Ordinal0 [0x0038C748+837448]</span><br/><span class="error">E       	Ordinal0 [0x003B92E0+1020640]</span><br/><span class="error">E       	Ordinal0 [0x003B957B+1021307]</span><br/><span class="error">E       	Ordinal0 [0x003E6372+1205106]</span><br/><span class="error">E       	Ordinal0 [0x003D42C4+1131204]</span><br/><span class="error">E       	Ordinal0 [0x003E4682+1197698]</span><br/><span class="error">E       	Ordinal0 [0x003D4096+1130646]</span><br/><span class="error">E       	Ordinal0 [0x003AE636+976438]</span><br/><span class="error">E       	Ordinal0 [0x003AF546+980294]</span><br/><span class="error">E       	GetHandleVerifier [0x00779612+2498066]</span><br/><span class="error">E       	GetHandleVerifier [0x0076C920+2445600]</span><br/><span class="error">E       	GetHandleVerifier [0x005A4F2A+579370]</span><br/><span class="error">E       	GetHandleVerifier [0x005A3D36+574774]</span><br/><span class="error">E       	Ordinal0 [0x004A1C0B+1973259]</span><br/><span class="error">E       	Ordinal0 [0x004A6688+1992328]</span><br/><span class="error">E       	Ordinal0 [0x004A6775+1992565]</span><br/><span class="error">E       	Ordinal0 [0x004AF8D1+2029777]</span><br/><span class="error">E       	BaseThreadInitThunk [0x76F1FA29+25]</span><br/><span class="error">E       	RtlGetAppContainerNamedObjectPath [0x77637A7E+286]</span><br/><span class="error">E       	RtlGetAppContainerNamedObjectPath [0x77637A4E+238]</span><br/><br/>C:\Users\buzz4health\AppData\Roaming\Python\Python310\site-packages\selenium\webdriver\remote\errorhandler.py:247: NoSuchElementException<br/></div></td></tr></tbody>
      <tbody class="xpassed results-table-row">
        <tr>
          <td class="col-result">XPassed</td>
          <td class="col-name">Automation/test_00002signup.py::TestSignup::test_click_terms_of_use</td>
          <td class="col-duration">0.10</td>
          <td class="col-links"></td></tr>
        <tr>
          <td class="extra" colspan="4">
            <div class="empty log">No log output captured.</div></td></tr></tbody>
      <tbody class="skipped results-table-row">
        <tr>
          <td class="col-result">Skipped</td>
          <td class="col-name">Automation/test_00003signup_with_invalid_senario.py::test_please_enter_your_last_name</td>
          <td class="col-duration">0.00</td>
          <td class="col-links"></td></tr>
        <tr>
          <td class="extra" colspan="4">
            <div class="log">(&#x27;C:\\Python_selenium\\Automate_smart_financial\\tests\\automated\\Automation\\test_00003signup_with_invalid_senario.py&#x27;, 26, &#x27;Skipped: This Functionality is noy yet implemented (Please enter your last name)&#x27;)<br/></div></td></tr></tbody>
      <tbody class="skipped results-table-row">
        <tr>
          <td class="col-result">Skipped</td>
          <td class="col-name">Automation/test_00003signup_with_invalid_senario.py::test_last_name_must_be_at_least_2_characters</td>
          <td class="col-duration">0.00</td>
          <td class="col-links"></td></tr>
        <tr>
          <td class="extra" colspan="4">
            <div class="log">(&#x27;C:\\Python_selenium\\Automate_smart_financial\\tests\\automated\\Automation\\test_00003signup_with_invalid_senario.py&#x27;, 126, &#x27;Skipped: This Functionality is noy yet implemented (last_name must be at least 2 characters)&#x27;)<br/></div></td></tr></tbody>
      <tbody class="skipped results-table-row">
        <tr>
          <td class="col-result">Skipped</td>
          <td class="col-name">Automation/test_00006login.py::TestLogin::test_able_to_login</td>
          <td class="col-duration">0.00</td>
          <td class="col-links"></td></tr>
        <tr>
          <td class="extra" colspan="4">
            <div class="log">(&#x27;C:\\Python_selenium\\Automate_smart_financial\\tests\\automated\\Automation\\test_00006login.py&#x27;, 56, &#x27;Skipped: unconditional skip&#x27;)<br/></div></td></tr></tbody>
      <tbody class="passed results-table-row">
        <tr>
          <td class="col-result">Passed</td>
          <td class="col-name">Automation/test_00001open_browser.py::test_T1_open_browser</td>
          <td class="col-duration">3.74</td>
          <td class="col-links"></td></tr>
        <tr>
          <td class="extra" colspan="4">
            <div class="empty log">No log output captured.</div></td></tr></tbody>
      <tbody class="passed results-table-row">
        <tr>
          <td class="col-result">Passed</td>
          <td class="col-name">Automation/test_00002signup.py::TestSignup::test_signup_enable_or_not</td>
          <td class="col-duration">0.01</td>
          <td class="col-links"></td></tr>
        <tr>
          <td class="extra" colspan="4">
            <div class="empty log">No log output captured.</div></td></tr></tbody>
      <tbody class="passed results-table-row">
        <tr>
          <td class="col-result">Passed</td>
          <td class="col-name">Automation/test_00002signup.py::TestSignup::test_signup_text</td>
          <td class="col-duration">0.01</td>
          <td class="col-links"></td></tr>
        <tr>
          <td class="extra" colspan="4">
            <div class="empty log">No log output captured.</div></td></tr></tbody>
      <tbody class="passed results-table-row">
        <tr>
          <td class="col-result">Passed</td>
          <td class="col-name">Automation/test_00002signup.py::TestSignup::testClick_signup</td>
          <td class="col-duration">5.06</td>
          <td class="col-links"></td></tr>
        <tr>
          <td class="extra" colspan="4">
            <div class="empty log">No log output captured.</div></td></tr></tbody>
      <tbody class="passed results-table-row">
        <tr>
          <td class="col-result">Passed</td>
          <td class="col-name">Automation/test_00002signup.py::TestSignup::testEnter_first_name_enable</td>
          <td class="col-duration">0.05</td>
          <td class="col-links"></td></tr>
        <tr>
          <td class="extra" colspan="4">
            <div class="empty log">No log output captured.</div></td></tr></tbody>
      <tbody class="passed results-table-row">
        <tr>
          <td class="col-result">Passed</td>
          <td class="col-name">Automation/test_00002signup.py::TestSignup::testEnter_first_name</td>
          <td class="col-duration">0.02</td>
          <td class="col-links"></td></tr>
        <tr>
          <td class="extra" colspan="4">
            <div class="empty log">No log output captured.</div></td></tr></tbody>
      <tbody class="passed results-table-row">
        <tr>
          <td class="col-result">Passed</td>
          <td class="col-name">Automation/test_00002signup.py::TestSignup::testEnter_Last_name_enable</td>
          <td class="col-duration">0.01</td>
          <td class="col-links"></td></tr>
        <tr>
          <td class="extra" colspan="4">
            <div class="empty log">No log output captured.</div></td></tr></tbody>
      <tbody class="passed results-table-row">
        <tr>
          <td class="col-result">Passed</td>
          <td class="col-name">Automation/test_00002signup.py::TestSignup::testEnter_last_name</td>
          <td class="col-duration">0.01</td>
          <td class="col-links"></td></tr>
        <tr>
          <td class="extra" colspan="4">
            <div class="empty log">No log output captured.</div></td></tr></tbody>
      <tbody class="passed results-table-row">
        <tr>
          <td class="col-result">Passed</td>
          <td class="col-name">Automation/test_00002signup.py::TestSignup::testEnter_phone_number_enable</td>
          <td class="col-duration">0.01</td>
          <td class="col-links"></td></tr>
        <tr>
          <td class="extra" colspan="4">
            <div class="empty log">No log output captured.</div></td></tr></tbody>
      <tbody class="passed results-table-row">
        <tr>
          <td class="col-result">Passed</td>
          <td class="col-name">Automation/test_00002signup.py::TestSignup::testEnter_phone_number</td>
          <td class="col-duration">0.01</td>
          <td class="col-links"></td></tr>
        <tr>
          <td class="extra" colspan="4">
            <div class="empty log">No log output captured.</div></td></tr></tbody>
      <tbody class="passed results-table-row">
        <tr>
          <td class="col-result">Passed</td>
          <td class="col-name">Automation/test_00002signup.py::TestSignup::testEnter_timezone_enable</td>
          <td class="col-duration">0.01</td>
          <td class="col-links"></td></tr>
        <tr>
          <td class="extra" colspan="4">
            <div class="empty log">No log output captured.</div></td></tr></tbody>
      <tbody class="passed results-table-row">
        <tr>
          <td class="col-result">Passed</td>
          <td class="col-name">Automation/test_00002signup.py::TestSignup::testEnter_timezone</td>
          <td class="col-duration">0.01</td>
          <td class="col-links"></td></tr>
        <tr>
          <td class="extra" colspan="4">
            <div class="empty log">No log output captured.</div></td></tr></tbody>
      <tbody class="passed results-table-row">
        <tr>
          <td class="col-result">Passed</td>
          <td class="col-name">Automation/test_00002signup.py::TestSignup::testEnter_address_enable</td>
          <td class="col-duration">0.01</td>
          <td class="col-links"></td></tr>
        <tr>
          <td class="extra" colspan="4">
            <div class="empty log">No log output captured.</div></td></tr></tbody>
      <tbody class="passed results-table-row">
        <tr>
          <td class="col-result">Passed</td>
          <td class="col-name">Automation/test_00002signup.py::TestSignup::testEnter_address</td>
          <td class="col-duration">0.01</td>
          <td class="col-links"></td></tr>
        <tr>
          <td class="extra" colspan="4">
            <div class="empty log">No log output captured.</div></td></tr></tbody>
      <tbody class="passed results-table-row">
        <tr>
          <td class="col-result">Passed</td>
          <td class="col-name">Automation/test_00002signup.py::TestSignup::test_enter_city_enable</td>
          <td class="col-duration">0.01</td>
          <td class="col-links"></td></tr>
        <tr>
          <td class="extra" colspan="4">
            <div class="empty log">No log output captured.</div></td></tr></tbody>
      <tbody class="passed results-table-row">
        <tr>
          <td class="col-result">Passed</td>
          <td class="col-name">Automation/test_00002signup.py::TestSignup::testenter_city_text</td>
          <td class="col-duration">0.01</td>
          <td class="col-links"></td></tr>
        <tr>
          <td class="extra" colspan="4">
            <div class="empty log">No log output captured.</div></td></tr></tbody>
      <tbody class="passed results-table-row">
        <tr>
          <td class="col-result">Passed</td>
          <td class="col-name">Automation/test_00002signup.py::TestSignup::testenter_state_text</td>
          <td class="col-duration">0.01</td>
          <td class="col-links"></td></tr>
        <tr>
          <td class="extra" colspan="4">
            <div class="empty log">No log output captured.</div></td></tr></tbody>
      <tbody class="passed results-table-row">
        <tr>
          <td class="col-result">Passed</td>
          <td class="col-name">Automation/test_00002signup.py::TestSignup::testenter_zipcode_enable</td>
          <td class="col-duration">0.01</td>
          <td class="col-links"></td></tr>
        <tr>
          <td class="extra" colspan="4">
            <div class="empty log">No log output captured.</div></td></tr></tbody>
      <tbody class="passed results-table-row">
        <tr>
          <td class="col-result">Passed</td>
          <td class="col-name">Automation/test_00002signup.py::TestSignup::testenter_zipcode</td>
          <td class="col-duration">0.01</td>
          <td class="col-links"></td></tr>
        <tr>
          <td class="extra" colspan="4">
            <div class="empty log">No log output captured.</div></td></tr></tbody>
      <tbody class="passed results-table-row">
        <tr>
          <td class="col-result">Passed</td>
          <td class="col-name">Automation/test_00002signup.py::TestSignup::test_enter_email_place_enable</td>
          <td class="col-duration">0.01</td>
          <td class="col-links"></td></tr>
        <tr>
          <td class="extra" colspan="4">
            <div class="empty log">No log output captured.</div></td></tr></tbody>
      <tbody class="passed results-table-row">
        <tr>
          <td class="col-result">Passed</td>
          <td class="col-name">Automation/test_00002signup.py::TestSignup::test_enter_email_place</td>
          <td class="col-duration">0.01</td>
          <td class="col-links"></td></tr>
        <tr>
          <td class="extra" colspan="4">
            <div class="empty log">No log output captured.</div></td></tr></tbody>
      <tbody class="passed results-table-row">
        <tr>
          <td class="col-result">Passed</td>
          <td class="col-name">Automation/test_00002signup.py::TestSignup::test_enter_Password_enable</td>
          <td class="col-duration">0.01</td>
          <td class="col-links"></td></tr>
        <tr>
          <td class="extra" colspan="4">
            <div class="empty log">No log output captured.</div></td></tr></tbody>
      <tbody class="passed results-table-row">
        <tr>
          <td class="col-result">Passed</td>
          <td class="col-name">Automation/test_00002signup.py::TestSignup::test_enter_password</td>
          <td class="col-duration">0.01</td>
          <td class="col-links"></td></tr>
        <tr>
          <td class="extra" colspan="4">
            <div class="empty log">No log output captured.</div></td></tr></tbody>
      <tbody class="passed results-table-row">
        <tr>
          <td class="col-result">Passed</td>
          <td class="col-name">Automation/test_00002signup.py::TestSignup::test_text_on_button_register</td>
          <td class="col-duration">0.01</td>
          <td class="col-links"></td></tr>
        <tr>
          <td class="extra" colspan="4">
            <div class="empty log">No log output captured.</div></td></tr></tbody>
      <tbody class="passed results-table-row">
        <tr>
          <td class="col-result">Passed</td>
          <td class="col-name">Automation/test_00002signup.py::TestSignup::test_click_button_register_enable</td>
          <td class="col-duration">0.01</td>
          <td class="col-links"></td></tr>
        <tr>
          <td class="extra" colspan="4">
            <div class="empty log">No log output captured.</div></td></tr></tbody>
      <tbody class="passed results-table-row">
        <tr>
          <td class="col-result">Passed</td>
          <td class="col-name">Automation/test_00002signup.py::TestSignup::test_click_button_register</td>
          <td class="col-duration">3.12</td>
          <td class="col-links"></td></tr>
        <tr>
          <td class="extra" colspan="4">
            <div class="empty log">No log output captured.</div></td></tr></tbody>
      <tbody class="passed results-table-row">
        <tr>
          <td class="col-result">Passed</td>
          <td class="col-name">Automation/test_00002signup.py::TestSignup::test_text_by_registering_you_agree_to_the</td>
          <td class="col-duration">0.02</td>
          <td class="col-links"></td></tr>
        <tr>
          <td class="extra" colspan="4">
            <div class="empty log">No log output captured.</div></td></tr></tbody>
      <tbody class="passed results-table-row">
        <tr>
          <td class="col-result">Passed</td>
          <td class="col-name">Automation/test_00002signup.py::TestSignup::test_text_click_terms_of_use</td>
          <td class="col-duration">0.01</td>
          <td class="col-links"></td></tr>
        <tr>
          <td class="extra" colspan="4">
            <div class="empty log">No log output captured.</div></td></tr></tbody>
      <tbody class="passed results-table-row">
        <tr>
          <td class="col-result">Passed</td>
          <td class="col-name">Automation/test_00002signup.py::TestSignup::test_terms_of_use_enable</td>
          <td class="col-duration">3.02</td>
          <td class="col-links"></td></tr>
        <tr>
          <td class="extra" colspan="4">
            <div class="empty log">No log output captured.</div></td></tr></tbody>
      <tbody class="passed results-table-row">
        <tr>
          <td class="col-result">Passed</td>
          <td class="col-name">Automation/test_00002signup.py::TestSignup::test_already_have_an_account</td>
          <td class="col-duration">0.02</td>
          <td class="col-links"></td></tr>
        <tr>
          <td class="extra" colspan="4">
            <div class="empty log">No log output captured.</div></td></tr></tbody>
      <tbody class="passed results-table-row">
        <tr>
          <td class="col-result">Passed</td>
          <td class="col-name">Automation/test_00002signup.py::TestSignup::testbacktologin</td>
          <td class="col-duration">0.01</td>
          <td class="col-links"></td></tr>
        <tr>
          <td class="extra" colspan="4">
            <div class="empty log">No log output captured.</div></td></tr></tbody>
      <tbody class="passed results-table-row">
        <tr>
          <td class="col-result">Passed</td>
          <td class="col-name">Automation/test_00002signup.py::TestSignup::test_login_button_to_go_back_to_login_page_enable</td>
          <td class="col-duration">0.01</td>
          <td class="col-links"></td></tr>
        <tr>
          <td class="extra" colspan="4">
            <div class="empty log">No log output captured.</div></td></tr></tbody>
      <tbody class="passed results-table-row">
        <tr>
          <td class="col-result">Passed</td>
          <td class="col-name">Automation/test_00002signup.py::TestSignup::test_text_2022_Smart_Financial</td>
          <td class="col-duration">0.01</td>
          <td class="col-links"></td></tr>
        <tr>
          <td class="extra" colspan="4">
            <div class="empty log">No log output captured.</div></td></tr></tbody>
      <tbody class="passed results-table-row">
        <tr>
          <td class="col-result">Passed</td>
          <td class="col-name">Automation/test_00002signup.py::TestSignup::test_back_to_login</td>
          <td class="col-duration">4.01</td>
          <td class="col-links"></td></tr>
        <tr>
          <td class="extra" colspan="4">
            <div class="empty log">No log output captured.</div></td></tr></tbody>
      <tbody class="passed results-table-row">
        <tr>
          <td class="col-result">Passed</td>
          <td class="col-name">Automation/test_00002signup.py::TestSignup::test_click_on_login_button_to_go_back_to_login_page</td>
          <td class="col-duration">3.14</td>
          <td class="col-links"></td></tr>
        <tr>
          <td class="extra" colspan="4">
            <div class="empty log">No log output captured.</div></td></tr></tbody>
      <tbody class="passed results-table-row">
        <tr>
          <td class="col-result">Passed</td>
          <td class="col-name">Automation/test_00003signup_with_invalid_senario.py::test_click_signup</td>
          <td class="col-duration">0.05</td>
          <td class="col-links"></td></tr>
        <tr>
          <td class="extra" colspan="4">
            <div class="empty log">No log output captured.</div></td></tr></tbody>
      <tbody class="passed results-table-row">
        <tr>
          <td class="col-result">Passed</td>
          <td class="col-name">Automation/test_00003signup_with_invalid_senario.py::test_click_button_register</td>
          <td class="col-duration">5.11</td>
          <td class="col-links"></td></tr>
        <tr>
          <td class="extra" colspan="4">
            <div class="empty log">No log output captured.</div></td></tr></tbody>
      <tbody class="passed results-table-row">
        <tr>
          <td class="col-result">Passed</td>
          <td class="col-name">Automation/test_00003signup_with_invalid_senario.py::test_please_enter_you_first_name</td>
          <td class="col-duration">0.02</td>
          <td class="col-links"></td></tr>
        <tr>
          <td class="extra" colspan="4">
            <div class="empty log">No log output captured.</div></td></tr></tbody>
      <tbody class="passed results-table-row">
        <tr>
          <td class="col-result">Passed</td>
          <td class="col-name">Automation/test_00003signup_with_invalid_senario.py::test_please_select_a_time_zone</td>
          <td class="col-duration">0.01</td>
          <td class="col-links"></td></tr>
        <tr>
          <td class="extra" colspan="4">
            <div class="empty log">No log output captured.</div></td></tr></tbody>
      <tbody class="passed results-table-row">
        <tr>
          <td class="col-result">Passed</td>
          <td class="col-name">Automation/test_00003signup_with_invalid_senario.py::test_please_enter_your_address</td>
          <td class="col-duration">0.01</td>
          <td class="col-links"></td></tr>
        <tr>
          <td class="extra" colspan="4">
            <div class="empty log">No log output captured.</div></td></tr></tbody>
      <tbody class="passed results-table-row">
        <tr>
          <td class="col-result">Passed</td>
          <td class="col-name">Automation/test_00003signup_with_invalid_senario.py::test_please_enter_your_city</td>
          <td class="col-duration">0.02</td>
          <td class="col-links"></td></tr>
        <tr>
          <td class="extra" colspan="4">
            <div class="empty log">No log output captured.</div></td></tr></tbody>
      <tbody class="passed results-table-row">
        <tr>
          <td class="col-result">Passed</td>
          <td class="col-name">Automation/test_00003signup_with_invalid_senario.py::test_Please_enter_your_state</td>
          <td class="col-duration">0.01</td>
          <td class="col-links"></td></tr>
        <tr>
          <td class="extra" colspan="4">
            <div class="empty log">No log output captured.</div></td></tr></tbody>
      <tbody class="passed results-table-row">
        <tr>
          <td class="col-result">Passed</td>
          <td class="col-name">Automation/test_00003signup_with_invalid_senario.py::test_Please_enter_your_zip</td>
          <td class="col-duration">0.01</td>
          <td class="col-links"></td></tr>
        <tr>
          <td class="extra" colspan="4">
            <div class="empty log">No log output captured.</div></td></tr></tbody>
      <tbody class="passed results-table-row">
        <tr>
          <td class="col-result">Passed</td>
          <td class="col-name">Automation/test_00003signup_with_invalid_senario.py::test_Please_enter_a_valid_email</td>
          <td class="col-duration">0.01</td>
          <td class="col-links"></td></tr>
        <tr>
          <td class="extra" colspan="4">
            <div class="empty log">No log output captured.</div></td></tr></tbody>
      <tbody class="passed results-table-row">
        <tr>
          <td class="col-result">Passed</td>
          <td class="col-name">Automation/test_00003signup_with_invalid_senario.py::test_Please_enter_your_password</td>
          <td class="col-duration">0.01</td>
          <td class="col-links"></td></tr>
        <tr>
          <td class="extra" colspan="4">
            <div class="empty log">No log output captured.</div></td></tr></tbody>
      <tbody class="passed results-table-row">
        <tr>
          <td class="col-result">Passed</td>
          <td class="col-name">Automation/test_00003signup_with_invalid_senario.py::test_enter_signup_details</td>
          <td class="col-duration">10.01</td>
          <td class="col-links"></td></tr>
        <tr>
          <td class="extra" colspan="4">
            <div class="empty log">No log output captured.</div></td></tr></tbody>
      <tbody class="passed results-table-row">
        <tr>
          <td class="col-result">Passed</td>
          <td class="col-name">Automation/test_00003signup_with_invalid_senario.py::test_email_has_already_been_take</td>
          <td class="col-duration">2.08</td>
          <td class="col-links"></td></tr>
        <tr>
          <td class="extra" colspan="4">
            <div class="empty log">No log output captured.</div></td></tr></tbody>
      <tbody class="passed results-table-row">
        <tr>
          <td class="col-result">Passed</td>
          <td class="col-name">Automation/test_00003signup_with_invalid_senario.py::test_user_should_not_able_to_log_in_with_in_valid_email</td>
          <td class="col-duration">7.84</td>
          <td class="col-links"></td></tr>
        <tr>
          <td class="extra" colspan="4">
            <div class="empty log">No log output captured.</div></td></tr></tbody>
      <tbody class="passed results-table-row">
        <tr>
          <td class="col-result">Passed</td>
          <td class="col-name">Automation/test_00003signup_with_invalid_senario.py::test_first_name_and_last_name_for_more_then_2_har_and_in_address_3_char</td>
          <td class="col-duration">0.67</td>
          <td class="col-links"></td></tr>
        <tr>
          <td class="extra" colspan="4">
            <div class="empty log">No log output captured.</div></td></tr></tbody>
      <tbody class="passed results-table-row">
        <tr>
          <td class="col-result">Passed</td>
          <td class="col-name">Automation/test_00003signup_with_invalid_senario.py::test_first_name_must_be_at_least_2_characters</td>
          <td class="col-duration">0.01</td>
          <td class="col-links"></td></tr>
        <tr>
          <td class="extra" colspan="4">
            <div class="empty log">No log output captured.</div></td></tr></tbody>
      <tbody class="passed results-table-row">
        <tr>
          <td class="col-result">Passed</td>
          <td class="col-name">Automation/test_00003signup_with_invalid_senario.py::test_not_able_to_sign_up_with_invalid_zip</td>
          <td class="col-duration">0.61</td>
          <td class="col-links"></td></tr>
        <tr>
          <td class="extra" colspan="4">
            <div class="empty log">No log output captured.</div></td></tr></tbody>
      <tbody class="passed results-table-row">
        <tr>
          <td class="col-result">Passed</td>
          <td class="col-name">Automation/test_00004login_with_invalid_senarios.py::TestInvalidLogin::test_click_login</td>
          <td class="col-duration">2.05</td>
          <td class="col-links"></td></tr>
        <tr>
          <td class="extra" colspan="4">
            <div class="empty log">No log output captured.</div></td></tr></tbody>
      <tbody class="passed results-table-row">
        <tr>
          <td class="col-result">Passed</td>
          <td class="col-name">Automation/test_00004login_with_invalid_senarios.py::TestInvalidLogin::test_please_enter_your_email</td>
          <td class="col-duration">0.07</td>
          <td class="col-links"></td></tr>
        <tr>
          <td class="extra" colspan="4">
            <div class="empty log">No log output captured.</div></td></tr></tbody>
      <tbody class="passed results-table-row">
        <tr>
          <td class="col-result">Passed</td>
          <td class="col-name">Automation/test_00004login_with_invalid_senarios.py::TestInvalidLogin::test_please_enter_your_password</td>
          <td class="col-duration">0.03</td>
          <td class="col-links"></td></tr>
        <tr>
          <td class="extra" colspan="4">
            <div class="empty log">No log output captured.</div></td></tr></tbody>
      <tbody class="passed results-table-row">
        <tr>
          <td class="col-result">Passed</td>
          <td class="col-name">Automation/test_00004login_with_invalid_senarios.py::TestInvalidLogin::test_enter_email_not_password</td>
          <td class="col-duration">2.98</td>
          <td class="col-links"></td></tr>
        <tr>
          <td class="extra" colspan="4">
            <div class="empty log">No log output captured.</div></td></tr></tbody>
      <tbody class="passed results-table-row">
        <tr>
          <td class="col-result">Passed</td>
          <td class="col-name">Automation/test_00004login_with_invalid_senarios.py::TestInvalidLogin::test_enter_password_not_email</td>
          <td class="col-duration">3.79</td>
          <td class="col-links"></td></tr>
        <tr>
          <td class="extra" colspan="4">
            <div class="empty log">No log output captured.</div></td></tr></tbody>
      <tbody class="passed results-table-row">
        <tr>
          <td class="col-result">Passed</td>
          <td class="col-name">Automation/test_00004login_with_invalid_senarios.py::TestInvalidLogin::test_invalid_email</td>
          <td class="col-duration">0.73</td>
          <td class="col-links"></td></tr>
        <tr>
          <td class="extra" colspan="4">
            <div class="empty log">No log output captured.</div></td></tr></tbody>
      <tbody class="passed results-table-row">
        <tr>
          <td class="col-result">Passed</td>
          <td class="col-name">Automation/test_00004login_with_invalid_senarios.py::TestInvalidLogin::test_invalid_password</td>
          <td class="col-duration">14.99</td>
          <td class="col-links"></td></tr>
        <tr>
          <td class="extra" colspan="4">
            <div class="empty log">No log output captured.</div></td></tr></tbody>
      <tbody class="passed results-table-row">
        <tr>
          <td class="col-result">Passed</td>
          <td class="col-name">Automation/test_00005forgot_password.py::TestForgotPassword::test_text_of_forgot_password</td>
          <td class="col-duration">0.02</td>
          <td class="col-links"></td></tr>
        <tr>
          <td class="extra" colspan="4">
            <div class="empty log">No log output captured.</div></td></tr></tbody>
      <tbody class="passed results-table-row">
        <tr>
          <td class="col-result">Passed</td>
          <td class="col-name">Automation/test_00005forgot_password.py::TestForgotPassword::test_Forgot_password_enable</td>
          <td class="col-duration">0.01</td>
          <td class="col-links"></td></tr>
        <tr>
          <td class="extra" colspan="4">
            <div class="empty log">No log output captured.</div></td></tr></tbody>
      <tbody class="passed results-table-row">
        <tr>
          <td class="col-result">Passed</td>
          <td class="col-name">Automation/test_00005forgot_password.py::TestForgotPassword::test_Click_forgot_password</td>
          <td class="col-duration">3.05</td>
          <td class="col-links"></td></tr>
        <tr>
          <td class="extra" colspan="4">
            <div class="empty log">No log output captured.</div></td></tr></tbody>
      <tbody class="passed results-table-row">
        <tr>
          <td class="col-result">Passed</td>
          <td class="col-name">Automation/test_00005forgot_password.py::TestForgotPassword::test_in_forgot_password_email</td>
          <td class="col-duration">0.06</td>
          <td class="col-links"></td></tr>
        <tr>
          <td class="extra" colspan="4">
            <div class="empty log">No log output captured.</div></td></tr></tbody>
      <tbody class="passed results-table-row">
        <tr>
          <td class="col-result">Passed</td>
          <td class="col-name">Automation/test_00005forgot_password.py::TestForgotPassword::test_text_2022_smart_financial</td>
          <td class="col-duration">0.02</td>
          <td class="col-links"></td></tr>
        <tr>
          <td class="extra" colspan="4">
            <div class="empty log">No log output captured.</div></td></tr></tbody>
      <tbody class="passed results-table-row">
        <tr>
          <td class="col-result">Passed</td>
          <td class="col-name">Automation/test_00005forgot_password.py::TestForgotPassword::testin_email_enable</td>
          <td class="col-duration">0.01</td>
          <td class="col-links"></td></tr>
        <tr>
          <td class="extra" colspan="4">
            <div class="empty log">No log output captured.</div></td></tr></tbody>
      <tbody class="passed results-table-row">
        <tr>
          <td class="col-result">Passed</td>
          <td class="col-name">Automation/test_00005forgot_password.py::TestForgotPassword::test_in_email_place_holder</td>
          <td class="col-duration">0.01</td>
          <td class="col-links"></td></tr>
        <tr>
          <td class="extra" colspan="4">
            <div class="empty log">No log output captured.</div></td></tr></tbody>
      <tbody class="passed results-table-row">
        <tr>
          <td class="col-result">Passed</td>
          <td class="col-name">Automation/test_00005forgot_password.py::TestForgotPassword::test_enter_the_email_for_reseting_of_password</td>
          <td class="col-duration">0.09</td>
          <td class="col-links"></td></tr>
        <tr>
          <td class="extra" colspan="4">
            <div class="empty log">No log output captured.</div></td></tr></tbody>
      <tbody class="passed results-table-row">
        <tr>
          <td class="col-result">Passed</td>
          <td class="col-name">Automation/test_00005forgot_password.py::TestForgotPassword::test_text_on_reset_button</td>
          <td class="col-duration">0.01</td>
          <td class="col-links"></td></tr>
        <tr>
          <td class="extra" colspan="4">
            <div class="empty log">No log output captured.</div></td></tr></tbody>
      <tbody class="passed results-table-row">
        <tr>
          <td class="col-result">Passed</td>
          <td class="col-name">Automation/test_00005forgot_password.py::TestForgotPassword::test_click_on_reset_button_enble</td>
          <td class="col-duration">0.01</td>
          <td class="col-links"></td></tr>
        <tr>
          <td class="extra" colspan="4">
            <div class="empty log">No log output captured.</div></td></tr></tbody>
      <tbody class="passed results-table-row">
        <tr>
          <td class="col-result">Passed</td>
          <td class="col-name">Automation/test_00005forgot_password.py::TestForgotPassword::test_click_on_reset_button</td>
          <td class="col-duration">0.03</td>
          <td class="col-links"></td></tr>
        <tr>
          <td class="extra" colspan="4">
            <div class="empty log">No log output captured.</div></td></tr></tbody>
      <tbody class="passed results-table-row">
        <tr>
          <td class="col-result">Passed</td>
          <td class="col-name">Automation/test_00005forgot_password.py::TestForgotPassword::test_backtologin</td>
          <td class="col-duration">0.01</td>
          <td class="col-links"></td></tr>
        <tr>
          <td class="extra" colspan="4">
            <div class="empty log">No log output captured.</div></td></tr></tbody>
      <tbody class="passed results-table-row">
        <tr>
          <td class="col-result">Passed</td>
          <td class="col-name">Automation/test_00005forgot_password.py::TestForgotPassword::test_click_on_login_button_to_go_back_to_login_page</td>
          <td class="col-duration">0.03</td>
          <td class="col-links"></td></tr>
        <tr>
          <td class="extra" colspan="4">
            <div class="empty log">No log output captured.</div></td></tr></tbody>
      <tbody class="passed results-table-row">
        <tr>
          <td class="col-result">Passed</td>
          <td class="col-name">Automation/test_00006login.py::TestLogin::test_smart_financial_title_image</td>
          <td class="col-duration">0.01</td>
          <td class="col-links"></td></tr>
        <tr>
          <td class="extra" colspan="4">
            <div class="empty log">No log output captured.</div></td></tr></tbody>
      <tbody class="passed results-table-row">
        <tr>
          <td class="col-result">Passed</td>
          <td class="col-name">Automation/test_00006login.py::TestLogin::test_email_input_field</td>
          <td class="col-duration">0.01</td>
          <td class="col-links"></td></tr>
        <tr>
          <td class="extra" colspan="4">
            <div class="empty log">No log output captured.</div></td></tr></tbody>
      <tbody class="passed results-table-row">
        <tr>
          <td class="col-result">Passed</td>
          <td class="col-name">Automation/test_00006login.py::TestLogin::test_password_input_field</td>
          <td class="col-duration">0.01</td>
          <td class="col-links"></td></tr>
        <tr>
          <td class="extra" colspan="4">
            <div class="empty log">No log output captured.</div></td></tr></tbody>
      <tbody class="passed results-table-row">
        <tr>
          <td class="col-result">Passed</td>
          <td class="col-name">Automation/test_00006login.py::TestLogin::test_email_text</td>
          <td class="col-duration">0.01</td>
          <td class="col-links"></td></tr>
        <tr>
          <td class="extra" colspan="4">
            <div class="empty log">No log output captured.</div></td></tr></tbody>
      <tbody class="passed results-table-row">
        <tr>
          <td class="col-result">Passed</td>
          <td class="col-name">Automation/test_00006login.py::TestLogin::test_password_text</td>
          <td class="col-duration">0.01</td>
          <td class="col-links"></td></tr>
        <tr>
          <td class="extra" colspan="4">
            <div class="empty log">No log output captured.</div></td></tr></tbody>
      <tbody class="passed results-table-row">
        <tr>
          <td class="col-result">Passed</td>
          <td class="col-name">Automation/test_00006login.py::TestLogin::test_remember_me_text</td>
          <td class="col-duration">0.01</td>
          <td class="col-links"></td></tr>
        <tr>
          <td class="extra" colspan="4">
            <div class="empty log">No log output captured.</div></td></tr></tbody>
      <tbody class="passed results-table-row">
        <tr>
          <td class="col-result">Passed</td>
          <td class="col-name">Automation/test_00006login.py::TestLogin::test_text_2022_smart_financial</td>
          <td class="col-duration">0.01</td>
          <td class="col-links"></td></tr>
        <tr>
          <td class="extra" colspan="4">
            <div class="empty log">No log output captured.</div></td></tr></tbody>
      <tbody class="passed results-table-row">
        <tr>
          <td class="col-result">Passed</td>
          <td class="col-name">Automation/test_00006login.py::TestLogin::test_remember_me</td>
          <td class="col-duration">4.07</td>
          <td class="col-links"></td></tr>
        <tr>
          <td class="extra" colspan="4">
            <div class="empty log">No log output captured.</div></td></tr></tbody>
      <tbody class="passed results-table-row">
        <tr>
          <td class="col-result">Passed</td>
          <td class="col-name">Automation/test_00006login.py::TestLogin::test_login</td>
          <td class="col-duration">5.96</td>
          <td class="col-links"></td></tr>
        <tr>
          <td class="extra" colspan="4">
            <div class="empty log">No log output captured.</div></td></tr></tbody>
      <tbody class="passed results-table-row">
        <tr>
          <td class="col-result">Passed</td>
          <td class="col-name">Automation/test_00006login.py::TestLogin::test_login_button_text</td>
          <td class="col-duration">0.04</td>
          <td class="col-links"></td></tr>
        <tr>
          <td class="extra" colspan="4">
            <div class="empty log">No log output captured.</div></td></tr></tbody>
      <tbody class="passed results-table-row">
        <tr>
          <td class="col-result">Passed</td>
          <td class="col-name">Automation/test_00006login.py::TestLogin::test_login_button</td>
          <td class="col-duration">0.04</td>
          <td class="col-links"></td></tr>
        <tr>
          <td class="extra" colspan="4">
            <div class="empty log">No log output captured.</div></td></tr></tbody>
      <tbody class="passed results-table-row">
        <tr>
          <td class="col-result">Passed</td>
          <td class="col-name">Automation/test_00007roles_creation.py::TestRoles::test_organization</td>
          <td class="col-duration">8.31</td>
          <td class="col-links"></td></tr>
        <tr>
          <td class="extra" colspan="4">
            <div class="empty log">No log output captured.</div></td></tr></tbody>
      <tbody class="passed results-table-row">
        <tr>
          <td class="col-result">Passed</td>
          <td class="col-name">Automation/test_00007roles_creation.py::TestRoles::test_roles</td>
          <td class="col-duration">0.26</td>
          <td class="col-links"></td></tr>
        <tr>
          <td class="extra" colspan="4">
            <div class="empty log">No log output captured.</div></td></tr></tbody>
      <tbody class="passed results-table-row">
        <tr>
          <td class="col-result">Passed</td>
          <td class="col-name">Automation/test_00007roles_creation.py::TestRoles::test_create_new_role</td>
          <td class="col-duration">6.49</td>
          <td class="col-links"></td></tr>
        <tr>
          <td class="extra" colspan="4">
            <div class="empty log">No log output captured.</div></td></tr></tbody>
      <tbody class="passed results-table-row">
        <tr>
          <td class="col-result">Passed</td>
          <td class="col-name">Automation/test_00007roles_creation.py::TestRoles::test_click_on_edit_newly_created_role</td>
          <td class="col-duration">5.30</td>
          <td class="col-links"></td></tr>
        <tr>
          <td class="extra" colspan="4">
            <div class="log"> ------------------------------Captured stdout call------------------------------ <br/>Message: no such element: Unable to locate element: {&quot;method&quot;:&quot;css selector&quot;,&quot;selector&quot;:&quot;.text-dark&quot;}
  (Session info: chrome=101.0.4951.54)
Stacktrace:
Backtrace:
	Ordinal0 [0x0050B8F3+2406643]
	Ordinal0 [0x0049AF31+1945393]
	Ordinal0 [0x0038C748+837448]
	Ordinal0 [0x003B92E0+1020640]
	Ordinal0 [0x003B957B+1021307]
	Ordinal0 [0x003AFAE1+981729]
	Ordinal0 [0x003D42C4+1131204]
	Ordinal0 [0x003AFA64+981604]
	Ordinal0 [0x003D4494+1131668]
	Ordinal0 [0x003E4682+1197698]
	Ordinal0 [0x003D4096+1130646]
	Ordinal0 [0x003AE636+976438]
	Ordinal0 [0x003AF546+980294]
	GetHandleVerifier [0x00779612+2498066]
	GetHandleVerifier [0x0076C920+2445600]
	GetHandleVerifier [0x005A4F2A+579370]
	GetHandleVerifier [0x005A3D36+574774]
	Ordinal0 [0x004A1C0B+1973259]
	Ordinal0 [0x004A6688+1992328]
	Ordinal0 [0x004A6775+1992565]
	Ordinal0 [0x004AF8D1+2029777]
	BaseThreadInitThunk [0x76F1FA29+25]
	RtlGetAppContainerNamedObjectPath [0x77637A7E+286]
	RtlGetAppContainerNamedObjectPath [0x77637A4E+238]

Message: stale element reference: element is not attached to the page document
  (Session info: chrome=101.0.4951.54)
Stacktrace:
Backtrace:
	Ordinal0 [0x0050B8F3+2406643]
	Ordinal0 [0x0049AF31+1945393]
	Ordinal0 [0x0038C748+837448]
	Ordinal0 [0x0038F154+848212]
	Ordinal0 [0x0038F012+847890]
	Ordinal0 [0x0038F2A0+848544]
	Ordinal0 [0x003B8FF5+1019893]
	Ordinal0 [0x003B957B+1021307]
	Ordinal0 [0x003AFAE1+981729]
	Ordinal0 [0x003D42C4+1131204]
	Ordinal0 [0x003AFA64+981604]
	Ordinal0 [0x003D4494+1131668]
	Ordinal0 [0x003E4682+1197698]
	Ordinal0 [0x003D4096+1130646]
	Ordinal0 [0x003AE636+976438]
	Ordinal0 [0x003AF546+980294]
	GetHandleVerifier [0x00779612+2498066]
	GetHandleVerifier [0x0076C920+2445600]
	GetHandleVerifier [0x005A4F2A+579370]
	GetHandleVerifier [0x005A3D36+574774]
	Ordinal0 [0x004A1C0B+1973259]
	Ordinal0 [0x004A6688+1992328]
	Ordinal0 [0x004A6775+1992565]
	Ordinal0 [0x004AF8D1+2029777]
	BaseThreadInitThunk [0x76F1FA29+25]
	RtlGetAppContainerNamedObjectPath [0x77637A7E+286]
	RtlGetAppContainerNamedObjectPath [0x77637A4E+238]

Message: stale element reference: element is not attached to the page document
  (Session info: chrome=101.0.4951.54)
Stacktrace:
Backtrace:
	Ordinal0 [0x0050B8F3+2406643]
	Ordinal0 [0x0049AF31+1945393]
	Ordinal0 [0x0038C748+837448]
	Ordinal0 [0x0038F154+848212]
	Ordinal0 [0x0038F012+847890]
	Ordinal0 [0x0038F2A0+848544]
	Ordinal0 [0x003B8FF5+1019893]
	Ordinal0 [0x003B957B+1021307]
	Ordinal0 [0x003AFAE1+981729]
	Ordinal0 [0x003D42C4+1131204]
	Ordinal0 [0x003AFA64+981604]
	Ordinal0 [0x003D4494+1131668]
	Ordinal0 [0x003E4682+1197698]
	Ordinal0 [0x003D4096+1130646]
	Ordinal0 [0x003AE636+976438]
	Ordinal0 [0x003AF546+980294]
	GetHandleVerifier [0x00779612+2498066]
	GetHandleVerifier [0x0076C920+2445600]
	GetHandleVerifier [0x005A4F2A+579370]
	GetHandleVerifier [0x005A3D36+574774]
	Ordinal0 [0x004A1C0B+1973259]
	Ordinal0 [0x004A6688+1992328]
	Ordinal0 [0x004A6775+1992565]
	Ordinal0 [0x004AF8D1+2029777]
	BaseThreadInitThunk [0x76F1FA29+25]
	RtlGetAppContainerNamedObjectPath [0x77637A7E+286]
	RtlGetAppContainerNamedObjectPath [0x77637A4E+238]

Message: stale element reference: element is not attached to the page document
  (Session info: chrome=101.0.4951.54)
Stacktrace:
Backtrace:
	Ordinal0 [0x0050B8F3+2406643]
	Ordinal0 [0x0049AF31+1945393]
	Ordinal0 [0x0038C748+837448]
	Ordinal0 [0x0038F154+848212]
	Ordinal0 [0x0038F012+847890]
	Ordinal0 [0x0038F2A0+848544]
	Ordinal0 [0x003B8FF5+1019893]
	Ordinal0 [0x003B957B+1021307]
	Ordinal0 [0x003AFAE1+981729]
	Ordinal0 [0x003D42C4+1131204]
	Ordinal0 [0x003AFA64+981604]
	Ordinal0 [0x003D4494+1131668]
	Ordinal0 [0x003E4682+1197698]
	Ordinal0 [0x003D4096+1130646]
	Ordinal0 [0x003AE636+976438]
	Ordinal0 [0x003AF546+980294]
	GetHandleVerifier [0x00779612+2498066]
	GetHandleVerifier [0x0076C920+2445600]
	GetHandleVerifier [0x005A4F2A+579370]
	GetHandleVerifier [0x005A3D36+574774]
	Ordinal0 [0x004A1C0B+1973259]
	Ordinal0 [0x004A6688+1992328]
	Ordinal0 [0x004A6775+1992565]
	Ordinal0 [0x004AF8D1+2029777]
	BaseThreadInitThunk [0x76F1FA29+25]
	RtlGetAppContainerNamedObjectPath [0x77637A7E+286]
	RtlGetAppContainerNamedObjectPath [0x77637A4E+238]

Message: stale element reference: element is not attached to the page document
  (Session info: chrome=101.0.4951.54)
Stacktrace:
Backtrace:
	Ordinal0 [0x0050B8F3+2406643]
	Ordinal0 [0x0049AF31+1945393]
	Ordinal0 [0x0038C748+837448]
	Ordinal0 [0x0038F154+848212]
	Ordinal0 [0x0038F012+847890]
	Ordinal0 [0x0038F2A0+848544]
	Ordinal0 [0x003B8FF5+1019893]
	Ordinal0 [0x003B957B+1021307]
	Ordinal0 [0x003AFAE1+981729]
	Ordinal0 [0x003D42C4+1131204]
	Ordinal0 [0x003AFA64+981604]
	Ordinal0 [0x003D4494+1131668]
	Ordinal0 [0x003E4682+1197698]
	Ordinal0 [0x003D4096+1130646]
	Ordinal0 [0x003AE636+976438]
	Ordinal0 [0x003AF546+980294]
	GetHandleVerifier [0x00779612+2498066]
	GetHandleVerifier [0x0076C920+2445600]
	GetHandleVerifier [0x005A4F2A+579370]
	GetHandleVerifier [0x005A3D36+574774]
	Ordinal0 [0x004A1C0B+1973259]
	Ordinal0 [0x004A6688+1992328]
	Ordinal0 [0x004A6775+1992565]
	Ordinal0 [0x004AF8D1+2029777]
	BaseThreadInitThunk [0x76F1FA29+25]
	RtlGetAppContainerNamedObjectPath [0x77637A7E+286]
	RtlGetAppContainerNamedObjectPath [0x77637A4E+238]

Message: stale element reference: element is not attached to the page document
  (Session info: chrome=101.0.4951.54)
Stacktrace:
Backtrace:
	Ordinal0 [0x0050B8F3+2406643]
	Ordinal0 [0x0049AF31+1945393]
	Ordinal0 [0x0038C748+837448]
	Ordinal0 [0x0038F154+848212]
	Ordinal0 [0x0038F012+847890]
	Ordinal0 [0x0038F2A0+848544]
	Ordinal0 [0x003B8FF5+1019893]
	Ordinal0 [0x003B957B+1021307]
	Ordinal0 [0x003AFAE1+981729]
	Ordinal0 [0x003D42C4+1131204]
	Ordinal0 [0x003AFA64+981604]
	Ordinal0 [0x003D4494+1131668]
	Ordinal0 [0x003E4682+1197698]
	Ordinal0 [0x003D4096+1130646]
	Ordinal0 [0x003AE636+976438]
	Ordinal0 [0x003AF546+980294]
	GetHandleVerifier [0x00779612+2498066]
	GetHandleVerifier [0x0076C920+2445600]
	GetHandleVerifier [0x005A4F2A+579370]
	GetHandleVerifier [0x005A3D36+574774]
	Ordinal0 [0x004A1C0B+1973259]
	Ordinal0 [0x004A6688+1992328]
	Ordinal0 [0x004A6775+1992565]
	Ordinal0 [0x004AF8D1+2029777]
	BaseThreadInitThunk [0x76F1FA29+25]
	RtlGetAppContainerNamedObjectPath [0x77637A7E+286]
	RtlGetAppContainerNamedObjectPath [0x77637A4E+238]

Message: stale element reference: element is not attached to the page document
  (Session info: chrome=101.0.4951.54)
Stacktrace:
Backtrace:
	Ordinal0 [0x0050B8F3+2406643]
	Ordinal0 [0x0049AF31+1945393]
	Ordinal0 [0x0038C748+837448]
	Ordinal0 [0x0038F154+848212]
	Ordinal0 [0x0038F012+847890]
	Ordinal0 [0x0038F2A0+848544]
	Ordinal0 [0x003B8FF5+1019893]
	Ordinal0 [0x003B957B+1021307]
	Ordinal0 [0x003AFAE1+981729]
	Ordinal0 [0x003D42C4+1131204]
	Ordinal0 [0x003AFA64+981604]
	Ordinal0 [0x003D4494+1131668]
	Ordinal0 [0x003E4682+1197698]
	Ordinal0 [0x003D4096+1130646]
	Ordinal0 [0x003AE636+976438]
	Ordinal0 [0x003AF546+980294]
	GetHandleVerifier [0x00779612+2498066]
	GetHandleVerifier [0x0076C920+2445600]
	GetHandleVerifier [0x005A4F2A+579370]
	GetHandleVerifier [0x005A3D36+574774]
	Ordinal0 [0x004A1C0B+1973259]
	Ordinal0 [0x004A6688+1992328]
	Ordinal0 [0x004A6775+1992565]
	Ordinal0 [0x004AF8D1+2029777]
	BaseThreadInitThunk [0x76F1FA29+25]
	RtlGetAppContainerNamedObjectPath [0x77637A7E+286]
	RtlGetAppContainerNamedObjectPath [0x77637A4E+238]

Message: stale element reference: element is not attached to the page document
  (Session info: chrome=101.0.4951.54)
Stacktrace:
Backtrace:
	Ordinal0 [0x0050B8F3+2406643]
	Ordinal0 [0x0049AF31+1945393]
	Ordinal0 [0x0038C748+837448]
	Ordinal0 [0x0038F154+848212]
	Ordinal0 [0x0038F012+847890]
	Ordinal0 [0x0038F2A0+848544]
	Ordinal0 [0x003B8FF5+1019893]
	Ordinal0 [0x003B957B+1021307]
	Ordinal0 [0x003AFAE1+981729]
	Ordinal0 [0x003D42C4+1131204]
	Ordinal0 [0x003AFA64+981604]
	Ordinal0 [0x003D4494+1131668]
	Ordinal0 [0x003E4682+1197698]
	Ordinal0 [0x003D4096+1130646]
	Ordinal0 [0x003AE636+976438]
	Ordinal0 [0x003AF546+980294]
	GetHandleVerifier [0x00779612+2498066]
	GetHandleVerifier [0x0076C920+2445600]
	GetHandleVerifier [0x005A4F2A+579370]
	GetHandleVerifier [0x005A3D36+574774]
	Ordinal0 [0x004A1C0B+1973259]
	Ordinal0 [0x004A6688+1992328]
	Ordinal0 [0x004A6775+1992565]
	Ordinal0 [0x004AF8D1+2029777]
	BaseThreadInitThunk [0x76F1FA29+25]
	RtlGetAppContainerNamedObjectPath [0x77637A7E+286]
	RtlGetAppContainerNamedObjectPath [0x77637A4E+238]

Message: stale element reference: element is not attached to the page document
  (Session info: chrome=101.0.4951.54)
Stacktrace:
Backtrace:
	Ordinal0 [0x0050B8F3+2406643]
	Ordinal0 [0x0049AF31+1945393]
	Ordinal0 [0x0038C748+837448]
	Ordinal0 [0x0038F154+848212]
	Ordinal0 [0x0038F012+847890]
	Ordinal0 [0x0038F2A0+848544]
	Ordinal0 [0x003B8FF5+1019893]
	Ordinal0 [0x003B957B+1021307]
	Ordinal0 [0x003AFAE1+981729]
	Ordinal0 [0x003D42C4+1131204]
	Ordinal0 [0x003AFA64+981604]
	Ordinal0 [0x003D4494+1131668]
	Ordinal0 [0x003E4682+1197698]
	Ordinal0 [0x003D4096+1130646]
	Ordinal0 [0x003AE636+976438]
	Ordinal0 [0x003AF546+980294]
	GetHandleVerifier [0x00779612+2498066]
	GetHandleVerifier [0x0076C920+2445600]
	GetHandleVerifier [0x005A4F2A+579370]
	GetHandleVerifier [0x005A3D36+574774]
	Ordinal0 [0x004A1C0B+1973259]
	Ordinal0 [0x004A6688+1992328]
	Ordinal0 [0x004A6775+1992565]
	Ordinal0 [0x004AF8D1+2029777]
	BaseThreadInitThunk [0x76F1FA29+25]
	RtlGetAppContainerNamedObjectPath [0x77637A7E+286]
	RtlGetAppContainerNamedObjectPath [0x77637A4E+238]

Message: stale element reference: element is not attached to the page document
  (Session info: chrome=101.0.4951.54)
Stacktrace:
Backtrace:
	Ordinal0 [0x0050B8F3+2406643]
	Ordinal0 [0x0049AF31+1945393]
	Ordinal0 [0x0038C748+837448]
	Ordinal0 [0x0038F154+848212]
	Ordinal0 [0x0038F012+847890]
	Ordinal0 [0x0038F2A0+848544]
	Ordinal0 [0x003B8FF5+1019893]
	Ordinal0 [0x003B957B+1021307]
	Ordinal0 [0x003AFAE1+981729]
	Ordinal0 [0x003D42C4+1131204]
	Ordinal0 [0x003AFA64+981604]
	Ordinal0 [0x003D4494+1131668]
	Ordinal0 [0x003E4682+1197698]
	Ordinal0 [0x003D4096+1130646]
	Ordinal0 [0x003AE636+976438]
	Ordinal0 [0x003AF546+980294]
	GetHandleVerifier [0x00779612+2498066]
	GetHandleVerifier [0x0076C920+2445600]
	GetHandleVerifier [0x005A4F2A+579370]
	GetHandleVerifier [0x005A3D36+574774]
	Ordinal0 [0x004A1C0B+1973259]
	Ordinal0 [0x004A6688+1992328]
	Ordinal0 [0x004A6775+1992565]
	Ordinal0 [0x004AF8D1+2029777]
	BaseThreadInitThunk [0x76F1FA29+25]
	RtlGetAppContainerNamedObjectPath [0x77637A7E+286]
	RtlGetAppContainerNamedObjectPath [0x77637A4E+238]

Message: stale element reference: element is not attached to the page document
  (Session info: chrome=101.0.4951.54)
Stacktrace:
Backtrace:
	Ordinal0 [0x0050B8F3+2406643]
	Ordinal0 [0x0049AF31+1945393]
	Ordinal0 [0x0038C748+837448]
	Ordinal0 [0x0038F154+848212]
	Ordinal0 [0x0038F012+847890]
	Ordinal0 [0x0038F2A0+848544]
	Ordinal0 [0x003B8FF5+1019893]
	Ordinal0 [0x003B957B+1021307]
	Ordinal0 [0x003AFAE1+981729]
	Ordinal0 [0x003D42C4+1131204]
	Ordinal0 [0x003AFA64+981604]
	Ordinal0 [0x003D4494+1131668]
	Ordinal0 [0x003E4682+1197698]
	Ordinal0 [0x003D4096+1130646]
	Ordinal0 [0x003AE636+976438]
	Ordinal0 [0x003AF546+980294]
	GetHandleVerifier [0x00779612+2498066]
	GetHandleVerifier [0x0076C920+2445600]
	GetHandleVerifier [0x005A4F2A+579370]
	GetHandleVerifier [0x005A3D36+574774]
	Ordinal0 [0x004A1C0B+1973259]
	Ordinal0 [0x004A6688+1992328]
	Ordinal0 [0x004A6775+1992565]
	Ordinal0 [0x004AF8D1+2029777]
	BaseThreadInitThunk [0x76F1FA29+25]
	RtlGetAppContainerNamedObjectPath [0x77637A7E+286]
	RtlGetAppContainerNamedObjectPath [0x77637A4E+238]

Message: stale element reference: element is not attached to the page document
  (Session info: chrome=101.0.4951.54)
Stacktrace:
Backtrace:
	Ordinal0 [0x0050B8F3+2406643]
	Ordinal0 [0x0049AF31+1945393]
	Ordinal0 [0x0038C748+837448]
	Ordinal0 [0x0038F154+848212]
	Ordinal0 [0x0038F012+847890]
	Ordinal0 [0x0038F2A0+848544]
	Ordinal0 [0x003B8FF5+1019893]
	Ordinal0 [0x003B957B+1021307]
	Ordinal0 [0x003AFAE1+981729]
	Ordinal0 [0x003D42C4+1131204]
	Ordinal0 [0x003AFA64+981604]
	Ordinal0 [0x003D4494+1131668]
	Ordinal0 [0x003E4682+1197698]
	Ordinal0 [0x003D4096+1130646]
	Ordinal0 [0x003AE636+976438]
	Ordinal0 [0x003AF546+980294]
	GetHandleVerifier [0x00779612+2498066]
	GetHandleVerifier [0x0076C920+2445600]
	GetHandleVerifier [0x005A4F2A+579370]
	GetHandleVerifier [0x005A3D36+574774]
	Ordinal0 [0x004A1C0B+1973259]
	Ordinal0 [0x004A6688+1992328]
	Ordinal0 [0x004A6775+1992565]
	Ordinal0 [0x004AF8D1+2029777]
	BaseThreadInitThunk [0x76F1FA29+25]
	RtlGetAppContainerNamedObjectPath [0x77637A7E+286]
	RtlGetAppContainerNamedObjectPath [0x77637A4E+238]

<br/></div></td></tr></tbody></table></body></html>